BLOCK00/SES002/SA002S12	SES002	1.57212	-59.9793	-61.5515
BLOCK00/SES002/SA002S13	SES002	1.72387	-60.9789	-62.7028
BLOCK00/SES002/SA002S23	SES002	1.39776	-60.615	-62.0128
BLOCK00/SES002/SA002S26	SES002	1.95558	-59.9538	-61.9094
BLOCK00/SES002/SA002S28	SES002	1.40231	-61.7762	-63.1786
BLOCK00/SES007/SA007S14	SES007	1.29676	-61.0669	-62.3637
BLOCK00/SES007/SA007S15	SES007	0.876774	-62.486	-63.3627
BLOCK00/SES007/SA007S24	SES007	0.898621	-62.2228	-63.1214
BLOCK00/SES007/SA007S27	SES007	0.578606	-62.4858	-63.0644
BLOCK00/SES007/SA007S29	SES007	0.547909	-61.6381	-62.186
BLOCK00/SES008/SA008S11	SES008	1.0708	-62.4184	-63.4892
BLOCK00/SES008/SA008S12	SES008	1.10973	-61.7731	-62.8828
BLOCK00/SES008/SA008S19	SES008	1.47393	-61.473	-62.9469
BLOCK00/SES008/SA008S22	SES008	1.16627	-62.4451	-63.6114
BLOCK00/SES008/SA008S29	SES008	1.29275	-61.2642	-62.5569
BLOCK01/SES014/SA014S10	SES014	1.51675	-61.5907	-63.1074
BLOCK01/SES014/SA014S12	SES014	2.28508	-58.7992	-61.0843
BLOCK01/SES014/SA014S24	SES014	1.65779	-60.2814	-61.9392
BLOCK01/SES014/SA014S26	SES014	2.29084	-58.3179	-60.6087
BLOCK01/SES014/SA014S28	SES014	2.64094	-59.1458	-61.7867
BLOCK01/SES016/SA016S12	SES016	0.676666	-64.7202	-65.3968
BLOCK01/SES016/SA016S13	SES016	1.15617	-63.2817	-64.4378
BLOCK01/SES016/SA016S22	SES016	0.826607	-63.6004	-64.4271
BLOCK01/SES016/SA016S25	SES016	0.851921	-61.5671	-62.419
BLOCK01/SES016/SA016S27	SES016	1.53228	-60.7418	-62.2741
BLOCK01/SES019/SA019S13	SES019	2.09713	-61.746	-63.8431
BLOCK01/SES019/SA019S14	SES019	1.51773	-61.4886	-63.0064
BLOCK01/SES019/SA019S22	SES019	1.68422	-61.4629	-63.1471
BLOCK01/SES019/SA019S25	SES019	1.5902	-61.8493	-63.4395
BLOCK01/SES019/SA019S29	SES019	2.7003	-61.2856	-63.9859
BLOCK02/SES029/SA029S11	SES029	0.708065	-62.4447	-63.1527
BLOCK02/SES029/SA029S12	SES029	0.472443	-62.1393	-62.6117
BLOCK02/SES029/SA029S20	SES029	0.737301	-63.2529	-63.9902
BLOCK02/SES029/SA029S25	SES029	0.835087	-62.2583	-63.0934
BLOCK02/SES029/SA029S28	SES029	0.811234	-62.3655	-63.1768
BLOCK04/SES042/SA042S12	SES042	2.13194	-59.6112	-61.7432
BLOCK04/SES042/SA042S15	SES042	1.62149	-60.2426	-61.8641
BLOCK04/SES042/SA042S22	SES042	2.94375	-57.7754	-60.7192
BLOCK04/SES042/SA042S25	SES042	1.75444	-60.4367	-62.1912
BLOCK04/SES042/SA042S27	SES042	2.20761	-58.5534	-60.761
BLOCK04/SES048/SA048S11	SES048	1.32174	-60.6007	-61.9224
BLOCK04/SES048/SA048S12	SES048	1.01321	-61.2165	-62.2297
BLOCK04/SES048/SA048S20	SES048	0.576126	-61.2836	-61.8597
BLOCK04/SES048/SA048S23	SES048	1.48369	-61.3673	-62.851
BLOCK04/SES048/SA048S27	SES048	1.45178	-60.2731	-61.7249
BLOCK06/SES060/SA060S11	SES060	1.06483	-62.5637	-63.6285
BLOCK06/SES060/SA060S12	SES060	0.187126	-64.4983	-64.6854
BLOCK06/SES060/SA060S22	SES060	0.300774	-63.9747	-64.2755
BLOCK06/SES060/SA060S24	SES060	0.565601	-62.0267	-62.5923
BLOCK06/SES060/SA060S28	SES060	1.02737	-60.0644	-61.0918
BLOCK06/SES062/SA062S10	SES062	1.17743	-61.6771	-62.8545
BLOCK06/SES062/SA062S11	SES062	1.45727	-62.3146	-63.7718
BLOCK06/SES062/SA062S21	SES062	2.16801	-58.825	-60.9931
BLOCK06/SES062/SA062S26	SES062	1.24456	-61.1706	-62.4152
BLOCK06/SES062/SA062S29	SES062	1.2803	-60.6918	-61.9721
BLOCK06/SES068/SA068S14	SES068	1.08709	-62.1988	-63.2859
BLOCK06/SES068/SA068S15	SES068	1.06858	-61.1991	-62.2677
BLOCK06/SES068/SA068S23	SES068	0.694397	-62.6083	-63.3027
BLOCK06/SES068/SA068S27	SES068	2.09438	-61.1319	-63.2262
BLOCK06/SES068/SA068S29	SES068	1.15274	-61.2914	-62.4441
BLOCK08/SES082/SA082S12	SES082	1.15054	-61.4894	-62.64
BLOCK08/SES082/SA082S14	SES082	0.891823	-62.4195	-63.3114
BLOCK08/SES082/SA082S21	SES082	1.42129	-61.6364	-63.0577
BLOCK08/SES082/SA082S24	SES082	1.49245	-60.8282	-62.3207
BLOCK08/SES082/SA082S28	SES082	1.21929	-61.83	-63.0493
BLOCK08/SES083/SA083S14	SES083	-0.0697327	-63.1805	-63.1108
BLOCK08/SES083/SA083S15	SES083	0.4655	-62.471	-62.9365
BLOCK08/SES083/SA083S24	SES083	0.292702	-62.7575	-63.0502
BLOCK08/SES083/SA083S26	SES083	0.26453	-62.6125	-62.877
BLOCK08/SES083/SA083S29	SES083	0.383171	-62.4007	-62.7838
BLOCK08/SES085/SA085S10	SES085	0.428135	-62.3597	-62.7879
BLOCK08/SES085/SA085S13	SES085	0.581589	-63.5456	-64.1272
BLOCK08/SES085/SA085S22	SES085	-0.248955	-64.2663	-64.0174
BLOCK08/SES085/SA085S26	SES085	0.514462	-63.1616	-63.676
BLOCK08/SES085/SA085S28	SES085	0.744713	-62.2067	-62.9514
BLOCK08/SES087/SA087S15	SES087	1.49029	-61.0462	-62.5365
BLOCK08/SES087/SA087S16	SES087	1.47776	-61.2703	-62.7481
BLOCK08/SES087/SA087S24	SES087	1.52659	-60.4475	-61.9741
BLOCK08/SES087/SA087S26	SES087	1.42938	-60.0818	-61.5112
BLOCK08/SES087/SA087S29	SES087	1.48044	-60.974	-62.4545
BLOCK09/SES099/SA099S15	SES099	1.69328	-61.6816	-63.3748
BLOCK09/SES099/SA099S16	SES099	1.48773	-61.6281	-63.1158
BLOCK09/SES099/SA099S24	SES099	1.58815	-61.4191	-63.0073
BLOCK09/SES099/SA099S26	SES099	1.82007	-60.8617	-62.6818
BLOCK09/SES099/SA099S29	SES099	1.87681	-61.1822	-63.059
BLOCK10/SES101/SA101S11	SES101	0.707088	-61.6999	-62.407
BLOCK10/SES101/SA101S13	SES101	0.696381	-61.3255	-62.0219
BLOCK10/SES101/SA101S22	SES101	1.19646	-62.8301	-64.0266
BLOCK10/SES101/SA101S24	SES101	0.743263	-61.8729	-62.6162
BLOCK10/SES101/SA101S28	SES101	0.193047	-64.109	-64.302
BLOCK10/SES104/SA104S11	SES104	1.76577	-59.9092	-61.675
BLOCK10/SES104/SA104S12	SES104	1.81951	-60.5501	-62.3696
BLOCK10/SES104/SA104S21	SES104	1.71481	-60.6611	-62.3759
BLOCK10/SES104/SA104S24	SES104	1.79268	-60.5486	-62.3413
BLOCK10/SES104/SA104S28	SES104	2.31537	-59.8551	-62.1705
BLOCK10/SES105/SA105S12	SES105	0.960773	-62.7574	-63.7182
BLOCK10/SES105/SA105S13	SES105	0.514595	-62.6349	-63.1495
BLOCK10/SES105/SA105S22	SES105	0.453556	-63.0961	-63.5497
BLOCK10/SES105/SA105S26	SES105	0.729294	-62.9181	-63.6474
BLOCK10/SES105/SA105S29	SES105	0.489902	-62.9514	-63.4413
BLOCK10/SES106/SA106S09	SES106	1.53413	-61.7404	-63.2745
BLOCK10/SES106/SA106S11	SES106	1.52206	-60.4357	-61.9577
BLOCK10/SES106/SA106S22	SES106	2.74552	-60.9274	-63.673
BLOCK10/SES106/SA106S27	SES106	1.86195	-61.2227	-63.0847
BLOCK10/SES106/SA106S29	SES106	0.851402	-61.3178	-62.1692
BLOCK11/SES117/SA117S12	SES117	0.766479	-63.548	-64.3145
BLOCK11/SES117/SA117S13	SES117	0.423775	-63.1728	-63.5966
BLOCK11/SES117/SA117S23	SES117	2.21554	-64.4429	-66.6584
BLOCK11/SES117/SA117S25	SES117	1.23624	-63.2671	-64.5033
BLOCK11/SES117/SA117S28	SES117	1.8484	-64.1856	-66.034
BLOCK12/SES120/SA120S08	SES120	0.601162	-63.4593	-64.0605
BLOCK12/SES120/SA120S11	SES120	0.720894	-64.2196	-64.9405
BLOCK12/SES120/SA120S22	SES120	0.548866	-62.0966	-62.6455
BLOCK12/SES120/SA120S24	SES120	0.709591	-62.5802	-63.2898
BLOCK12/SES120/SA120S28	SES120	0.969749	-63.8043	-64.7741
BLOCK12/SES125/SA125S13	SES125	2.0399	-60.2184	-62.2583
BLOCK12/SES125/SA125S14	SES125	1.49783	-60.953	-62.4508
BLOCK12/SES125/SA125S25	SES125	2.29637	-60.318	-62.6143
BLOCK12/SES125/SA125S27	SES125	2.3624	-59.2587	-61.6211
BLOCK12/SES125/SA125S29	SES125	1.99557	-60.5985	-62.5941
BLOCK12/SES127/SA127S11	SES127	1.45022	-61.966	-63.4162
BLOCK12/SES127/SA127S12	SES127	0.546223	-62.2881	-62.8343
BLOCK12/SES127/SA127S23	SES127	0.77401	-62.2125	-62.9865
BLOCK12/SES127/SA127S25	SES127	0.504604	-62.4682	-62.9728
BLOCK12/SES127/SA127S27	SES127	1.26324	-62.08	-63.3433
BLOCK12/SES129/SA129S11	SES129	1.30298	-61.2818	-62.5847
BLOCK12/SES129/SA129S12	SES129	1.94372	-60.4796	-62.4234
BLOCK12/SES129/SA129S22	SES129	1.56046	-61.1138	-62.6743
BLOCK12/SES129/SA129S27	SES129	1.67437	-60.8564	-62.5308
BLOCK12/SES129/SA129S29	SES129	1.94733	-60.7051	-62.6525
BLOCK14/SES142/SA142S11	SES142	2.04035	-62.9481	-64.9885
BLOCK14/SES142/SA142S12	SES142	1.85897	-63.9616	-65.8206
BLOCK14/SES142/SA142S24	SES142	2.92898	-62.298	-65.227
BLOCK14/SES142/SA142S27	SES142	2.51344	-62.1757	-64.6891
BLOCK14/SES142/SA142S29	SES142	2.45215	-62.1834	-64.6355
BLOCK14/SES143/SA143S12	SES143	0.769611	-63.4814	-64.251
BLOCK14/SES143/SA143S13	SES143	0.836426	-63.222	-64.0584
BLOCK14/SES143/SA143S23	SES143	1.09668	-63.5481	-64.6448
BLOCK14/SES143/SA143S25	SES143	0.888088	-63.7719	-64.66
BLOCK14/SES143/SA143S28	SES143	0.837238	-62.7929	-63.6302
BLOCK14/SES144/SA144S09	SES144	0.888042	-62.1389	-63.0269
BLOCK14/SES144/SA144S11	SES144	1.04939	-63.2392	-64.2886
BLOCK14/SES144/SA144S21	SES144	0.287266	-63.2555	-63.5428
BLOCK14/SES144/SA144S25	SES144	0.577843	-63.2504	-63.8283
BLOCK14/SES144/SA144S29	SES144	0.0205956	-62.9904	-63.011
BLOCK14/SES146/SA146S14	SES146	0.931034	-62.882	-63.813
BLOCK14/SES146/SA146S15	SES146	0.353764	-63.2116	-63.5654
BLOCK14/SES146/SA146S24	SES146	0.923344	-62.7814	-63.7047
BLOCK14/SES146/SA146S26	SES146	1.05972	-63.1676	-64.2273
BLOCK14/SES146/SA146S29	SES146	0.998951	-63.3249	-64.3238
BLOCK14/SES147/SA147S11	SES147	1.12093	-63.6864	-64.8073
BLOCK14/SES147/SA147S13	SES147	1.31793	-62.3039	-63.6218
BLOCK14/SES147/SA147S23	SES147	1.86532	-63.0745	-64.9399
BLOCK14/SES147/SA147S26	SES147	1.11108	-62.9761	-64.0872
BLOCK14/SES147/SA147S28	SES147	1.57212	-61.7961	-63.3683
BLOCK14/SES148/SA148S10	SES148	0.836349	-61.7308	-62.5672
BLOCK14/SES148/SA148S12	SES148	0.422428	-62.9723	-63.3947
BLOCK14/SES148/SA148S22	SES148	1.05777	-61.4185	-62.4763
BLOCK14/SES148/SA148S26	SES148	0.931118	-62.3615	-63.2926
BLOCK14/SES148/SA148S29	SES148	0.659519	-62.4694	-63.1289
BLOCK14/SES149/SA149S13	SES149	0.722481	-61.3243	-62.0468
BLOCK14/SES149/SA149S14	SES149	0.765709	-61.1866	-61.9523
BLOCK14/SES149/SA149S24	SES149	1.56145	-61.0165	-62.5779
BLOCK14/SES149/SA149S26	SES149	1.92599	-60.497	-62.423
BLOCK14/SES149/SA149S28	SES149	2.22507	-59.7736	-61.9986
BLOCK15/SES158/SA158S13	SES158	1.0805	-61.8733	-62.9538
BLOCK15/SES158/SA158S14	SES158	1.61137	-61.8487	-63.46
BLOCK15/SES158/SA158S23	SES158	1.32999	-61.471	-62.801
BLOCK15/SES158/SA158S26	SES158	2.23122	-61.3693	-63.6005
BLOCK15/SES158/SA158S28	SES158	0.741489	-62.2985	-63.04
BLOCK16/SES162/SA162S10	SES162	0.993984	-63.4398	-64.4338
BLOCK16/SES162/SA162S11	SES162	0.850914	-62.6945	-63.5454
BLOCK16/SES162/SA162S21	SES162	1.30825	-62.8396	-64.1479
BLOCK16/SES162/SA162S24	SES162	1.43717	-62.583	-64.0202
BLOCK16/SES162/SA162S27	SES162	1.60183	-63.1258	-64.7276
BLOCK16/SES167/SA167S14	SES167	1.14454	-61.6429	-62.7875
BLOCK16/SES167/SA167S15	SES167	1.38244	-63.1636	-64.546
BLOCK16/SES167/SA167S21	SES167	1.36065	-61.9366	-63.2972
BLOCK16/SES167/SA167S25	SES167	1.93641	-62.2127	-64.1491
BLOCK16/SES167/SA167S29	SES167	2.28295	-60.9822	-63.2651
BLOCK17/SES172/SA172S12	SES172	1.20092	-62.9354	-64.1363
BLOCK17/SES172/SA172S13	SES172	1.3376	-63.5113	-64.8489
BLOCK17/SES172/SA172S23	SES172	0.617947	-62.3268	-62.9448
BLOCK17/SES172/SA172S27	SES172	1.22386	-62.3517	-63.5756
BLOCK17/SES172/SA172S29	SES172	1.25306	-62.8589	-64.1119
BLOCK17/SES175/SA175S11	SES175	1.35247	-62.6003	-63.9528
BLOCK17/SES175/SA175S13	SES175	0.788956	-62.2289	-63.0179
BLOCK17/SES175/SA175S23	SES175	1.72809	-62.3148	-64.0429
BLOCK17/SES175/SA175S25	SES175	0.882915	-63.9095	-64.7924
BLOCK17/SES175/SA175S28	SES175	1.03311	-62.3791	-63.4122
BLOCK17/SES177/SA177S15	SES177	0.729881	-62.5742	-63.3041
BLOCK17/SES177/SA177S17	SES177	0.671982	-62.4006	-63.0725
BLOCK17/SES177/SA177S23	SES177	0.601131	-62.9621	-63.5632
BLOCK17/SES177/SA177S26	SES177	0.891029	-60.9329	-61.8239
BLOCK17/SES177/SA177S28	SES177	0.939201	-61.695	-62.6342
BLOCK18/SES180/SA180S13	SES180	0.863747	-62.919	-63.7828
BLOCK18/SES180/SA180S15	SES180	0.698288	-63.0588	-63.757
BLOCK18/SES180/SA180S24	SES180	0.648052	-62.2559	-62.9039
BLOCK18/SES180/SA180S26	SES180	0.675381	-62.4062	-63.0815
BLOCK18/SES180/SA180S29	SES180	1.17912	-63.0497	-64.2288
BLOCK18/SES183/SA183S13	SES183	0.682991	-63.3532	-64.0362
BLOCK18/SES183/SA183S14	SES183	0.590866	-62.9204	-63.5112
BLOCK18/SES183/SA183S24	SES183	1.08421	-63.5806	-64.6648
BLOCK18/SES183/SA183S27	SES183	1.06857	-62.4652	-63.5338
BLOCK18/SES183/SA183S29	SES183	1.0963	-62.1229	-63.2192
BLOCK18/SES187/SA187S13	SES187	1.0564	-63.9369	-64.9933
BLOCK18/SES187/SA187S14	SES187	1.43081	-63.34	-64.7708
BLOCK18/SES187/SA187S24	SES187	1.58564	-63.1824	-64.7681
BLOCK18/SES187/SA187S27	SES187	0.967632	-63.1774	-64.145
BLOCK18/SES187/SA187S29	SES187	1.26097	-63.2267	-64.4876
BLOCK18/SES189/SA189S10	SES189	3.11769	-65.5658	-68.6835
BLOCK18/SES189/SA189S13	SES189	3.84591	-65.8171	-69.663
BLOCK18/SES189/SA189S24	SES189	3.97282	-65.5197	-69.4925
BLOCK18/SES189/SA189S26	SES189	2.57783	-64.3092	-66.887
BLOCK18/SES189/SA189S29	SES189	3.36256	-64.1978	-67.5603
BLOCK20/SES202/SA202S12	SES202	2.29218	-62.7213	-65.0135
BLOCK20/SES202/SA202S14	SES202	2.73872	-62.0305	-64.7692
BLOCK20/SES202/SA202S24	SES202	1.64114	-62.754	-64.3951
BLOCK20/SES202/SA202S27	SES202	2.09846	-61.4864	-63.5848
BLOCK20/SES202/SA202S29	SES202	2.29834	-61.7044	-64.0027
BLOCK20/SES206/SA206S15	SES206	0.371735	-61.1843	-61.556
BLOCK20/SES206/SA206S17	SES206	1.65454	-59.6826	-61.3372
BLOCK20/SES206/SA206S24	SES206	1.47707	-59.7043	-61.1814
BLOCK20/SES206/SA206S27	SES206	1.41926	-60.487	-61.9062
BLOCK20/SES206/SA206S29	SES206	0.873943	-59.621	-60.495
BLOCK22/SES226/SA226S12	SES226	1.60687	-61.5464	-63.1533
BLOCK22/SES226/SA226S13	SES226	0.346085	-61.9468	-62.2929
BLOCK22/SES226/SA226S20	SES226	1.13624	-61.7912	-62.9274
BLOCK22/SES226/SA226S23	SES226	1.19152	-61.4372	-62.6287
BLOCK22/SES226/SA226S28	SES226	1.50409	-60.9646	-62.4687
BLOCK25/SES259/SA259S13	SES259	2.22379	-60.4882	-62.712
BLOCK25/SES259/SA259S14	SES259	1.43895	-60.6573	-62.0962
BLOCK25/SES259/SA259S22	SES259	1.28318	-60.6825	-61.9657
BLOCK25/SES259/SA259S24	SES259	1.87338	-59.1574	-61.0307
BLOCK25/SES259/SA259S28	SES259	1.48144	-60.7686	-62.25
BLOCK27/SES270/SA270S14	SES270	1.84462	-62.1186	-63.9632
BLOCK27/SES270/SA270S16	SES270	1.13391	-62.1544	-63.2883
BLOCK27/SES270/SA270S22	SES270	1.7431	-62.0537	-63.7968
BLOCK27/SES270/SA270S26	SES270	1.78647	-62.3661	-64.1526
BLOCK27/SES270/SA270S28	SES270	1.30692	-61.7247	-63.0316
BLOCK27/SES275/SA275S17	SES275	1.14779	-62.5721	-63.7199
BLOCK27/SES275/SA275S18	SES275	0.784397	-63.2297	-64.0141
BLOCK27/SES275/SA275S24	SES275	0.897949	-63.285	-64.183
BLOCK27/SES275/SA275S26	SES275	1.04806	-62.3185	-63.3665
BLOCK27/SES275/SA275S28	SES275	0.765007	-62.2914	-63.0564
BLOCK29/SES292/SA292S10	SES292	-0.02034	-63.381	-63.3606
BLOCK29/SES292/SA292S12	SES292	0.528957	-63.8609	-64.3898
BLOCK29/SES292/SA292S22	SES292	0.547264	-62.6141	-63.1614
BLOCK29/SES292/SA292S24	SES292	0.316212	-62.6766	-62.9929
BLOCK29/SES292/SA292S27	SES292	0.337868	-62.3435	-62.6814
BLOCK00/SES001/SA001S14	SES062	-0.468925	-63.9896	-63.5207
BLOCK00/SES001/SA001S14	SES082	-0.425354	-63.9461	-63.5207
BLOCK00/SES001/SA001S14	SES106	-1.19578	-64.7165	-63.5207
BLOCK00/SES001/SA001S14	SES206	-0.904648	-64.4254	-63.5207
BLOCK00/SES001/SA001S15	SES062	-0.742462	-63.3414	-62.5989
BLOCK00/SES001/SA001S15	SES104	-1.08831	-63.6872	-62.5989
BLOCK00/SES001/SA001S15	SES106	-0.829334	-63.4283	-62.5989
BLOCK00/SES001/SA001S15	SES206	-0.833485	-63.4324	-62.5989
BLOCK00/SES001/SA001S24	SES062	-1.18708	-65.0606	-63.8736
BLOCK00/SES001/SA001S24	SES082	-0.372551	-64.2461	-63.8736
BLOCK00/SES001/SA001S24	SES087	-0.963142	-64.8367	-63.8736
BLOCK00/SES001/SA001S24	SES206	-1.01269	-64.8863	-63.8736
BLOCK00/SES001/SA001S27	SES062	-1.12973	-63.0772	-61.9475
BLOCK00/SES001/SA001S27	SES082	-0.784729	-62.7323	-61.9475
BLOCK00/SES001/SA001S27	SES087	-1.06157	-63.0091	-61.9475
BLOCK00/SES001/SA001S27	SES206	-1.21106	-63.1586	-61.9475
BLOCK00/SES001/SA001S29	SES062	-0.730034	-64.5071	-63.7771
BLOCK00/SES001/SA001S29	SES082	-0.271492	-64.0486	-63.7771
BLOCK00/SES001/SA001S29	SES158	-0.000431061	-63.7775	-63.7771
BLOCK00/SES001/SA001S29	SES206	-1.59056	-65.3676	-63.7771
BLOCK00/SES003/SA003S11	SES002	0.428295	-62.4543	-62.8826
BLOCK00/SES003/SA003S11	SES019	-0.535759	-63.4183	-62.8826
BLOCK00/SES003/SA003S11	SES082	0.462002	-62.4206	-62.8826
BLOCK00/SES003/SA003S11	SES125	-0.250828	-63.1334	-62.8826
BLOCK00/SES003/SA003S15	SES016	-1.13609	-63.5156	-62.3795
BLOCK00/SES003/SA003S15	SES019	-0.39867	-62.7782	-62.3795
BLOCK00/SES003/SA003S15	SES062	-0.790413	-63.1699	-62.3795
BLOCK00/SES003/SA003S15	SES206	-0.279846	-62.6594	-62.3795
BLOCK00/SES003/SA003S22	SES002	-0.207287	-62.7081	-62.5008
BLOCK00/SES003/SA003S22	SES062	-0.305901	-62.8067	-62.5008
BLOCK00/SES003/SA003S22	SES082	-0.113842	-62.6146	-62.5008
BLOCK00/SES003/SA003S22	SES087	-0.56321	-63.064	-62.5008
BLOCK00/SES003/SA003S25	SES062	-0.810326	-64.2813	-63.471
BLOCK00/SES003/SA003S25	SES082	0.788284	-62.6827	-63.471
BLOCK00/SES003/SA003S25	SES087	-0.790718	-64.2617	-63.471
BLOCK00/SES003/SA003S25	SES206	-0.368114	-63.8391	-63.471
BLOCK00/SES003/SA003S29	SES002	-0.390713	-62.9365	-62.5458
BLOCK00/SES003/SA003S29	SES062	-0.585732	-63.1315	-62.5458
BLOCK00/SES003/SA003S29	SES082	0.0899696	-62.4558	-62.5458
BLOCK00/SES003/SA003S29	SES087	-0.534573	-63.0804	-62.5458
BLOCK00/SES004/SA004S12	SES083	-0.505806	-65.1386	-64.6328
BLOCK00/SES004/SA004S12	SES148	-0.740181	-65.3729	-64.6328
BLOCK00/SES004/SA004S12	SES172	-0.552849	-65.1856	-64.6328
BLOCK00/SES004/SA004S12	SES292	-0.890221	-65.523	-64.6328
BLOCK00/SES004/SA004S17	SES083	-0.339188	-64.7522	-64.413
BLOCK00/SES004/SA004S17	SES162	0.00354004	-64.4095	-64.413
BLOCK00/SES004/SA004S17	SES172	-0.388931	-64.802	-64.413
BLOCK00/SES004/SA004S17	SES292	-0.360161	-64.7732	-64.413
BLOCK00/SES004/SA004S24	SES083	-0.407043	-64.4476	-64.0406
BLOCK00/SES004/SA004S24	SES148	-0.84111	-64.8817	-64.0406
BLOCK00/SES004/SA004S24	SES172	-0.27626	-64.3168	-64.0406
BLOCK00/SES004/SA004S24	SES292	-0.204987	-64.2456	-64.0406
BLOCK00/SES004/SA004S26	SES083	0.110031	-64.0207	-64.1308
BLOCK00/SES004/SA004S26	SES127	-0.0262222	-64.157	-64.1308
BLOCK00/SES004/SA004S26	SES148	-0.807251	-64.938	-64.1308
BLOCK00/SES004/SA004S26	SES292	-0.269409	-64.4002	-64.1308
BLOCK00/SES004/SA004S28	SES083	-0.302326	-63.9486	-63.6463
BLOCK00/SES004/SA004S28	SES127	-0.95945	-64.6057	-63.6463
BLOCK00/SES004/SA004S28	SES187	0.0900078	-63.5563	-63.6463
BLOCK00/SES004/SA004S28	SES292	-1.12814	-64.7744	-63.6463
BLOCK00/SES006/SA006S10	SES014	-0.777473	-65.1664	-64.3889
BLOCK00/SES006/SA006S10	SES158	0.10218	-64.2867	-64.3889
BLOCK00/SES006/SA006S10	SES226	-1.51635	-65.9053	-64.3889
BLOCK00/SES006/SA006S10	SES270	0.213585	-64.1753	-64.3889
BLOCK00/SES006/SA006S11	SES158	0.130081	-64.5118	-64.6419
BLOCK00/SES006/SA006S11	SES226	-1.14001	-65.7819	-64.6419
BLOCK00/SES006/SA006S11	SES270	0.351219	-64.2906	-64.6419
BLOCK00/SES006/SA006S11	SES275	-1.08261	-65.7245	-64.6419
BLOCK00/SES006/SA006S23	SES062	-1.14832	-64.0416	-62.8933
BLOCK00/SES006/SA006S23	SES105	-1.11779	-64.0111	-62.8933
BLOCK00/SES006/SA006S23	SES158	-0.0594978	-62.9528	-62.8933
BLOCK00/SES006/SA006S23	SES275	-0.635468	-63.5287	-62.8933
BLOCK00/SES006/SA006S26	SES104	-1.13847	-64.2983	-63.1599
BLOCK00/SES006/SA006S26	SES158	0.314407	-62.8455	-63.1599
BLOCK00/SES006/SA006S26	SES270	0.460754	-62.6991	-63.1599
BLOCK00/SES006/SA006S26	SES275	-1.16238	-64.3223	-63.1599
BLOCK00/SES006/SA006S28	SES007	-1.17256	-65.4382	-64.2656
BLOCK00/SES006/SA006S28	SES105	-1.01517	-65.2808	-64.2656
BLOCK00/SES006/SA006S28	SES158	-0.22393	-64.4896	-64.2656
BLOCK00/SES006/SA006S28	SES275	-1.20284	-65.4685	-64.2656
BLOCK00/SES009/SA009S12	SES083	-0.679302	-63.1654	-62.4861
BLOCK00/SES009/SA009S12	SES148	-0.509586	-62.9957	-62.4861
BLOCK00/SES009/SA009S12	SES177	-1.01531	-63.5014	-62.4861
BLOCK00/SES009/SA009S12	SES292	0.174046	-62.3121	-62.4861
BLOCK00/SES009/SA009S15	SES007	0.822029	-61.2142	-62.0363
BLOCK00/SES009/SA009S15	SES099	-1.45064	-63.4869	-62.0363
BLOCK00/SES009/SA009S15	SES148	-0.71143	-62.7477	-62.0363
BLOCK00/SES009/SA009S15	SES172	-0.511909	-62.5482	-62.0363
BLOCK00/SES009/SA009S24	SES146	-0.144337	-62.6923	-62.548
BLOCK00/SES009/SA009S24	SES148	-0.706635	-63.2546	-62.548
BLOCK00/SES009/SA009S24	SES177	-0.672741	-63.2207	-62.548
BLOCK00/SES009/SA009S24	SES292	0.00960159	-62.5384	-62.548
BLOCK00/SES009/SA009S26	SES083	-0.584831	-63.2405	-62.6557
BLOCK00/SES009/SA009S26	SES101	-0.176254	-62.8319	-62.6557
BLOCK00/SES009/SA009S26	SES120	-0.169216	-62.8249	-62.6557
BLOCK00/SES009/SA009S26	SES177	-0.881626	-63.5373	-62.6557
BLOCK00/SES009/SA009S29	SES083	-0.0558853	-62.3141	-62.2582
BLOCK00/SES009/SA009S29	SES101	0.0307045	-62.2275	-62.2582
BLOCK00/SES009/SA009S29	SES177	-0.689621	-62.9478	-62.2582
BLOCK00/SES009/SA009S29	SES292	0.220524	-62.0377	-62.2582
BLOCK01/SES011/SA011S10	SES019	-0.0198441	-62.5307	-62.5109
BLOCK01/SES011/SA011S10	SES042	0.892124	-61.6187	-62.5109
BLOCK01/SES011/SA011S10	SES082	-0.129559	-62.6404	-62.5109
BLOCK01/SES011/SA011S10	SES206	0.694035	-61.8168	-62.5109
BLOCK01/SES011/SA011S11	SES019	-0.531067	-64.0979	-63.5668
BLOCK01/SES011/SA011S11	SES042	0.0113907	-63.5554	-63.5668
BLOCK01/SES011/SA011S11	SES082	-0.373482	-63.9403	-63.5668
BLOCK01/SES011/SA011S11	SES206	0.244389	-63.3224	-63.5668
BLOCK01/SES011/SA011S22	SES019	-0.319225	-63.1142	-62.7949
BLOCK01/SES011/SA011S22	SES042	0.593662	-62.2013	-62.7949
BLOCK01/SES011/SA011S22	SES082	-0.081028	-62.876	-62.7949
BLOCK01/SES011/SA011S22	SES206	0.08144	-62.7135	-62.7949
BLOCK01/SES011/SA011S24	SES019	-0.574471	-62.7406	-62.1661
BLOCK01/SES011/SA011S24	SES042	0.507069	-61.6591	-62.1661
BLOCK01/SES011/SA011S24	SES104	-0.225658	-62.3918	-62.1661
BLOCK01/SES011/SA011S24	SES206	0.607792	-61.5583	-62.1661
BLOCK01/SES011/SA011S27	SES082	0.739113	-61.8562	-62.5953
BLOCK01/SES011/SA011S27	SES087	-0.456436	-63.0518	-62.5953
BLOCK01/SES011/SA011S27	SES125	0.417778	-62.1776	-62.5953
BLOCK01/SES011/SA011S27	SES206	0.308926	-62.2864	-62.5953
BLOCK01/SES012/SA012S11	SES007	-0.667404	-61.6333	-60.9659
BLOCK01/SES012/SA012S11	SES082	0.152561	-60.8134	-60.9659
BLOCK01/SES012/SA012S11	SES083	-0.993626	-61.9596	-60.9659
BLOCK01/SES012/SA012S11	SES206	0.178852	-60.7871	-60.9659
BLOCK01/SES012/SA012S14	SES082	0.0471535	-61.6669	-61.7141
BLOCK01/SES012/SA012S14	SES087	-0.0842094	-61.7983	-61.7141
BLOCK01/SES012/SA012S14	SES206	0.200935	-61.5131	-61.7141
BLOCK01/SES012/SA012S14	SES292	-1.11992	-62.834	-61.7141
BLOCK01/SES012/SA012S24	SES082	0.824085	-61.7852	-62.6093
BLOCK01/SES012/SA012S24	SES087	0.428238	-62.1811	-62.6093
BLOCK01/SES012/SA012S24	SES120	-0.739162	-63.3485	-62.6093
BLOCK01/SES012/SA012S24	SES206	0.621849	-61.9874	-62.6093
BLOCK01/SES012/SA012S26	SES019	-1.29244	-62.6459	-61.3535
BLOCK01/SES012/SA012S26	SES082	-0.19318	-61.5467	-61.3535
BLOCK01/SES012/SA012S26	SES206	0.594734	-60.7587	-61.3535
BLOCK01/SES012/SA012S26	SES292	-0.766209	-62.1197	-61.3535
BLOCK01/SES012/SA012S29	SES062	-0.658592	-62.3478	-61.6892
BLOCK01/SES012/SA012S29	SES082	0.208298	-61.4809	-61.6892
BLOCK01/SES012/SA012S29	SES083	-1.08165	-62.7709	-61.6892
BLOCK01/SES012/SA012S29	SES206	0.473701	-61.2155	-61.6892
BLOCK01/SES013/SA013S16	SES062	-1.41036	-63.9785	-62.5681
BLOCK01/SES013/SA013S16	SES106	-0.0575676	-62.6257	-62.5681
BLOCK01/SES013/SA013S16	SES206	-0.0478096	-62.6159	-62.5681
BLOCK01/SES013/SA013S16	SES226	0.199612	-62.3685	-62.5681
BLOCK01/SES013/SA013S17	SES062	-1.16038	-62.7984	-61.638
BLOCK01/SES013/SA013S17	SES106	-0.0473938	-61.6854	-61.638
BLOCK01/SES013/SA013S17	SES206	0.55201	-61.086	-61.638
BLOCK01/SES013/SA013S17	SES226	0.515945	-61.1221	-61.638
BLOCK01/SES013/SA013S23	SES104	0.0549049	-62.3918	-62.4467
BLOCK01/SES013/SA013S23	SES106	0.58997	-61.8567	-62.4467
BLOCK01/SES013/SA013S23	SES206	0.194221	-62.2525	-62.4467
BLOCK01/SES013/SA013S23	SES270	1.00338	-61.4433	-62.4467
BLOCK01/SES013/SA013S25	SES042	0.0631371	-61.661	-61.7241
BLOCK01/SES013/SA013S25	SES104	0.136696	-61.5874	-61.7241
BLOCK01/SES013/SA013S25	SES106	0.799686	-60.9244	-61.7241
BLOCK01/SES013/SA013S25	SES206	0.726418	-60.9977	-61.7241
BLOCK01/SES013/SA013S29	SES062	-1.62643	-63.9873	-62.3609
BLOCK01/SES013/SA013S29	SES104	0.0191002	-62.3418	-62.3609
BLOCK01/SES013/SA013S29	SES106	0.487152	-61.8738	-62.3609
BLOCK01/SES013/SA013S29	SES206	-0.0319366	-62.3928	-62.3609
BLOCK02/SES021/SA021S13	SES016	-1.29409	-63.0552	-61.7611
BLOCK02/SES021/SA021S13	SES029	-1.10447	-62.8656	-61.7611
BLOCK02/SES021/SA021S13	SES087	-0.253635	-62.0147	-61.7611
BLOCK02/SES021/SA021S13	SES206	0.164379	-61.5967	-61.7611
BLOCK02/SES021/SA021S15	SES087	0.127682	-60.5705	-60.6982
BLOCK02/SES021/SA021S15	SES125	0.798805	-59.8994	-60.6982
BLOCK02/SES021/SA021S15	SES206	0.593861	-60.1043	-60.6982
BLOCK02/SES021/SA021S15	SES226	-0.172424	-60.8706	-60.6982
BLOCK02/SES021/SA021S23	SES062	-1.28602	-64.4984	-63.2124
BLOCK02/SES021/SA021S23	SES087	0.172729	-63.0397	-63.2124
BLOCK02/SES021/SA021S23	SES206	-0.0261803	-63.2386	-63.2124
BLOCK02/SES021/SA021S23	SES226	0.208397	-63.004	-63.2124
BLOCK02/SES021/SA021S27	SES002	0.173786	-61.8664	-62.0402
BLOCK02/SES021/SA021S27	SES016	-1.64502	-63.6852	-62.0402
BLOCK02/SES021/SA021S27	SES019	-0.552551	-62.5928	-62.0402
BLOCK02/SES021/SA021S27	SES062	-0.779228	-62.8195	-62.0402
BLOCK02/SES021/SA021S29	SES087	0.124306	-61.5392	-61.6635
BLOCK02/SES021/SA021S29	SES125	1.22238	-60.4412	-61.6635
BLOCK02/SES021/SA021S29	SES206	0.529366	-61.1342	-61.6635
BLOCK02/SES021/SA021S29	SES226	-0.155815	-61.8194	-61.6635
BLOCK04/SES043/SA043S09	SES083	-0.534798	-65.4358	-64.901
BLOCK04/SES043/SA043S09	SES101	-0.569801	-65.4708	-64.901
BLOCK04/SES043/SA043S09	SES144	0.384232	-64.5167	-64.901
BLOCK04/SES043/SA043S09	SES172	-1.34884	-66.2498	-64.901
BLOCK04/SES043/SA043S11	SES083	-0.346992	-63.2357	-62.8887
BLOCK04/SES043/SA043S11	SES101	-0.0804863	-62.9692	-62.8887
BLOCK04/SES043/SA043S11	SES144	0.154751	-62.7339	-62.8887
BLOCK04/SES043/SA043S11	SES172	-0.533463	-63.4221	-62.8887
BLOCK04/SES043/SA043S23	SES083	-0.264484	-64.1381	-63.8736
BLOCK04/SES043/SA043S23	SES144	0.528687	-63.3449	-63.8736
BLOCK04/SES043/SA043S23	SES177	-0.695248	-64.5689	-63.8736
BLOCK04/SES043/SA043S23	SES275	-0.693188	-64.5668	-63.8736
BLOCK04/SES043/SA043S26	SES083	-0.02108	-63.3934	-63.3723
BLOCK04/SES043/SA043S26	SES101	-0.188847	-63.5611	-63.3723
BLOCK04/SES043/SA043S26	SES144	0.18425	-63.188	-63.3723
BLOCK04/SES043/SA043S26	SES177	-0.569813	-63.9421	-63.3723
BLOCK04/SES043/SA043S28	SES016	0.22279	-62.4418	-62.6646
BLOCK04/SES043/SA043S28	SES083	0.0734558	-62.5911	-62.6646
BLOCK04/SES043/SA043S28	SES101	0.0841942	-62.5804	-62.6646
BLOCK04/SES043/SA043S28	SES144	-0.00247192	-62.6671	-62.6646
BLOCK04/SES044/SA044S10	SES127	-0.776138	-66.5513	-65.7751
BLOCK04/SES044/SA044S10	SES144	0.118607	-65.6565	-65.7751
BLOCK04/SES044/SA044S10	SES147	-0.425613	-66.2007	-65.7751
BLOCK04/SES044/SA044S10	SES148	-0.884087	-66.6592	-65.7751
BLOCK04/SES044/SA044S11	SES101	-0.334045	-65.3673	-65.0332
BLOCK04/SES044/SA044S11	SES144	0.242851	-64.7904	-65.0332
BLOCK04/SES044/SA044S11	SES147	-0.406487	-65.4397	-65.0332
BLOCK04/SES044/SA044S11	SES177	-0.670837	-65.7041	-65.0332
BLOCK04/SES044/SA044S24	SES007	-1.19658	-65.5934	-64.3968
BLOCK04/SES044/SA044S24	SES101	-0.0199432	-64.4167	-64.3968
BLOCK04/SES044/SA044S24	SES147	-0.971016	-65.3678	-64.3968
BLOCK04/SES044/SA044S24	SES177	-0.701782	-65.0986	-64.3968
BLOCK04/SES044/SA044S26	SES007	-0.412334	-64.3318	-63.9194
BLOCK04/SES044/SA044S26	SES016	0.515671	-63.4038	-63.9194
BLOCK04/SES044/SA044S26	SES101	0.260208	-63.6592	-63.9194
BLOCK04/SES044/SA044S26	SES147	0.344021	-63.5754	-63.9194
BLOCK04/SES044/SA044S29	SES007	-0.575851	-63.7703	-63.1945
BLOCK04/SES044/SA044S29	SES101	0.500149	-62.6943	-63.1945
BLOCK04/SES044/SA044S29	SES147	-0.0230942	-63.2175	-63.1945
BLOCK04/SES044/SA044S29	SES177	-0.431469	-63.6259	-63.1945
BLOCK04/SES046/SA046S13	SES101	-0.893188	-66.6273	-65.7341
BLOCK04/SES046/SA046S13	SES144	0.173485	-65.5606	-65.7341
BLOCK04/SES046/SA046S13	SES147	0.220016	-65.5141	-65.7341
BLOCK04/SES046/SA046S13	SES177	0.512764	-65.2213	-65.7341
BLOCK04/SES046/SA046S15	SES048	-1.04457	-64.0195	-62.9749
BLOCK04/SES046/SA046S15	SES083	-0.110577	-63.0855	-62.9749
BLOCK04/SES046/SA046S15	SES120	-0.612881	-63.5878	-62.9749
BLOCK04/SES046/SA046S15	SES148	-0.239796	-63.2147	-62.9749
BLOCK04/SES046/SA046S22	SES101	-0.414642	-64.7508	-64.3361
BLOCK04/SES046/SA046S22	SES144	0.0807343	-64.2554	-64.3361
BLOCK04/SES046/SA046S22	SES147	-0.0063324	-64.3425	-64.3361
BLOCK04/SES046/SA046S22	SES172	-0.0309525	-64.3671	-64.3361
BLOCK04/SES046/SA046S25	SES083	-0.632046	-64.1739	-63.5418
BLOCK04/SES046/SA046S25	SES127	-0.0878487	-63.6297	-63.5418
BLOCK04/SES046/SA046S25	SES144	-0.493351	-64.0352	-63.5418
BLOCK04/SES046/SA046S25	SES148	-0.400406	-63.9422	-63.5418
BLOCK04/SES046/SA046S28	SES007	-1.02808	-65.9671	-64.939
BLOCK04/SES046/SA046S28	SES105	-0.612801	-65.5518	-64.939
BLOCK04/SES046/SA046S28	SES147	-0.306953	-65.246	-64.939
BLOCK04/SES046/SA046S28	SES148	0.496506	-64.4425	-64.939
BLOCK04/SES049/SA049S16	SES104	0.0303001	-63.7814	-63.8117
BLOCK04/SES049/SA049S16	SES106	0.025547	-63.7861	-63.8117
BLOCK04/SES049/SA049S16	SES120	-0.571987	-64.3836	-63.8117
BLOCK04/SES049/SA049S16	SES206	0.135777	-63.6759	-63.8117
BLOCK04/SES049/SA049S18	SES099	-0.158989	-64.1187	-63.9597
BLOCK04/SES049/SA049S18	SES104	-0.817184	-64.7769	-63.9597
BLOCK04/SES049/SA049S18	SES125	-0.984985	-64.9447	-63.9597
BLOCK04/SES049/SA049S18	SES206	-0.498238	-64.4579	-63.9597
BLOCK04/SES049/SA049S25	SES087	0.138763	-63.1823	-63.321
BLOCK04/SES049/SA049S25	SES104	0.360493	-62.9605	-63.321
BLOCK04/SES049/SA049S25	SES125	-0.263611	-63.5847	-63.321
BLOCK04/SES049/SA049S25	SES206	0.592255	-62.7288	-63.321
BLOCK04/SES049/SA049S27	SES099	0.42717	-62.4394	-62.8666
BLOCK04/SES049/SA049S27	SES104	0.637383	-62.2292	-62.8666
BLOCK04/SES049/SA049S27	SES125	-0.022583	-62.8892	-62.8666
BLOCK04/SES049/SA049S27	SES206	0.417412	-62.4492	-62.8666
BLOCK04/SES049/SA049S29	SES099	0.41106	-61.9591	-62.3702
BLOCK04/SES049/SA049S29	SES104	0.880302	-61.4898	-62.3702
BLOCK04/SES049/SA049S29	SES125	0.407219	-61.9629	-62.3702
BLOCK04/SES049/SA049S29	SES206	0.902462	-61.4677	-62.3702
BLOCK06/SES063/SA063S09	SES068	-0.86475	-64.4054	-63.5406
BLOCK06/SES063/SA063S09	SES083	-0.181751	-63.7224	-63.5406
BLOCK06/SES063/SA063S09	SES177	0.21011	-63.3305	-63.5406
BLOCK06/SES063/SA063S09	SES187	0.397305	-63.1433	-63.5406
BLOCK06/SES063/SA063S10	SES068	-0.141365	-64.2309	-64.0896
BLOCK06/SES063/SA063S10	SES083	0.463993	-63.6256	-64.0896
BLOCK06/SES063/SA063S10	SES172	1.07707	-63.0125	-64.0896
BLOCK06/SES063/SA063S10	SES187	0.737381	-63.3522	-64.0896
BLOCK06/SES063/SA063S20	SES068	-0.877769	-64.9006	-64.0228
BLOCK06/SES063/SA063S20	SES083	-0.0915604	-64.1144	-64.0228
BLOCK06/SES063/SA063S20	SES172	0.166542	-63.8563	-64.0228
BLOCK06/SES063/SA063S20	SES187	1.05024	-62.9726	-64.0228
BLOCK06/SES063/SA063S24	SES029	-0.457096	-63.5968	-63.1397
BLOCK06/SES063/SA063S24	SES083	0.318642	-62.821	-63.1397
BLOCK06/SES063/SA063S24	SES177	0.610649	-62.529	-63.1397
BLOCK06/SES063/SA063S24	SES189	-0.60323	-63.7429	-63.1397
BLOCK06/SES063/SA063S27	SES083	0.157219	-63.9885	-64.1457
BLOCK06/SES063/SA063S27	SES172	0.691753	-63.454	-64.1457
BLOCK06/SES063/SA063S27	SES187	0.225994	-63.9197	-64.1457
BLOCK06/SES063/SA063S27	SES292	-0.742264	-64.888	-64.1457
BLOCK06/SES067/SA067S12	SES083	-0.45686	-63.5188	-63.062
BLOCK06/SES067/SA067S12	SES172	-1.0466	-64.1086	-63.062
BLOCK06/SES067/SA067S12	SES202	0.759129	-62.3029	-63.062
BLOCK06/SES067/SA067S12	SES292	-0.943417	-64.0054	-63.062
BLOCK06/SES067/SA067S14	SES085	-0.427944	-62.617	-62.189
BLOCK06/SES067/SA067S14	SES177	-0.249535	-62.4385	-62.189
BLOCK06/SES067/SA067S14	SES183	-0.749722	-62.9387	-62.189
BLOCK06/SES067/SA067S14	SES202	0.382282	-61.8067	-62.189
BLOCK06/SES067/SA067S21	SES144	-0.301735	-64.4341	-64.1324
BLOCK06/SES067/SA067S21	SES177	-0.105957	-64.2384	-64.1324
BLOCK06/SES067/SA067S21	SES183	-1.38461	-65.517	-64.1324
BLOCK06/SES067/SA067S21	SES189	0.0817261	-64.0507	-64.1324
BLOCK06/SES067/SA067S25	SES085	0.0727272	-63.0082	-63.0809
BLOCK06/SES067/SA067S25	SES177	-0.130127	-63.211	-63.0809
BLOCK06/SES067/SA067S25	SES183	-0.343018	-63.4239	-63.0809
BLOCK06/SES067/SA067S25	SES202	0.454243	-62.6267	-63.0809
BLOCK06/SES067/SA067S29	SES085	0.302006	-63.4076	-63.7096
BLOCK06/SES067/SA067S29	SES177	-0.0584564	-63.7681	-63.7096
BLOCK06/SES067/SA067S29	SES183	-0.33334	-64.0429	-63.7096
BLOCK06/SES067/SA067S29	SES202	0.959808	-62.7498	-63.7096
BLOCK06/SES069/SA069S12	SES029	-1.02044	-63.177	-62.1566
BLOCK06/SES069/SA069S12	SES082	0.373409	-61.7831	-62.1566
BLOCK06/SES069/SA069S12	SES087	-0.200432	-62.357	-62.1566
BLOCK06/SES069/SA069S12	SES206	0.277912	-61.8786	-62.1566
BLOCK06/SES069/SA069S13	SES029	-1.22794	-63.1539	-61.9259
BLOCK06/SES069/SA069S13	SES087	-0.0958176	-62.0218	-61.9259
BLOCK06/SES069/SA069S13	SES206	-0.268089	-62.194	-61.9259
BLOCK06/SES069/SA069S13	SES226	-0.124084	-62.05	-61.9259
BLOCK06/SES069/SA069S23	SES029	-0.934238	-61.4955	-60.5613
BLOCK06/SES069/SA069S23	SES087	0.274811	-60.2864	-60.5613
BLOCK06/SES069/SA069S23	SES206	0.0892372	-60.472	-60.5613
BLOCK06/SES069/SA069S23	SES226	0.375309	-60.1859	-60.5613
BLOCK06/SES069/SA069S25	SES087	0.0503235	-61.1514	-61.2017
BLOCK06/SES069/SA069S25	SES206	-0.203094	-61.4048	-61.2017
BLOCK06/SES069/SA069S25	SES226	-0.0351372	-61.2368	-61.2017
BLOCK06/SES069/SA069S25	SES270	-0.300911	-61.5026	-61.2017
BLOCK06/SES069/SA069S27	SES087	-0.35257	-61.6111	-61.2586
BLOCK06/SES069/SA069S27	SES206	0.362301	-60.8963	-61.2586
BLOCK06/SES069/SA069S27	SES226	0.564754	-60.6938	-61.2586
BLOCK06/SES069/SA069S27	SES270	0.257763	-61.0008	-61.2586
BLOCK08/SES081/SA081S11	SES060	-0.62822	-64.2111	-63.5829
BLOCK08/SES081/SA081S11	SES062	-1.99864	-65.5816	-63.5829
BLOCK08/SES081/SA081S11	SES117	-0.42276	-64.0057	-63.5829
BLOCK08/SES081/SA081S11	SES162	-0.0847015	-63.6676	-63.5829
BLOCK08/SES081/SA081S13	SES016	0.197533	-62.3392	-62.5367
BLOCK08/SES081/SA081S13	SES060	0.312679	-62.224	-62.5367
BLOCK08/SES081/SA081S13	SES068	0.0819626	-62.4548	-62.5367
BLOCK08/SES081/SA081S13	SES129	-1.016	-63.5527	-62.5367
BLOCK08/SES081/SA081S24	SES060	0.108002	-63.4761	-63.5841
BLOCK08/SES081/SA081S24	SES068	-0.224674	-63.8088	-63.5841
BLOCK08/SES081/SA081S24	SES117	-0.486244	-64.0704	-63.5841
BLOCK08/SES081/SA081S24	SES275	-1.03277	-64.6169	-63.5841
BLOCK08/SES081/SA081S27	SES007	-1.26226	-64.4231	-63.1608
BLOCK08/SES081/SA081S27	SES060	-0.393017	-63.5538	-63.1608
BLOCK08/SES081/SA081S27	SES117	0.0615616	-63.0992	-63.1608
BLOCK08/SES081/SA081S27	SES275	-1.82478	-64.9856	-63.1608
BLOCK08/SES081/SA081S29	SES007	-1.07577	-64.2384	-63.1626
BLOCK08/SES081/SA081S29	SES060	0.00797272	-63.1547	-63.1626
BLOCK08/SES081/SA081S29	SES117	0.0341492	-63.1285	-63.1626
BLOCK08/SES081/SA081S29	SES275	-1.49979	-64.6624	-63.1626
BLOCK08/SES086/SA086S11	SES029	-1.95535	-66.0369	-64.0816
BLOCK08/SES086/SA086S11	SES082	-0.133621	-64.2152	-64.0816
BLOCK08/SES086/SA086S11	SES087	0.755955	-63.3256	-64.0816
BLOCK08/SES086/SA086S11	SES206	-0.222015	-64.3036	-64.0816
BLOCK08/SES086/SA086S12	SES029	-1.11485	-64.5975	-63.4826
BLOCK08/SES086/SA086S12	SES082	-0.0197983	-63.5024	-63.4826
BLOCK08/SES086/SA086S12	SES087	1.30479	-62.1779	-63.4826
BLOCK08/SES086/SA086S12	SES206	0.170319	-63.3123	-63.4826
BLOCK08/SES086/SA086S20	SES029	-1.88156	-63.7257	-61.8441
BLOCK08/SES086/SA086S20	SES082	-0.225994	-62.0701	-61.8441
BLOCK08/SES086/SA086S20	SES087	0.64893	-61.1952	-61.8441
BLOCK08/SES086/SA086S20	SES206	0.542191	-61.3019	-61.8441
BLOCK08/SES086/SA086S24	SES087	0.998928	-61.5944	-62.5933
BLOCK08/SES086/SA086S24	SES104	-0.266766	-62.8601	-62.5933
BLOCK08/SES086/SA086S24	SES120	-0.978489	-63.5718	-62.5933
BLOCK08/SES086/SA086S24	SES206	0.658108	-61.9352	-62.5933
BLOCK08/SES086/SA086S28	SES029	-1.3943	-63.2805	-61.8862
BLOCK08/SES086/SA086S28	SES082	-0.153183	-62.0394	-61.8862
BLOCK08/SES086/SA086S28	SES087	0.74736	-61.1389	-61.8862
BLOCK08/SES086/SA086S28	SES206	0.202663	-61.6836	-61.8862
BLOCK08/SES089/SA089S13	SES087	-0.0394135	-63.0475	-63.0081
BLOCK08/SES089/SA089S13	SES206	-0.120903	-63.129	-63.0081
BLOCK08/SES089/SA089S13	SES226	0.12854	-62.8795	-63.0081
BLOCK08/SES089/SA089S13	SES270	-0.273495	-63.2816	-63.0081
BLOCK08/SES089/SA089S14	SES062	-0.397621	-62.7785	-62.3808
BLOCK08/SES089/SA089S14	SES087	0.452915	-61.9279	-62.3808
BLOCK08/SES089/SA089S14	SES206	0.0604286	-62.3204	-62.3808
BLOCK08/SES089/SA089S14	SES226	0.540127	-61.8407	-62.3808
BLOCK08/SES089/SA089S23	SES087	0.521011	-63.2906	-63.8116
BLOCK08/SES089/SA089S23	SES206	-0.365395	-64.177	-63.8116
BLOCK08/SES089/SA089S23	SES226	0.150639	-63.661	-63.8116
BLOCK08/SES089/SA089S23	SES270	-0.397446	-64.209	-63.8116
BLOCK08/SES089/SA089S25	SES062	-0.572979	-63.3436	-62.7706
BLOCK08/SES089/SA089S25	SES087	0.295891	-62.4747	-62.7706
BLOCK08/SES089/SA089S25	SES206	0.234344	-62.5363	-62.7706
BLOCK08/SES089/SA089S25	SES226	1.01757	-61.7531	-62.7706
BLOCK08/SES089/SA089S28	SES062	-0.452343	-63.4986	-63.0463
BLOCK08/SES089/SA089S28	SES087	0.533699	-62.5126	-63.0463
BLOCK08/SES089/SA089S28	SES206	0.269657	-62.7766	-63.0463
BLOCK08/SES089/SA089S28	SES226	0.929008	-62.1173	-63.0463
BLOCK09/SES097/SA097S11	SES099	0.78273	-62.9132	-63.696
BLOCK09/SES097/SA097S11	SES125	0.547371	-63.1486	-63.696
BLOCK09/SES097/SA097S11	SES206	0.31432	-63.3816	-63.696
BLOCK09/SES097/SA097S11	SES226	0.986317	-62.7096	-63.696
BLOCK09/SES097/SA097S14	SES062	-0.672287	-63.5062	-62.8339
BLOCK09/SES097/SA097S14	SES099	0.218693	-62.6152	-62.8339
BLOCK09/SES097/SA097S14	SES104	0.0633125	-62.7706	-62.8339
BLOCK09/SES097/SA097S14	SES206	0.203548	-62.6303	-62.8339
BLOCK09/SES097/SA097S22	SES099	0.972809	-62.3662	-63.339
BLOCK09/SES097/SA097S22	SES206	0.261681	-63.0773	-63.339
BLOCK09/SES097/SA097S22	SES226	-0.370018	-63.709	-63.339
BLOCK09/SES097/SA097S22	SES270	1.01406	-62.3249	-63.339
BLOCK09/SES097/SA097S26	SES099	0.645428	-62.1718	-62.8172
BLOCK09/SES097/SA097S26	SES120	-0.724915	-63.5421	-62.8172
BLOCK09/SES097/SA097S26	SES206	0.0350418	-62.7822	-62.8172
BLOCK09/SES097/SA097S26	SES226	-0.529041	-63.3463	-62.8172
BLOCK09/SES097/SA097S28	SES099	0.812557	-62.1549	-62.9675
BLOCK09/SES097/SA097S28	SES120	-0.184498	-63.152	-62.9675
BLOCK09/SES097/SA097S28	SES206	0.263248	-62.7042	-62.9675
BLOCK09/SES097/SA097S28	SES226	-0.113411	-63.0809	-62.9675
BLOCK09/SES098/SA098S11	SES127	-1.04167	-66.4802	-65.4386
BLOCK09/SES098/SA098S11	SES144	-0.2519	-65.6905	-65.4386
BLOCK09/SES098/SA098S11	SES147	0.563881	-64.8747	-65.4386
BLOCK09/SES098/SA098S11	SES148	-1.09005	-66.5286	-65.4386
BLOCK09/SES098/SA098S12	SES127	-2.0599	-69.0296	-66.9697
BLOCK09/SES098/SA098S12	SES144	-0.682159	-67.6519	-66.9697
BLOCK09/SES098/SA098S12	SES147	0.847603	-66.1221	-66.9697
BLOCK09/SES098/SA098S12	SES189	0.26593	-66.7038	-66.9697
BLOCK09/SES098/SA098S20	SES127	-1.60928	-67.3914	-65.7821
BLOCK09/SES098/SA098S20	SES147	1.35927	-64.4228	-65.7821
BLOCK09/SES098/SA098S20	SES148	-1.13448	-66.9166	-65.7821
BLOCK09/SES098/SA098S20	SES292	-1.69205	-67.4741	-65.7821
BLOCK09/SES098/SA098S23	SES127	-0.954742	-66.0389	-65.0841
BLOCK09/SES098/SA098S23	SES147	0.845566	-64.2386	-65.0841
BLOCK09/SES098/SA098S23	SES187	0.751755	-64.3324	-65.0841
BLOCK09/SES098/SA098S23	SES292	-1.77554	-66.8597	-65.0841
BLOCK09/SES098/SA098S27	SES127	-1.41756	-66.9279	-65.5104
BLOCK09/SES098/SA098S27	SES147	-0.117081	-65.6275	-65.5104
BLOCK09/SES098/SA098S27	SES148	-1.23489	-66.7453	-65.5104
BLOCK09/SES098/SA098S27	SES292	-1.84116	-67.3516	-65.5104
BLOCK10/SES102/SA102S13	SES101	0.0718079	-64.1443	-64.2161
BLOCK10/SES102/SA102S13	SES105	-0.675285	-64.8914	-64.2161
BLOCK10/SES102/SA102S13	SES120	-0.917374	-65.1335	-64.2161
BLOCK10/SES102/SA102S13	SES158	-2.7622	-66.9783	-64.2161
BLOCK10/SES102/SA102S14	SES007	0.632469	-61.8966	-62.529
BLOCK10/SES102/SA102S14	SES101	0.225113	-62.3039	-62.529
BLOCK10/SES102/SA102S14	SES105	-0.292007	-62.821	-62.529
BLOCK10/SES102/SA102S14	SES147	-0.644619	-63.1737	-62.529
BLOCK10/SES102/SA102S22	SES007	-0.489285	-63.0767	-62.5874
BLOCK10/SES102/SA102S22	SES101	0.152664	-62.4347	-62.5874
BLOCK10/SES102/SA102S22	SES105	-0.447983	-63.0354	-62.5874
BLOCK10/SES102/SA102S22	SES158	-1.86318	-64.4506	-62.5874
BLOCK10/SES102/SA102S25	SES007	0.0493813	-62.5506	-62.6
BLOCK10/SES102/SA102S25	SES101	0.317898	-62.2821	-62.6
BLOCK10/SES102/SA102S25	SES105	-0.229164	-62.8292	-62.6
BLOCK10/SES102/SA102S25	SES147	-1.3174	-63.9174	-62.6
BLOCK10/SES102/SA102S27	SES007	-0.111664	-63.5058	-63.3941
BLOCK10/SES102/SA102S27	SES101	-0.161724	-63.5558	-63.3941
BLOCK10/SES102/SA102S27	SES105	-0.420177	-63.8143	-63.3941
BLOCK10/SES102/SA102S27	SES147	-0.593418	-63.9875	-63.3941
BLOCK10/SES103/SA103S14	SES105	-1.23804	-64.8952	-63.6571
BLOCK10/SES103/SA103S14	SES106	-0.319736	-63.9769	-63.6571
BLOCK10/SES103/SA103S14	SES120	-1.64729	-65.3044	-63.6571
BLOCK10/SES103/SA103S14	SES206	-0.796669	-64.4538	-63.6571
BLOCK10/SES103/SA103S15	SES099	0.18499	-64.4148	-64.5998
BLOCK10/SES103/SA103S15	SES101	-1.54678	-66.1466	-64.5998
BLOCK10/SES103/SA103S15	SES104	-0.597633	-65.1975	-64.5998
BLOCK10/SES103/SA103S15	SES125	0.0321655	-64.5677	-64.5998
BLOCK10/SES103/SA103S24	SES104	-0.936783	-63.4799	-62.5432
BLOCK10/SES103/SA103S24	SES125	-0.837479	-63.3806	-62.5432
BLOCK10/SES103/SA103S24	SES148	-1.65774	-64.2009	-62.5432
BLOCK10/SES103/SA103S24	SES158	0.057354	-62.4858	-62.5432
BLOCK10/SES103/SA103S26	SES104	-1.00401	-65.3086	-64.3046
BLOCK10/SES103/SA103S26	SES106	-0.169182	-64.4738	-64.3046
BLOCK10/SES103/SA103S26	SES125	-0.745895	-65.0505	-64.3046
BLOCK10/SES103/SA103S26	SES148	-1.48531	-65.7899	-64.3046
BLOCK10/SES103/SA103S28	SES104	-0.586479	-65.7539	-65.1675
BLOCK10/SES103/SA103S28	SES106	0.106201	-65.0613	-65.1675
BLOCK10/SES103/SA103S28	SES125	-0.618759	-65.7862	-65.1675
BLOCK10/SES103/SA103S28	SES206	-1.34422	-66.5117	-65.1675
BLOCK12/SES121/SA121S12	SES042	-0.711143	-65.3176	-64.6065
BLOCK12/SES121/SA121S12	SES087	-0.780716	-65.3872	-64.6065
BLOCK12/SES121/SA121S12	SES105	-0.509727	-65.1162	-64.6065
BLOCK12/SES121/SA121S12	SES206	-0.47625	-65.0827	-64.6065
BLOCK12/SES121/SA121S14	SES007	-1.60192	-66.5047	-64.9028
BLOCK12/SES121/SA121S14	SES105	-1.17323	-66.076	-64.9028
BLOCK12/SES121/SA121S14	SES106	-0.582191	-65.485	-64.9028
BLOCK12/SES121/SA121S14	SES206	-0.664589	-65.5674	-64.9028
BLOCK12/SES121/SA121S23	SES105	-0.860359	-65.9118	-65.0514
BLOCK12/SES121/SA121S23	SES106	0.0663605	-64.9851	-65.0514
BLOCK12/SES121/SA121S23	SES120	-1.33158	-66.383	-65.0514
BLOCK12/SES121/SA121S23	SES206	-0.244926	-65.2963	-65.0514
BLOCK12/SES121/SA121S25	SES007	-1.44669	-66.8503	-65.4037
BLOCK12/SES121/SA121S25	SES105	-1.14218	-66.5458	-65.4037
BLOCK12/SES121/SA121S25	SES106	-0.332977	-65.7366	-65.4037
BLOCK12/SES121/SA121S25	SES206	-0.771103	-66.1748	-65.4037
BLOCK12/SES121/SA121S27	SES087	0.0357208	-64.2689	-64.3046
BLOCK12/SES121/SA121S27	SES105	-1.63518	-65.9398	-64.3046
BLOCK12/SES121/SA121S27	SES120	-1.12502	-65.4297	-64.3046
BLOCK12/SES121/SA121S27	SES206	-0.440727	-64.7454	-64.3046
BLOCK12/SES124/SA124S16	SES042	0.395691	-62.6682	-63.0639
BLOCK12/SES124/SA124S16	SES082	-0.0356255	-63.0995	-63.0639
BLOCK12/SES124/SA124S16	SES183	-1.41675	-64.4807	-63.0639
BLOCK12/SES124/SA124S16	SES206	-0.426086	-63.49	-63.0639
BLOCK12/SES124/SA124S17	SES105	-0.555973	-64.4113	-63.8553
BLOCK12/SES124/SA124S17	SES149	-1.06898	-64.9243	-63.8553
BLOCK12/SES124/SA124S17	SES158	-1.1524	-65.0077	-63.8553
BLOCK12/SES124/SA124S17	SES275	-0.579647	-64.435	-63.8553
BLOCK12/SES124/SA124S23	SES105	-1.60514	-63.6649	-62.0598
BLOCK12/SES124/SA124S23	SES125	0.681435	-61.3783	-62.0598
BLOCK12/SES124/SA124S23	SES129	-1.44343	-63.5032	-62.0598
BLOCK12/SES124/SA124S23	SES158	0.320282	-61.7395	-62.0598
BLOCK12/SES124/SA124S26	SES105	-1.7657	-64.4826	-62.7169
BLOCK12/SES124/SA124S26	SES125	0.198727	-62.5182	-62.7169
BLOCK12/SES124/SA124S26	SES129	-1.28577	-64.0026	-62.7169
BLOCK12/SES124/SA124S26	SES158	0.619099	-62.0978	-62.7169
BLOCK12/SES124/SA124S28	SES104	0.551296	-61.8145	-62.3658
BLOCK12/SES124/SA124S28	SES106	-0.0139122	-62.3797	-62.3658
BLOCK12/SES124/SA124S28	SES125	0.96875	-61.397	-62.3658
BLOCK12/SES124/SA124S28	SES275	-1.38474	-63.7505	-62.3658
BLOCK12/SES126/SA126S13	SES007	-1.11403	-66.7012	-65.5872
BLOCK12/SES126/SA126S13	SES162	-0.0769577	-65.6642	-65.5872
BLOCK12/SES126/SA126S13	SES177	0.400208	-65.187	-65.5872
BLOCK12/SES126/SA126S13	SES180	-0.141685	-65.7289	-65.5872
BLOCK12/SES126/SA126S14	SES144	-0.731529	-64.5102	-63.7786
BLOCK12/SES126/SA126S14	SES148	-1.02541	-64.804	-63.7786
BLOCK12/SES126/SA126S14	SES177	0.406139	-63.3725	-63.7786
BLOCK12/SES126/SA126S14	SES180	0.226601	-63.552	-63.7786
BLOCK12/SES126/SA126S20	SES007	-1.49285	-66.1232	-64.6303
BLOCK12/SES126/SA126S20	SES162	-0.961174	-65.5915	-64.6303
BLOCK12/SES126/SA126S20	SES172	-2.64962	-67.2799	-64.6303
BLOCK12/SES126/SA126S20	SES180	-0.0913849	-64.7217	-64.6303
BLOCK12/SES126/SA126S24	SES120	-0.380928	-63.9031	-63.5222
BLOCK12/SES126/SA126S24	SES162	0.157211	-63.365	-63.5222
BLOCK12/SES126/SA126S24	SES177	0.172985	-63.3492	-63.5222
BLOCK12/SES126/SA126S24	SES180	0.557838	-62.9644	-63.5222
BLOCK12/SES126/SA126S26	SES120	0.0125732	-64.0864	-64.099
BLOCK12/SES126/SA126S26	SES177	-0.217445	-64.3164	-64.099
BLOCK12/SES126/SA126S26	SES180	-0.284042	-64.383	-64.099
BLOCK12/SES126/SA126S26	SES202	-1.03024	-65.1292	-64.099
BLOCK12/SES128/SA128S10	SES087	-0.522419	-63.0169	-62.4944
BLOCK12/SES128/SA128S10	SES206	-0.084446	-62.5789	-62.4944
BLOCK12/SES128/SA128S10	SES226	0.245373	-62.2491	-62.4944
BLOCK12/SES128/SA128S10	SES270	-0.0217896	-62.5162	-62.4944
BLOCK12/SES128/SA128S12	SES120	-0.745171	-63.5795	-62.8343
BLOCK12/SES128/SA128S12	SES158	-0.514702	-63.349	-62.8343
BLOCK12/SES128/SA128S12	SES206	0.00963211	-62.8247	-62.8343
BLOCK12/SES128/SA128S12	SES226	0.0383072	-62.796	-62.8343
BLOCK12/SES128/SA128S21	SES106	-0.620155	-64.617	-63.9968
BLOCK12/SES128/SA128S21	SES120	-0.798065	-64.7949	-63.9968
BLOCK12/SES128/SA128S21	SES206	-0.558762	-64.5556	-63.9968
BLOCK12/SES128/SA128S21	SES226	0.242161	-63.7547	-63.9968
BLOCK12/SES128/SA128S24	SES087	-0.732986	-64.2961	-63.5631
BLOCK12/SES128/SA128S24	SES120	-0.641006	-64.2041	-63.5631
BLOCK12/SES128/SA128S24	SES206	-0.524651	-64.0878	-63.5631
BLOCK12/SES128/SA128S24	SES226	-0.175327	-63.7384	-63.5631
BLOCK12/SES128/SA128S27	SES099	-0.159515	-62.4015	-62.242
BLOCK12/SES128/SA128S27	SES120	-0.581772	-62.8238	-62.242
BLOCK12/SES128/SA128S27	SES206	-0.299915	-62.5419	-62.242
BLOCK12/SES128/SA128S27	SES226	-0.14917	-62.3912	-62.242
BLOCK13/SES130/SA130S13	SES143	-1.03564	-66.2253	-65.1897
BLOCK13/SES130/SA130S13	SES144	0.759766	-64.4299	-65.1897
BLOCK13/SES130/SA130S13	SES146	0.298553	-64.8911	-65.1897
BLOCK13/SES130/SA130S13	SES275	-1.29279	-66.4824	-65.1897
BLOCK13/SES130/SA130S15	SES143	-0.886726	-64.9288	-64.0421
BLOCK13/SES130/SA130S15	SES144	0.139618	-63.9025	-64.0421
BLOCK13/SES130/SA130S15	SES146	0.0267639	-64.0153	-64.0421
BLOCK13/SES130/SA130S15	SES275	-0.425568	-64.4677	-64.0421
BLOCK13/SES130/SA130S23	SES127	-0.793205	-65.9767	-65.1835
BLOCK13/SES130/SA130S23	SES144	0.111679	-65.0718	-65.1835
BLOCK13/SES130/SA130S23	SES146	0.123543	-65.0599	-65.1835
BLOCK13/SES130/SA130S23	SES162	-0.0761719	-65.2596	-65.1835
BLOCK13/SES130/SA130S25	SES127	-0.440784	-63.9651	-63.5243
BLOCK13/SES130/SA130S25	SES144	0.50169	-63.0226	-63.5243
BLOCK13/SES130/SA130S25	SES146	0.301605	-63.2227	-63.5243
BLOCK13/SES130/SA130S25	SES275	0.0225983	-63.5017	-63.5243
BLOCK13/SES130/SA130S28	SES127	-0.276047	-64.6064	-64.3303
BLOCK13/SES130/SA130S28	SES144	0.101471	-64.2289	-64.3303
BLOCK13/SES130/SA130S28	SES146	-0.0276871	-64.358	-64.3303
BLOCK13/SES130/SA130S28	SES275	0.299416	-64.0309	-64.3303
BLOCK13/SES131/SA131S13	SES002	-0.478027	-65.4188	-64.9408
BLOCK13/SES131/SA131S13	SES007	-1.24496	-66.1857	-64.9408
BLOCK13/SES131/SA131S13	SES099	-1.09107	-66.0318	-64.9408
BLOCK13/SES131/SA131S13	SES105	-1.02826	-65.969	-64.9408
BLOCK13/SES131/SA131S14	SES104	-0.754684	-63.5449	-62.7903
BLOCK13/SES131/SA131S14	SES106	-0.403259	-63.1935	-62.7903
BLOCK13/SES131/SA131S14	SES125	-0.929379	-63.7196	-62.7903
BLOCK13/SES131/SA131S14	SES148	-1.19917	-63.9894	-62.7903
BLOCK13/SES131/SA131S20	SES104	-1.23404	-65.6469	-64.4129
BLOCK13/SES131/SA131S20	SES106	-0.59877	-65.0117	-64.4129
BLOCK13/SES131/SA131S20	SES125	-1.18023	-65.5931	-64.4129
BLOCK13/SES131/SA131S20	SES148	-1.1469	-65.5598	-64.4129
BLOCK13/SES131/SA131S22	SES099	-0.402824	-63.7124	-63.3096
BLOCK13/SES131/SA131S22	SES104	-0.46907	-63.7787	-63.3096
BLOCK13/SES131/SA131S22	SES125	-0.591225	-63.9008	-63.3096
BLOCK13/SES131/SA131S22	SES206	-0.78223	-64.0918	-63.3096
BLOCK13/SES131/SA131S29	SES087	-0.486675	-64.3644	-63.8777
BLOCK13/SES131/SA131S29	SES104	-1.36312	-65.2408	-63.8777
BLOCK13/SES131/SA131S29	SES125	-1.0882	-64.9659	-63.8777
BLOCK13/SES131/SA131S29	SES206	-0.882664	-64.7603	-63.8777
BLOCK13/SES132/SA132S11	SES083	-0.494156	-63.4107	-62.9166
BLOCK13/SES132/SA132S11	SES120	0.309555	-62.607	-62.9166
BLOCK13/SES132/SA132S11	SES127	0.0252304	-62.8913	-62.9166
BLOCK13/SES132/SA132S11	SES275	-0.706963	-63.6235	-62.9166
BLOCK13/SES132/SA132S12	SES083	-0.334248	-63.6257	-63.2915
BLOCK13/SES132/SA132S12	SES143	-0.0182877	-63.3098	-63.2915
BLOCK13/SES132/SA132S12	SES144	-0.496082	-63.7876	-63.2915
BLOCK13/SES132/SA132S12	SES148	-0.468178	-63.7597	-63.2915
BLOCK13/SES132/SA132S22	SES062	-0.184322	-63.2138	-63.0294
BLOCK13/SES132/SA132S22	SES083	0.00457001	-63.0249	-63.0294
BLOCK13/SES132/SA132S22	SES127	0.215439	-62.814	-63.0294
BLOCK13/SES132/SA132S22	SES275	-0.312992	-63.3424	-63.0294
BLOCK13/SES132/SA132S24	SES007	-0.280281	-63.2895	-63.0092
BLOCK13/SES132/SA132S24	SES083	-0.252281	-63.2615	-63.0092
BLOCK13/SES132/SA132S24	SES127	0.0908813	-62.9183	-63.0092
BLOCK13/SES132/SA132S24	SES275	-0.734333	-63.7436	-63.0092
BLOCK13/SES132/SA132S27	SES083	-0.488121	-63.823	-63.3349
BLOCK13/SES132/SA132S27	SES120	0.343834	-62.991	-63.3349
BLOCK13/SES132/SA132S27	SES127	-0.346401	-63.6813	-63.3349
BLOCK13/SES132/SA132S27	SES275	-0.80777	-64.1426	-63.3349
BLOCK14/SES141/SA141S09	SES143	-0.0180092	-63.731	-63.713
BLOCK14/SES141/SA141S09	SES144	-0.353508	-64.0665	-63.713
BLOCK14/SES141/SA141S09	SES162	0.137779	-63.5752	-63.713
BLOCK14/SES141/SA141S09	SES180	0.186886	-63.5261	-63.713
BLOCK14/SES141/SA141S15	SES127	-0.24015	-64.2527	-64.0125
BLOCK14/SES141/SA141S15	SES144	-0.457603	-64.4701	-64.0125
BLOCK14/SES141/SA141S15	SES162	0.140186	-63.8723	-64.0125
BLOCK14/SES141/SA141S15	SES180	0.163349	-63.8492	-64.0125
BLOCK14/SES141/SA141S24	SES127	0.170483	-63.8611	-64.0316
BLOCK14/SES141/SA141S24	SES144	-0.862648	-64.8943	-64.0316
BLOCK14/SES141/SA141S24	SES162	0.55011	-63.4815	-64.0316
BLOCK14/SES141/SA141S24	SES183	-0.361137	-64.3928	-64.0316
BLOCK14/SES141/SA141S26	SES142	-0.150398	-64.4604	-64.31
BLOCK14/SES141/SA141S26	SES144	-0.715317	-65.0253	-64.31
BLOCK14/SES141/SA141S26	SES172	-0.397934	-64.7079	-64.31
BLOCK14/SES141/SA141S26	SES180	-0.242569	-64.5525	-64.31
BLOCK14/SES141/SA141S29	SES127	0.345299	-63.4116	-63.7569
BLOCK14/SES141/SA141S29	SES142	0.482376	-63.2745	-63.7569
BLOCK14/SES141/SA141S29	SES144	-0.635246	-64.3922	-63.7569
BLOCK14/SES141/SA141S29	SES180	0.589748	-63.1672	-63.7569
BLOCK15/SES157/SA157S08	SES083	-0.646809	-63.9314	-63.2846
BLOCK15/SES157/SA157S08	SES127	-0.669125	-63.9537	-63.2846
BLOCK15/SES157/SA157S08	SES148	-0.157524	-63.4421	-63.2846
BLOCK15/SES157/SA157S08	SES292	-0.62796	-63.9125	-63.2846
BLOCK15/SES157/SA157S11	SES083	-0.851822	-64.3663	-63.5145
BLOCK15/SES157/SA157S11	SES127	-1.13513	-64.6497	-63.5145
BLOCK15/SES157/SA157S11	SES148	-0.458	-63.9725	-63.5145
BLOCK15/SES157/SA157S11	SES292	-0.74527	-64.2598	-63.5145
BLOCK15/SES157/SA157S21	SES127	-0.718788	-63.5611	-62.8424
BLOCK15/SES157/SA157S21	SES148	-0.301395	-63.1438	-62.8424
BLOCK15/SES157/SA157S21	SES158	-2.49366	-65.336	-62.8424
BLOCK15/SES157/SA157S21	SES292	0.110561	-62.7318	-62.8424
BLOCK15/SES157/SA157S24	SES127	-0.64325	-64.0391	-63.3958
BLOCK15/SES157/SA157S24	SES148	-0.229374	-63.6252	-63.3958
BLOCK15/SES157/SA157S24	SES183	-0.471497	-63.8673	-63.3958
BLOCK15/SES157/SA157S24	SES292	-0.115177	-63.511	-63.3958
BLOCK15/SES157/SA157S26	SES007	0.029705	-63.344	-63.3737
BLOCK15/SES157/SA157S26	SES127	-0.132008	-63.5057	-63.3737
BLOCK15/SES157/SA157S26	SES147	-0.62162	-63.9953	-63.3737
BLOCK15/SES157/SA157S26	SES148	-0.450962	-63.8247	-63.3737
BLOCK16/SES161/SA161S10	SES007	-1.06517	-65.4697	-64.4045
BLOCK16/SES161/SA161S10	SES105	-0.621384	-65.0259	-64.4045
BLOCK16/SES161/SA161S10	SES158	-0.642097	-65.0466	-64.4045
BLOCK16/SES161/SA161S10	SES275	-0.812881	-65.2174	-64.4045
BLOCK16/SES161/SA161S12	SES007	-0.654015	-64.2515	-63.5975
BLOCK16/SES161/SA161S12	SES105	-1.18912	-64.7866	-63.5975
BLOCK16/SES161/SA161S12	SES158	-0.280373	-63.8779	-63.5975
BLOCK16/SES161/SA161S12	SES275	-0.864182	-64.4617	-63.5975
BLOCK16/SES161/SA161S20	SES007	-1.25866	-66.5218	-65.2631
BLOCK16/SES161/SA161S20	SES105	-1.1003	-66.3634	-65.2631
BLOCK16/SES161/SA161S20	SES158	-0.475815	-65.739	-65.2631
BLOCK16/SES161/SA161S20	SES275	-0.977577	-66.2407	-65.2631
BLOCK16/SES161/SA161S23	SES007	-1.19614	-64.5496	-63.3535
BLOCK16/SES161/SA161S23	SES105	-0.503483	-63.857	-63.3535
BLOCK16/SES161/SA161S23	SES148	-1.08095	-64.4344	-63.3535
BLOCK16/SES161/SA161S23	SES158	-0.301292	-63.6548	-63.3535
BLOCK16/SES161/SA161S28	SES007	-1.2914	-64.8633	-63.5719
BLOCK16/SES161/SA161S28	SES105	-1.61922	-65.1911	-63.5719
BLOCK16/SES161/SA161S28	SES158	-0.275841	-63.8477	-63.5719
BLOCK16/SES161/SA161S28	SES206	-0.633102	-64.205	-63.5719
BLOCK16/SES164/SA164S11	SES104	-0.297813	-62.5924	-62.2946
BLOCK16/SES164/SA164S11	SES125	-0.256748	-62.5514	-62.2946
BLOCK16/SES164/SA164S11	SES158	0.91872	-61.3759	-62.2946
BLOCK16/SES164/SA164S11	SES206	-0.46143	-62.7561	-62.2946
BLOCK16/SES164/SA164S13	SES099	-0.615688	-64.3462	-63.7305
BLOCK16/SES164/SA164S13	SES104	-0.54977	-64.2803	-63.7305
BLOCK16/SES164/SA164S13	SES125	-0.788586	-64.5191	-63.7305
BLOCK16/SES164/SA164S13	SES206	-0.661488	-64.392	-63.7305
BLOCK16/SES164/SA164S24	SES002	0.581272	-62.4944	-63.0757
BLOCK16/SES164/SA164S24	SES099	-0.0432358	-63.1189	-63.0757
BLOCK16/SES164/SA164S24	SES125	-0.863476	-63.9392	-63.0757
BLOCK16/SES164/SA164S24	SES226	0.584126	-62.4916	-63.0757
BLOCK16/SES164/SA164S27	SES087	-1.00085	-64.3138	-63.313
BLOCK16/SES164/SA164S27	SES125	-0.811111	-64.1241	-63.313
BLOCK16/SES164/SA164S27	SES206	-0.675671	-63.9887	-63.313
BLOCK16/SES164/SA164S27	SES226	-0.502331	-63.8153	-63.313
BLOCK16/SES164/SA164S29	SES002	0.188259	-62.9333	-63.1215
BLOCK16/SES164/SA164S29	SES019	-0.363907	-63.4855	-63.1215
BLOCK16/SES164/SA164S29	SES125	-0.256664	-63.3782	-63.1215
BLOCK16/SES164/SA164S29	SES226	-0.109333	-63.2309	-63.1215
BLOCK16/SES169/SA169S13	SES117	-0.617523	-64.6574	-64.0399
BLOCK16/SES169/SA169S13	SES144	0.0304565	-64.0095	-64.0399
BLOCK16/SES169/SA169S13	SES146	0.200394	-63.8395	-64.0399
BLOCK16/SES169/SA169S13	SES162	-0.628746	-64.6687	-64.0399
BLOCK16/SES169/SA169S14	SES144	-0.24231	-63.246	-63.0037
BLOCK16/SES169/SA169S14	SES148	-0.50174	-63.5055	-63.0037
BLOCK16/SES169/SA169S14	SES177	-0.779083	-63.7828	-63.0037
BLOCK16/SES169/SA169S14	SES180	-1.3489	-64.3526	-63.0037
BLOCK16/SES169/SA169S24	SES117	-0.0384598	-64.8141	-64.7756
BLOCK16/SES169/SA169S24	SES144	0.24073	-64.5349	-64.7756
BLOCK16/SES169/SA169S24	SES146	0.178474	-64.5972	-64.7756
BLOCK16/SES169/SA169S24	SES162	-0.131607	-64.9072	-64.7756
BLOCK16/SES169/SA169S27	SES127	-0.00388336	-64.0396	-64.0358
BLOCK16/SES169/SA169S27	SES129	0.0293808	-64.0064	-64.0358
BLOCK16/SES169/SA169S27	SES144	-0.372993	-64.4088	-64.0358
BLOCK16/SES169/SA169S27	SES146	0.355042	-63.6807	-64.0358
BLOCK16/SES169/SA169S29	SES144	-0.00663376	-63.151	-63.1444
BLOCK16/SES169/SA169S29	SES162	-0.51363	-63.658	-63.1444
BLOCK16/SES169/SA169S29	SES177	-1.09078	-64.2352	-63.1444
BLOCK16/SES169/SA169S29	SES180	-0.637558	-63.7819	-63.1444
BLOCK17/SES171/SA171S12	SES083	-0.703918	-64.9977	-64.2937
BLOCK17/SES171/SA171S12	SES148	-0.560608	-64.8543	-64.2937
BLOCK17/SES171/SA171S12	SES172	-0.400406	-64.6941	-64.2937
BLOCK17/SES171/SA171S12	SES292	-0.729424	-65.0232	-64.2937
BLOCK17/SES171/SA171S15	SES148	-0.434868	-65.4069	-64.972
BLOCK17/SES171/SA171S15	SES177	-0.329239	-65.3012	-64.972
BLOCK17/SES171/SA171S15	SES180	-1.03778	-66.0098	-64.972
BLOCK17/SES171/SA171S15	SES292	-1.99918	-66.9712	-64.972
BLOCK17/SES171/SA171S22	SES007	-1.20841	-64.2131	-63.0047
BLOCK17/SES171/SA171S22	SES148	-0.909061	-63.9138	-63.0047
BLOCK17/SES171/SA171S22	SES177	-0.272469	-63.2772	-63.0047
BLOCK17/SES171/SA171S22	SES180	-0.873478	-63.8782	-63.0047
BLOCK17/SES171/SA171S25	SES101	-1.65349	-67.3338	-65.6803
BLOCK17/SES171/SA171S25	SES120	-1.47224	-67.1525	-65.6803
BLOCK17/SES171/SA171S25	SES177	0.212166	-65.4681	-65.6803
BLOCK17/SES171/SA171S25	SES180	-0.507271	-66.1876	-65.6803
BLOCK17/SES171/SA171S27	SES177	0.33683	-64.0898	-64.4266
BLOCK17/SES171/SA171S27	SES180	-0.731697	-65.1583	-64.4266
BLOCK17/SES171/SA171S27	SES189	-0.140053	-64.5667	-64.4266
BLOCK17/SES171/SA171S27	SES292	-1.00213	-65.4287	-64.4266
BLOCK17/SES173/SA173S13	SES162	-1.22358	-66.5279	-65.3043
BLOCK17/SES173/SA173S13	SES177	-0.400742	-65.7051	-65.3043
BLOCK17/SES173/SA173S13	SES180	-0.588539	-65.8929	-65.3043
BLOCK17/SES173/SA173S13	SES292	-2.16827	-67.4726	-65.3043
BLOCK17/SES173/SA173S14	SES007	-2.24194	-67.6938	-65.4519
BLOCK17/SES173/SA173S14	SES162	-0.925652	-66.3775	-65.4519
BLOCK17/SES173/SA173S14	SES177	-0.198868	-65.6508	-65.4519
BLOCK17/SES173/SA173S14	SES180	-0.450233	-65.9021	-65.4519
BLOCK17/SES173/SA173S24	SES144	-0.216309	-66.1876	-65.9713
BLOCK17/SES173/SA173S24	SES162	-1.04682	-67.0182	-65.9713
BLOCK17/SES173/SA173S24	SES177	-0.355545	-66.3269	-65.9713
BLOCK17/SES173/SA173S24	SES180	-0.254578	-66.2259	-65.9713
BLOCK17/SES173/SA173S27	SES162	-1.15953	-66.538	-65.3785
BLOCK17/SES173/SA173S27	SES177	-0.19014	-65.5686	-65.3785
BLOCK17/SES173/SA173S27	SES180	-0.374107	-65.7526	-65.3785
BLOCK17/SES173/SA173S27	SES292	-2.5386	-67.9171	-65.3785
BLOCK17/SES173/SA173S29	SES162	-0.7033	-66.2213	-65.518
BLOCK17/SES173/SA173S29	SES175	0.169746	-65.3482	-65.518
BLOCK17/SES173/SA173S29	SES177	-0.544388	-66.0624	-65.518
BLOCK17/SES173/SA173S29	SES292	-2.64317	-68.1612	-65.518
BLOCK18/SES182/SA182S10	SES144	-0.24966	-63.9979	-63.7482
BLOCK18/SES182/SA182S10	SES177	0.0742798	-63.674	-63.7482
BLOCK18/SES182/SA182S10	SES180	-0.812519	-64.5608	-63.7482
BLOCK18/SES182/SA182S10	SES275	-0.958256	-64.7065	-63.7482
BLOCK18/SES182/SA182S12	SES144	-0.0826149	-63.6501	-63.5675
BLOCK18/SES182/SA182S12	SES177	0.115646	-63.4518	-63.5675
BLOCK18/SES182/SA182S12	SES180	-0.432125	-63.9996	-63.5675
BLOCK18/SES182/SA182S12	SES275	-1.39289	-64.9604	-63.5675
BLOCK18/SES182/SA182S21	SES117	0.0900574	-64.904	-64.9941
BLOCK18/SES182/SA182S21	SES144	-0.549545	-65.5436	-64.9941
BLOCK18/SES182/SA182S21	SES162	0.352966	-64.6411	-64.9941
BLOCK18/SES182/SA182S21	SES180	-0.0292053	-65.0233	-64.9941
BLOCK18/SES182/SA182S23	SES117	-0.0376816	-64.1938	-64.1561
BLOCK18/SES182/SA182S23	SES144	-0.477646	-64.6338	-64.1561
BLOCK18/SES182/SA182S23	SES180	-0.563736	-64.7199	-64.1561
BLOCK18/SES182/SA182S23	SES275	-0.715042	-64.8712	-64.1561
BLOCK18/SES182/SA182S25	SES007	-0.246918	-64.5376	-64.2907
BLOCK18/SES182/SA182S25	SES162	0.370338	-63.9204	-64.2907
BLOCK18/SES182/SA182S25	SES177	0.418373	-63.8723	-64.2907
BLOCK18/SES182/SA182S25	SES180	0.274887	-64.0158	-64.2907
BLOCK18/SES184/SA184S12	SES177	-0.0508881	-64.343	-64.2921
BLOCK18/SES184/SA184S12	SES180	-0.634247	-64.9263	-64.2921
BLOCK18/SES184/SA184S12	SES189	-1.3514	-65.6435	-64.2921
BLOCK18/SES184/SA184S12	SES292	-0.229248	-64.5213	-64.2921
BLOCK18/SES184/SA184S13	SES101	-0.294987	-64.2632	-63.9682
BLOCK18/SES184/SA184S13	SES177	-0.224689	-64.1929	-63.9682
BLOCK18/SES184/SA184S13	SES180	-0.34235	-64.3105	-63.9682
BLOCK18/SES184/SA184S13	SES292	-0.254169	-64.2224	-63.9682
BLOCK18/SES184/SA184S22	SES177	-0.0879288	-63.6444	-63.5565
BLOCK18/SES184/SA184S22	SES180	0.203297	-63.3532	-63.5565
BLOCK18/SES184/SA184S22	SES189	-1.03115	-64.5876	-63.5565
BLOCK18/SES184/SA184S22	SES292	-0.118507	-63.675	-63.5565
BLOCK18/SES184/SA184S25	SES101	0.394478	-62.4911	-62.8856
BLOCK18/SES184/SA184S25	SES177	-0.2486	-63.1342	-62.8856
BLOCK18/SES184/SA184S25	SES180	-0.4389	-63.3245	-62.8856
BLOCK18/SES184/SA184S25	SES292	0.204525	-62.6811	-62.8856
BLOCK18/SES184/SA184S27	SES083	-0.134823	-63.3734	-63.2386
BLOCK18/SES184/SA184S27	SES177	-0.504967	-63.7436	-63.2386
BLOCK18/SES184/SA184S27	SES202	-1.10471	-64.3433	-63.2386
BLOCK18/SES184/SA184S27	SES292	-0.40836	-63.6469	-63.2386
BLOCK20/SES204/SA204S12	SES062	-0.70105	-62.8888	-62.1877
BLOCK20/SES204/SA204S12	SES083	-1.0647	-63.2524	-62.1877
BLOCK20/SES204/SA204S12	SES206	0.327694	-61.8601	-62.1877
BLOCK20/SES204/SA204S12	SES226	-0.355808	-62.5436	-62.1877
BLOCK20/SES204/SA204S14	SES068	-1.53394	-62.4775	-60.9435
BLOCK20/SES204/SA204S14	SES087	0.172718	-60.7708	-60.9435
BLOCK20/SES204/SA204S14	SES206	-0.164944	-61.1085	-60.9435
BLOCK20/SES204/SA204S14	SES226	-0.697262	-61.6408	-60.9435
BLOCK20/SES204/SA204S22	SES068	-1.51419	-63.804	-62.2898
BLOCK20/SES204/SA204S22	SES082	-0.616978	-62.9068	-62.2898
BLOCK20/SES204/SA204S22	SES083	-1.11928	-63.4091	-62.2898
BLOCK20/SES204/SA204S22	SES206	0.392296	-61.8975	-62.2898
BLOCK20/SES204/SA204S25	SES062	-1.20737	-63.7833	-62.5759
BLOCK20/SES204/SA204S25	SES083	-1.07601	-63.6519	-62.5759
BLOCK20/SES204/SA204S25	SES206	0.369076	-62.2068	-62.5759
BLOCK20/SES204/SA204S25	SES226	-0.261864	-62.8378	-62.5759
BLOCK20/SES204/SA204S27	SES068	-1.6609	-64.6762	-63.0153
BLOCK20/SES204/SA204S27	SES082	-0.659954	-63.6752	-63.0153
BLOCK20/SES204/SA204S27	SES087	0.362259	-62.653	-63.0153
BLOCK20/SES204/SA204S27	SES206	0.257835	-62.7574	-63.0153
BLOCK20/SES207/SA207S10	SES127	-0.135124	-63.7114	-63.5763
BLOCK20/SES207/SA207S10	SES183	-0.0761948	-63.6525	-63.5763
BLOCK20/SES207/SA207S10	SES189	-0.665768	-64.2421	-63.5763
BLOCK20/SES207/SA207S10	SES292	-0.523319	-64.0996	-63.5763
BLOCK20/SES207/SA207S11	SES127	-0.728352	-64.3375	-63.6091
BLOCK20/SES207/SA207S11	SES183	-0.273827	-63.8829	-63.6091
BLOCK20/SES207/SA207S11	SES187	-0.110954	-63.7201	-63.6091
BLOCK20/SES207/SA207S11	SES292	-0.555065	-64.1642	-63.6091
BLOCK20/SES207/SA207S25	SES068	-0.456932	-64.8786	-64.4216
BLOCK20/SES207/SA207S25	SES083	-0.533546	-64.9552	-64.4216
BLOCK20/SES207/SA207S25	SES127	-0.167664	-64.5893	-64.4216
BLOCK20/SES207/SA207S25	SES187	0.486443	-63.9352	-64.4216
BLOCK20/SES207/SA207S27	SES127	-0.0988083	-64.5267	-64.4279
BLOCK20/SES207/SA207S27	SES183	-0.00608063	-64.434	-64.4279
BLOCK20/SES207/SA207S27	SES187	0.301453	-64.1264	-64.4279
BLOCK20/SES207/SA207S27	SES292	-0.567574	-64.9955	-64.4279
BLOCK20/SES207/SA207S29	SES083	-0.659691	-64.6372	-63.9775
BLOCK20/SES207/SA207S29	SES085	0.153965	-63.8235	-63.9775
BLOCK20/SES207/SA207S29	SES172	-0.333893	-64.3114	-63.9775
BLOCK20/SES207/SA207S29	SES189	-0.917046	-64.8945	-63.9775
BLOCK22/SES221/SA221S12	SES068	-0.855339	-65.5188	-64.6635
BLOCK22/SES221/SA221S12	SES143	-0.632744	-65.2962	-64.6635
BLOCK22/SES221/SA221S12	SES175	0.412247	-64.2512	-64.6635
BLOCK22/SES221/SA221S12	SES202	1.0266	-63.6369	-64.6635
BLOCK22/SES221/SA221S15	SES085	-0.976372	-66.7372	-65.7609
BLOCK22/SES221/SA221S15	SES143	-0.83345	-66.5943	-65.7609
BLOCK22/SES221/SA221S15	SES175	-0.0851593	-65.846	-65.7609
BLOCK22/SES221/SA221S15	SES187	0.717239	-65.0436	-65.7609
BLOCK22/SES221/SA221S23	SES068	-0.95565	-66.3408	-65.3851
BLOCK22/SES221/SA221S23	SES143	-0.333412	-65.7185	-65.3851
BLOCK22/SES221/SA221S23	SES175	0.958954	-64.4262	-65.3851
BLOCK22/SES221/SA221S23	SES189	1.53915	-63.846	-65.3851
BLOCK22/SES221/SA221S27	SES085	-0.960281	-66.4006	-65.4403
BLOCK22/SES221/SA221S27	SES143	0.0582657	-65.382	-65.4403
BLOCK22/SES221/SA221S27	SES175	-0.428284	-65.8686	-65.4403
BLOCK22/SES221/SA221S27	SES189	2.05554	-63.3848	-65.4403
BLOCK22/SES221/SA221S29	SES085	-0.713646	-67.6913	-66.9776
BLOCK22/SES221/SA221S29	SES143	-0.133316	-67.111	-66.9776
BLOCK22/SES221/SA221S29	SES175	0.174248	-66.8034	-66.9776
BLOCK22/SES221/SA221S29	SES187	1.23703	-65.7406	-66.9776
BLOCK22/SES223/SA223S11	SES143	0.118904	-64.7919	-64.9109
BLOCK22/SES223/SA223S11	SES144	-0.976036	-65.8869	-64.9109
BLOCK22/SES223/SA223S11	SES175	0.467758	-64.4431	-64.9109
BLOCK22/SES223/SA223S11	SES187	0.175598	-64.7353	-64.9109
BLOCK22/SES223/SA223S13	SES068	-0.985229	-66.7875	-65.8022
BLOCK22/SES223/SA223S13	SES143	-0.325172	-66.1274	-65.8022
BLOCK22/SES223/SA223S13	SES146	-1.80404	-67.6063	-65.8022
BLOCK22/SES223/SA223S13	SES202	0.629173	-65.1731	-65.8022
BLOCK22/SES223/SA223S22	SES143	-0.231567	-65.7072	-65.4756
BLOCK22/SES223/SA223S22	SES144	-0.447899	-65.9235	-65.4756
BLOCK22/SES223/SA223S22	SES175	-0.170685	-65.6463	-65.4756
BLOCK22/SES223/SA223S22	SES187	0.74482	-64.7308	-65.4756
BLOCK22/SES223/SA223S25	SES068	-1.01798	-66.1168	-65.0988
BLOCK22/SES223/SA223S25	SES143	-0.206596	-65.3054	-65.0988
BLOCK22/SES223/SA223S25	SES175	0.246567	-64.8522	-65.0988
BLOCK22/SES223/SA223S25	SES187	0.381386	-64.7174	-65.0988
BLOCK22/SES223/SA223S27	SES143	-0.213791	-66.1758	-65.9621
BLOCK22/SES223/SA223S27	SES146	-1.38761	-67.3497	-65.9621
BLOCK22/SES223/SA223S27	SES187	0.565102	-65.397	-65.9621
BLOCK22/SES223/SA223S27	SES292	-1.70644	-67.6685	-65.9621
BLOCK27/SES273/SA273S12	SES099	0.426224	-60.3749	-60.8011
BLOCK27/SES273/SA273S12	SES104	0.744442	-60.0567	-60.8011
BLOCK27/SES273/SA273S12	SES125	0.458988	-60.3421	-60.8011
BLOCK27/SES273/SA273S12	SES206	0.94138	-59.8597	-60.8011
BLOCK27/SES273/SA273S13	SES099	0.302711	-60.5064	-60.8091
BLOCK27/SES273/SA273S13	SES104	0.402504	-60.4066	-60.8091
BLOCK27/SES273/SA273S13	SES206	0.522369	-60.2868	-60.8091
BLOCK27/SES273/SA273S13	SES292	-0.730812	-61.54	-60.8091
BLOCK27/SES273/SA273S21	SES099	1.03465	-60.2494	-61.284
BLOCK27/SES273/SA273S21	SES148	-1.32965	-62.6137	-61.284
BLOCK27/SES273/SA273S21	SES149	0.0848885	-61.1991	-61.284
BLOCK27/SES273/SA273S21	SES177	-1.57317	-62.8572	-61.284
BLOCK27/SES273/SA273S25	SES104	0.487175	-61.0032	-61.4904
BLOCK27/SES273/SA273S25	SES125	0.474442	-61.0159	-61.4904
BLOCK27/SES273/SA273S25	SES158	0.593918	-60.8965	-61.4904
BLOCK27/SES273/SA273S25	SES206	0.950333	-60.5401	-61.4904
BLOCK27/SES273/SA273S27	SES099	0.233719	-61.3549	-61.5886
BLOCK27/SES273/SA273S27	SES104	0.159378	-61.4292	-61.5886
BLOCK27/SES273/SA273S27	SES149	-0.0166321	-61.6052	-61.5886
BLOCK27/SES273/SA273S27	SES275	-0.468445	-62.057	-61.5886
BLOCK27/SES274/SA274S10	SES105	-1.06386	-62.9749	-61.9111
BLOCK27/SES274/SA274S10	SES125	-0.497829	-62.4089	-61.9111
BLOCK27/SES274/SA274S10	SES129	-0.286663	-62.1977	-61.9111
BLOCK27/SES274/SA274S10	SES158	-0.626862	-62.5379	-61.9111
BLOCK27/SES274/SA274S11	SES105	-0.845181	-62.9523	-62.1071
BLOCK27/SES274/SA274S11	SES149	-0.231426	-62.3385	-62.1071
BLOCK27/SES274/SA274S11	SES158	-0.104973	-62.2121	-62.1071
BLOCK27/SES274/SA274S11	SES275	-0.577248	-62.6844	-62.1071
BLOCK27/SES274/SA274S21	SES105	-0.818916	-63.1052	-62.2862
BLOCK27/SES274/SA274S21	SES129	-0.595673	-62.8819	-62.2862
BLOCK27/SES274/SA274S21	SES149	-0.638908	-62.9251	-62.2862
BLOCK27/SES274/SA274S21	SES158	-1.06046	-63.3467	-62.2862
BLOCK27/SES274/SA274S24	SES105	-0.912224	-62.6559	-61.7436
BLOCK27/SES274/SA274S24	SES129	-0.172962	-61.9166	-61.7436
BLOCK27/SES274/SA274S24	SES149	-0.590576	-62.3342	-61.7436
BLOCK27/SES274/SA274S24	SES158	-0.558334	-62.302	-61.7436
BLOCK27/SES274/SA274S29	SES105	-1.06434	-63.0818	-62.0174
BLOCK27/SES274/SA274S29	SES106	-0.678371	-62.6958	-62.0174
BLOCK27/SES274/SA274S29	SES120	-0.38924	-62.4067	-62.0174
BLOCK27/SES274/SA274S29	SES275	-0.416561	-62.434	-62.0174
BLOCK27/SES276/SA276S16	SES148	-0.149193	-64.2324	-64.0832
BLOCK27/SES276/SA276S16	SES172	-0.0245667	-64.1078	-64.0832
BLOCK27/SES276/SA276S16	SES180	-1.31598	-65.3992	-64.0832
BLOCK27/SES276/SA276S16	SES292	0.14938	-63.9339	-64.0832
BLOCK27/SES276/SA276S17	SES101	-0.125053	-64.2046	-64.0795
BLOCK27/SES276/SA276S17	SES177	-0.273102	-64.3526	-64.0795
BLOCK27/SES276/SA276S17	SES180	-0.451233	-64.5308	-64.0795
BLOCK27/SES276/SA276S17	SES292	-0.0159073	-64.0954	-64.0795
BLOCK27/SES276/SA276S24	SES101	0.0739937	-62.96	-63.034
BLOCK27/SES276/SA276S24	SES177	-0.434219	-63.4682	-63.034
BLOCK27/SES276/SA276S24	SES180	-0.473774	-63.5077	-63.034
BLOCK27/SES276/SA276S24	SES292	-0.390839	-63.4248	-63.034
BLOCK27/SES276/SA276S26	SES101	-0.926743	-64.2051	-63.2784
BLOCK27/SES276/SA276S26	SES177	-0.224289	-63.5027	-63.2784
BLOCK27/SES276/SA276S26	SES180	-0.140141	-63.4185	-63.2784
BLOCK27/SES276/SA276S26	SES292	-0.642189	-63.9206	-63.2784
BLOCK27/SES276/SA276S28	SES101	0.246826	-63.5471	-63.7939
BLOCK27/SES276/SA276S28	SES177	-0.203354	-63.9973	-63.7939
BLOCK27/SES276/SA276S28	SES180	-0.116493	-63.9104	-63.7939
BLOCK27/SES276/SA276S28	SES292	0.000843048	-63.7931	-63.7939
BLOCK27/SES277/SA277S12	SES101	-0.18586	-64.6756	-64.4897
BLOCK27/SES277/SA277S12	SES177	-0.12854	-64.6183	-64.4897
BLOCK27/SES277/SA277S12	SES180	0.0314255	-64.4583	-64.4897
BLOCK27/SES277/SA277S12	SES292	-0.461739	-64.9515	-64.4897
BLOCK27/SES277/SA277S14	SES177	0.0722122	-64.9209	-64.9931
BLOCK27/SES277/SA277S14	SES180	-0.502258	-65.4954	-64.9931
BLOCK27/SES277/SA277S14	SES189	0.308121	-64.685	-64.9931
BLOCK27/SES277/SA277S14	SES292	-1.4091	-66.4022	-64.9931
BLOCK27/SES277/SA277S21	SES177	0.168545	-63.6336	-63.8022
BLOCK27/SES277/SA277S21	SES180	-0.670609	-64.4728	-63.8022
BLOCK27/SES277/SA277S21	SES189	-0.42144	-64.2236	-63.8022
BLOCK27/SES277/SA277S21	SES292	-1.0717	-64.8739	-63.8022
BLOCK27/SES277/SA277S24	SES144	-0.629639	-66.1644	-65.5348
BLOCK27/SES277/SA277S24	SES177	0.0913925	-65.4434	-65.5348
BLOCK27/SES277/SA277S24	SES180	-0.641785	-66.1766	-65.5348
BLOCK27/SES277/SA277S24	SES189	0.0346222	-65.5002	-65.5348
BLOCK27/SES277/SA277S29	SES177	-0.189384	-63.1976	-63.0082
BLOCK27/SES277/SA277S29	SES180	-0.042778	-63.051	-63.0082
BLOCK27/SES277/SA277S29	SES202	-0.469208	-63.4774	-63.0082
BLOCK27/SES277/SA277S29	SES292	-0.821434	-63.8296	-63.0082
BLOCK27/SES279/SA279S09	SES120	-0.527859	-62.9528	-62.4249
BLOCK27/SES279/SA279S09	SES146	-0.712898	-63.1378	-62.4249
BLOCK27/SES279/SA279S09	SES206	-0.313229	-62.7381	-62.4249
BLOCK27/SES279/SA279S09	SES226	-0.653839	-63.0788	-62.4249
BLOCK27/SES279/SA279S10	SES099	-0.0789223	-62.3232	-62.2442
BLOCK27/SES279/SA279S10	SES206	-0.234818	-62.4791	-62.2442
BLOCK27/SES279/SA279S10	SES226	-0.431744	-62.676	-62.2442
BLOCK27/SES279/SA279S10	SES292	-0.543781	-62.788	-62.2442
BLOCK27/SES279/SA279S20	SES099	-0.52335	-63.4931	-62.9698
BLOCK27/SES279/SA279S20	SES206	-0.0447731	-63.0146	-62.9698
BLOCK27/SES279/SA279S20	SES226	-0.820129	-63.7899	-62.9698
BLOCK27/SES279/SA279S20	SES292	-0.0249672	-62.9948	-62.9698
BLOCK27/SES279/SA279S26	SES099	-0.0664825	-62.7233	-62.6569
BLOCK27/SES279/SA279S26	SES206	0.47398	-62.1829	-62.6569
BLOCK27/SES279/SA279S26	SES226	-0.394417	-63.0513	-62.6569
BLOCK27/SES279/SA279S26	SES292	0.0958138	-62.561	-62.6569
BLOCK27/SES279/SA279S28	SES099	-0.209774	-61.706	-61.4962
BLOCK27/SES279/SA279S28	SES120	-0.363007	-61.8592	-61.4962
BLOCK27/SES279/SA279S28	SES177	-1.53379	-63.03	-61.4962
BLOCK27/SES279/SA279S28	SES206	-0.0751114	-61.5714	-61.4962
BLOCK29/SES290/SA290S12	SES162	-0.263252	-64.6633	-64.4001
BLOCK29/SES290/SA290S12	SES177	0.0206909	-64.3794	-64.4001
BLOCK29/SES290/SA290S12	SES180	-0.433029	-64.8331	-64.4001
BLOCK29/SES290/SA290S12	SES292	-1.48872	-65.8888	-64.4001
BLOCK29/SES290/SA290S13	SES007	-1.25855	-65.9034	-64.6449
BLOCK29/SES290/SA290S13	SES162	-0.425316	-65.0702	-64.6449
BLOCK29/SES290/SA290S13	SES177	0.00538635	-64.6395	-64.6449
BLOCK29/SES290/SA290S13	SES180	-0.2024	-64.8473	-64.6449
BLOCK29/SES290/SA290S22	SES177	0.130642	-63.8249	-63.9556
BLOCK29/SES290/SA290S22	SES180	0.212463	-63.7431	-63.9556
BLOCK29/SES290/SA290S22	SES202	0.0856705	-63.8699	-63.9556
BLOCK29/SES290/SA290S22	SES292	-1.04789	-65.0035	-63.9556
BLOCK29/SES290/SA290S25	SES162	-0.0140152	-64.1204	-64.1063
BLOCK29/SES290/SA290S25	SES177	0.181213	-63.9251	-64.1063
BLOCK29/SES290/SA290S25	SES180	0.145058	-63.9613	-64.1063
BLOCK29/SES290/SA290S25	SES292	-1.043	-65.1493	-64.1063
BLOCK29/SES290/SA290S29	SES177	0.200035	-63.3567	-63.5568
BLOCK29/SES290/SA290S29	SES180	0.201435	-63.3553	-63.5568
BLOCK29/SES290/SA290S29	SES275	-1.43111	-64.9879	-63.5568
BLOCK29/SES290/SA290S29	SES292	-0.654373	-64.2112	-63.5568
BLOCK29/SES291/SA291S11	SES105	-1.40543	-64.6234	-63.218
BLOCK29/SES291/SA291S11	SES125	0.254013	-62.964	-63.218
BLOCK29/SES291/SA291S11	SES158	0.154568	-63.0634	-63.218
BLOCK29/SES291/SA291S11	SES275	-1.22115	-64.4391	-63.218
BLOCK29/SES291/SA291S12	SES158	1.1495	-61.593	-62.7425
BLOCK29/SES291/SA291S12	SES226	0.363354	-62.3791	-62.7425
BLOCK29/SES291/SA291S12	SES270	1.38204	-61.3604	-62.7425
BLOCK29/SES291/SA291S12	SES275	-2.03274	-64.7752	-62.7425
BLOCK29/SES291/SA291S22	SES082	0.214088	-62.253	-62.4671
BLOCK29/SES291/SA291S22	SES158	0.0999641	-62.3671	-62.4671
BLOCK29/SES291/SA291S22	SES259	-0.0351067	-62.5022	-62.4671
BLOCK29/SES291/SA291S22	SES275	-1.41417	-63.8813	-62.4671
BLOCK29/SES291/SA291S24	SES104	1.04914	-60.8654	-61.9145
BLOCK29/SES291/SA291S24	SES125	0.681335	-61.2332	-61.9145
BLOCK29/SES291/SA291S24	SES158	0.945625	-60.9689	-61.9145
BLOCK29/SES291/SA291S24	SES275	-1.71003	-63.6245	-61.9145
BLOCK29/SES291/SA291S27	SES158	1.05823	-61.5861	-62.6443
BLOCK29/SES291/SA291S27	SES172	-2.2428	-64.8871	-62.6443
BLOCK29/SES291/SA291S27	SES275	-1.53121	-64.1755	-62.6443
BLOCK29/SES291/SA291S27	SES292	-0.760822	-63.4052	-62.6443
Threshold search:
THR	-2.76220673502	9	0(0)	1(1000)
THR	-2.6948564676698	8.991	0(0)	0.999(999)
THR	-2.6275062003196	8.973	0(0)	0.997(997)
THR	-2.5601559329694	8.973	0(0)	0.997(997)
THR	-2.4928056656192	8.955	0(0)	0.995(995)
THR	-2.425455398269	8.955	0(0)	0.995(995)
THR	-2.3581051309188	8.955	0(0)	0.995(995)
THR	-2.2907548635686	8.955	0(0)	0.995(995)
THR	-2.2234045962184	8.937	0(0)	0.993(993)
THR	-2.1560543288682	8.928	0(0)	0.992(992)
THR	-2.088704061518	8.928	0(0)	0.992(992)
THR	-2.0213537941678	8.91	0(0)	0.99(990)
THR	-1.9540035268176	8.883	0(0)	0.987(987)
THR	-1.8866532594674	8.883	0(0)	0.987(987)
THR	-1.8193029921172	8.847	0(0)	0.983(983)
THR	-1.751952724767	8.82	0(0)	0.98(980)
THR	-1.6846024574168	8.793	0(0)	0.977(977)
THR	-1.6172521900666	8.721	0(0)	0.969(969)
THR	-1.5499019227164	8.676	0(0)	0.964(964)
THR	-1.4825516553662	8.586	0(0)	0.954(954)
THR	-1.415201388016	8.523	0(0)	0.947(947)
THR	-1.3478511206658	8.406	0(0)	0.934(934)
THR	-1.2805008533156	8.307	0(0)	0.923(923)
THR	-1.2131505859654	8.217	0(0)	0.913(913)
THR	-1.1458003186152	8.046	0(0)	0.894(894)
THR	-1.078450051265	7.821	0(0)	0.869(869)
THR	-1.0110997839148	7.551	0(0)	0.839(839)
THR	-0.9437495165646	7.389	0(0)	0.821(821)
THR	-0.8763992492144	7.227	0(0)	0.803(803)
THR	-0.8090489818642	7.029	0(0)	0.781(781)
THR	-0.741698714514	6.804	0(0)	0.756(756)
THR	-0.6743484471638	6.507	0(0)	0.723(723)
THR	-0.6069981798136	6.111	0(0)	0.679(679)
THR	-0.5396479124634	5.796	0(0)	0.644(644)
THR	-0.4722976451132	5.454	0(0)	0.606(606)
THR	-0.404947377763	5.049	0(0)	0.561(561)
THR	-0.3375971104128	4.725	0(0)	0.525(525)
THR	-0.2702468430626	4.401	0(0)	0.489(489)
THR	-0.2028965757124	3.991	0.004(1)	0.443(443)
THR	-0.1355463083622	3.685	0.004(1)	0.409(409)
THR	-0.0681960410119999	3.311	0.008(2)	0.367(367)
THR	-0.000845773661799942	2.928	0.012(3)	0.324(324)
THR	0.0665044936884001	2.581	0.016(4)	0.285(285)
THR	0.1338547610386	2.248	0.016(4)	0.248(248)
THR	0.2012050283888	1.842	0.024(6)	0.202(202)
THR	0.268555295739	1.522	0.028(7)	0.166(166)
THR	0.3359055630892	1.349	0.044(11)	0.145(145)
THR	0.4032558304394	1.153	0.064(16)	0.121(121)
THR	0.4706060977896	1.011	0.084(21)	0.103(103)
THR	0.5379563651398	0.864	0.108(27)	0.084(84)
THR	0.60530663249	0.741	0.156(39)	0.065(65)
THR	0.6726568998402	0.667	0.172(43)	0.055(55)
THR	0.7400071671904	0.651	0.228(57)	0.047(47)
THR	0.8073574345406	0.592	0.268(67)	0.036(36)
THR	0.8747077018908	0.591	0.312(78)	0.031(31)
THR	0.942057969241	0.585	0.36(90)	0.025(25)
THR	1.0094082365912	0.524	0.38(95)	0.016(16)
THR	1.0767585039414	0.509	0.428(107)	0.009(9)
THR	1.1441087712916	0.54	0.468(117)	0.008(8)
THR	1.2114590386418	0.575	0.512(128)	0.007(7)
THR	1.278809305992	0.585	0.54(135)	0.005(5)
THR	1.3461595733422	0.62	0.584(146)	0.004(4)
THR	1.4135098406924	0.622	0.604(151)	0.002(2)
THR	1.4808601080426	0.674	0.656(164)	0.002(2)
THR	1.5482103753928	0.717	0.708(177)	0.001(1)
THR	1.615560642743	0.757	0.748(187)	0.001(1)
THR	1.6829109100932	0.777	0.768(192)	0.001(1)
THR	1.7502611774434	0.801	0.792(198)	0.001(1)
THR	1.8176114447936	0.817	0.808(202)	0.001(1)
THR	1.8849617121438	0.853	0.844(211)	0.001(1)
THR	1.952311979494	0.869	0.86(215)	0.001(1)
THR	2.0196622468442	0.877	0.868(217)	0.001(1)
THR	2.0870125141944	0.876	0.876(219)	0(0)
THR	2.1543627815446	0.892	0.892(223)	0(0)
THR	2.2217130488948	0.904	0.904(226)	0(0)
THR	2.289063316245	0.924	0.924(231)	0(0)
THR	2.3564135835952	0.944	0.944(236)	0(0)
THR	2.4237638509454	0.948	0.948(237)	0(0)
THR	2.4911141182956	0.952	0.952(238)	0(0)
THR	2.5584643856458	0.956	0.956(239)	0(0)
THR	2.625814652996	0.96	0.96(240)	0(0)
THR	2.6931649203462	0.964	0.964(241)	0(0)
THR	2.7605151876964	0.976	0.976(244)	0(0)
THR	2.8278654550466	0.976	0.976(244)	0(0)
THR	2.8952157223968	0.976	0.976(244)	0(0)
THR	2.962565989747	0.984	0.984(246)	0(0)
THR	3.0299162570972	0.984	0.984(246)	0(0)
THR	3.0972665244474	0.984	0.984(246)	0(0)
THR	3.1646167917976	0.988	0.988(247)	0(0)
THR	3.2319670591478	0.988	0.988(247)	0(0)
THR	3.299317326498	0.988	0.988(247)	0(0)
THR	3.3666675938482	0.992	0.992(248)	0(0)
THR	3.4340178611984	0.992	0.992(248)	0(0)
THR	3.5013681285486	0.992	0.992(248)	0(0)
THR	3.5687183958988	0.992	0.992(248)	0(0)
THR	3.636068663249	0.992	0.992(248)	0(0)
THR	3.7034189305992	0.992	0.992(248)	0(0)
THR	3.7707691979494	0.992	0.992(248)	0(0)
THR	3.8381194652996	0.992	0.992(248)	0(0)
THR	3.9054697326498	0.996	0.996(249)	0(0)
THR	3.97282	1	1(250)	0(0)


==============================================
THR: 1.0767585039414
Missed:     107/250=0.4280
FalseAlarm: 9/1000=0.0090
----------------------------------------------
==> CostDetection: 50.9
==============================================
