BLOCK00/SES002/SA002S12	SES002	0.745819	-8.99198	-9.7378
BLOCK00/SES002/SA002S13	SES002	1.23671	-9.6841	-10.9208
BLOCK00/SES002/SA002S23	SES002	0.754287	-9.12038	-9.87467
BLOCK00/SES002/SA002S26	SES002	0.43843	-10.7518	-11.1903
BLOCK00/SES002/SA002S28	SES002	0.450865	-9.39107	-9.84194
BLOCK00/SES007/SA007S14	SES007	0.41516	-8.55888	-8.97404
BLOCK00/SES007/SA007S15	SES007	0.575367	-9.08188	-9.65725
BLOCK00/SES007/SA007S24	SES007	0.351374	-8.76464	-9.11602
BLOCK00/SES007/SA007S27	SES007	-0.0795231	-10.8137	-10.7342
BLOCK00/SES007/SA007S29	SES007	0.00248623	-8.55155	-8.55404
BLOCK00/SES008/SA008S11	SES008	1.55662	-7.20132	-8.75794
BLOCK00/SES008/SA008S12	SES008	0.835317	-8.05356	-8.88888
BLOCK00/SES008/SA008S19	SES008	0.990109	-8.23332	-9.22343
BLOCK00/SES008/SA008S22	SES008	0.967542	-8.80371	-9.77125
BLOCK00/SES008/SA008S29	SES008	0.922276	-7.86056	-8.78284
BLOCK01/SES014/SA014S10	SES014	0.831211	-9.08062	-9.91183
BLOCK01/SES014/SA014S12	SES014	1.02692	-8.90497	-9.93189
BLOCK01/SES014/SA014S24	SES014	1.67389	-8.61786	-10.2917
BLOCK01/SES014/SA014S26	SES014	1.24419	-8.65523	-9.89942
BLOCK01/SES014/SA014S28	SES014	1.69389	-7.8133	-9.50719
BLOCK01/SES016/SA016S12	SES016	0.20482	-11.4372	-11.642
BLOCK01/SES016/SA016S13	SES016	0.784442	-9.32547	-10.1099
BLOCK01/SES016/SA016S22	SES016	0.385225	-9.10666	-9.49188
BLOCK01/SES016/SA016S25	SES016	0.307641	-8.23129	-8.53893
BLOCK01/SES016/SA016S27	SES016	0.850589	-9.28146	-10.1321
BLOCK01/SES019/SA019S13	SES019	2.31989	-8.38048	-10.7004
BLOCK01/SES019/SA019S14	SES019	0.34164	-10.3498	-10.6914
BLOCK01/SES019/SA019S22	SES019	1.32839	-8.8076	-10.136
BLOCK01/SES019/SA019S25	SES019	0.88942	-9.5321	-10.4215
BLOCK01/SES019/SA019S29	SES019	1.99906	-9.63327	-11.6323
BLOCK02/SES029/SA029S11	SES029	0.348158	-8.31279	-8.66095
BLOCK02/SES029/SA029S12	SES029	0.50023	-8.46114	-8.96137
BLOCK02/SES029/SA029S20	SES029	0.597727	-8.10003	-8.69776
BLOCK02/SES029/SA029S25	SES029	0.691572	-8.72181	-9.41339
BLOCK02/SES029/SA029S28	SES029	0.602294	-8.81822	-9.42051
BLOCK04/SES042/SA042S12	SES042	0.565616	-9.18293	-9.74855
BLOCK04/SES042/SA042S15	SES042	0.883243	-8.25168	-9.13492
BLOCK04/SES042/SA042S22	SES042	1.46847	-10.0261	-11.4946
BLOCK04/SES042/SA042S25	SES042	0.747508	-10.6233	-11.3708
BLOCK04/SES042/SA042S27	SES042	0.92061	-10.342	-11.2626
BLOCK04/SES048/SA048S11	SES048	0.27684	-8.5972	-8.87404
BLOCK04/SES048/SA048S12	SES048	0.358377	-9.39296	-9.75134
BLOCK04/SES048/SA048S20	SES048	-0.439687	-9.58397	-9.14428
BLOCK04/SES048/SA048S23	SES048	0.661861	-8.83949	-9.50136
BLOCK04/SES048/SA048S27	SES048	0.246886	-9.36917	-9.61606
BLOCK06/SES060/SA060S11	SES060	1.34731	-8.79766	-10.145
BLOCK06/SES060/SA060S12	SES060	1.11339	-9.33367	-10.4471
BLOCK06/SES060/SA060S22	SES060	-1.36062	-11.856	-10.4954
BLOCK06/SES060/SA060S24	SES060	0.682469	-8.02057	-8.70304
BLOCK06/SES060/SA060S28	SES060	0.590801	-7.9165	-8.5073
BLOCK06/SES062/SA062S10	SES062	0.402345	-8.82579	-9.22814
BLOCK06/SES062/SA062S11	SES062	0.512999	-9.59142	-10.1044
BLOCK06/SES062/SA062S21	SES062	0.97831	-7.19819	-8.1765
BLOCK06/SES062/SA062S26	SES062	0.323946	-9.04701	-9.37095
BLOCK06/SES062/SA062S29	SES062	0.959466	-8.10425	-9.06371
BLOCK06/SES068/SA068S14	SES068	0.00341702	-9.55368	-9.5571
BLOCK06/SES068/SA068S15	SES068	0.562974	-9.18483	-9.7478
BLOCK06/SES068/SA068S23	SES068	-0.053051	-9.42484	-9.37179
BLOCK06/SES068/SA068S27	SES068	0.981395	-8.72992	-9.71131
BLOCK06/SES068/SA068S29	SES068	0.358299	-9.21342	-9.57172
BLOCK08/SES082/SA082S12	SES082	0.121138	-9.37442	-9.49556
BLOCK08/SES082/SA082S14	SES082	0.496605	-9.58838	-10.085
BLOCK08/SES082/SA082S21	SES082	0.514862	-8.91292	-9.42779
BLOCK08/SES082/SA082S24	SES082	0.564889	-9.02599	-9.59088
BLOCK08/SES082/SA082S28	SES082	0.47569	-9.16455	-9.64023
BLOCK08/SES083/SA083S14	SES083	0.497831	-8.93402	-9.43185
BLOCK08/SES083/SA083S15	SES083	0.854391	-8.11177	-8.96616
BLOCK08/SES083/SA083S24	SES083	0.290204	-8.74017	-9.03038
BLOCK08/SES083/SA083S26	SES083	0.532442	-9.5671	-10.0995
BLOCK08/SES083/SA083S29	SES083	0.248107	-9.24638	-9.49449
BLOCK08/SES085/SA085S10	SES085	0.277482	-8.12116	-8.39864
BLOCK08/SES085/SA085S13	SES085	0.267002	-9.4932	-9.7602
BLOCK08/SES085/SA085S22	SES085	0.910961	-8.47426	-9.38522
BLOCK08/SES085/SA085S26	SES085	-0.0977783	-9.90749	-9.80971
BLOCK08/SES085/SA085S28	SES085	0.334365	-8.68925	-9.02361
BLOCK08/SES087/SA087S15	SES087	0.341166	-9.60126	-9.94243
BLOCK08/SES087/SA087S16	SES087	0.75096	-9.52578	-10.2767
BLOCK08/SES087/SA087S24	SES087	0.709044	-9.66658	-10.3756
BLOCK08/SES087/SA087S26	SES087	-0.155697	-9.18902	-9.03332
BLOCK08/SES087/SA087S29	SES087	0.716826	-8.65166	-9.36848
BLOCK09/SES099/SA099S15	SES099	0.829176	-9.64361	-10.4728
BLOCK09/SES099/SA099S16	SES099	0.640333	-9.21484	-9.85517
BLOCK09/SES099/SA099S24	SES099	0.649669	-9.32367	-9.97334
BLOCK09/SES099/SA099S26	SES099	1.28923	-9.09727	-10.3865
BLOCK09/SES099/SA099S29	SES099	0.79433	-9.41638	-10.2107
BLOCK10/SES101/SA101S11	SES101	0.263461	-8.24902	-8.51249
BLOCK10/SES101/SA101S13	SES101	0.721515	-7.56015	-8.28167
BLOCK10/SES101/SA101S22	SES101	0.471671	-10.0152	-10.4868
BLOCK10/SES101/SA101S24	SES101	0.862264	-8.32346	-9.18573
BLOCK10/SES101/SA101S28	SES101	0.742205	-8.8625	-9.6047
BLOCK10/SES104/SA104S11	SES104	0.308075	-8.77442	-9.08249
BLOCK10/SES104/SA104S12	SES104	0.819058	-8.74806	-9.56712
BLOCK10/SES104/SA104S21	SES104	0.904517	-9.39041	-10.2949
BLOCK10/SES104/SA104S24	SES104	0.0920362	-9.74804	-9.84008
BLOCK10/SES104/SA104S28	SES104	0.770759	-9.42509	-10.1958
BLOCK10/SES105/SA105S12	SES105	0.616024	-9.36266	-9.97869
BLOCK10/SES105/SA105S13	SES105	0.0182734	-9.21327	-9.23155
BLOCK10/SES105/SA105S22	SES105	0.623384	-9.2725	-9.89589
BLOCK10/SES105/SA105S26	SES105	0.737253	-9.51554	-10.2528
BLOCK10/SES105/SA105S29	SES105	1.04184	-8.25304	-9.29488
BLOCK10/SES106/SA106S09	SES106	0.654133	-9.74772	-10.4019
BLOCK10/SES106/SA106S11	SES106	0.735254	-8.76412	-9.49937
BLOCK10/SES106/SA106S22	SES106	0.79387	-10.0412	-10.8351
BLOCK10/SES106/SA106S27	SES106	0.118327	-9.24219	-9.36052
BLOCK10/SES106/SA106S29	SES106	0.367611	-8.25724	-8.62485
BLOCK11/SES117/SA117S12	SES117	0.237632	-10.0232	-10.2608
BLOCK11/SES117/SA117S13	SES117	-0.240769	-10.2407	-9.9999
BLOCK11/SES117/SA117S23	SES117	1.09253	-9.94637	-11.0389
BLOCK11/SES117/SA117S25	SES117	0.870255	-9.24973	-10.12
BLOCK11/SES117/SA117S28	SES117	0.973478	-9.4691	-10.4426
BLOCK12/SES120/SA120S08	SES120	0.187396	-9.94624	-10.1336
BLOCK12/SES120/SA120S11	SES120	0.820744	-12.5277	-13.3485
BLOCK12/SES120/SA120S22	SES120	0.620257	-8.69291	-9.31317
BLOCK12/SES120/SA120S24	SES120	0.366297	-9.85277	-10.2191
BLOCK12/SES120/SA120S28	SES120	-0.286653	-9.92606	-9.63941
BLOCK12/SES125/SA125S13	SES125	0.709443	-9.16748	-9.87692
BLOCK12/SES125/SA125S14	SES125	0.193201	-9.7114	-9.90461
BLOCK12/SES125/SA125S25	SES125	0.97013	-9.38214	-10.3523
BLOCK12/SES125/SA125S27	SES125	0.557179	-8.48956	-9.04674
BLOCK12/SES125/SA125S29	SES125	0.481969	-8.75336	-9.23533
BLOCK12/SES127/SA127S11	SES127	0.469494	-8.8657	-9.3352
BLOCK12/SES127/SA127S12	SES127	0.219673	-7.3679	-7.58758
BLOCK12/SES127/SA127S23	SES127	0.262771	-8.09921	-8.36198
BLOCK12/SES127/SA127S25	SES127	0.461409	-8.2158	-8.67721
BLOCK12/SES127/SA127S27	SES127	0.80597	-8.15368	-8.95965
BLOCK12/SES129/SA129S11	SES129	0.265207	-8.00213	-8.26734
BLOCK12/SES129/SA129S12	SES129	0.356941	-7.88096	-8.2379
BLOCK12/SES129/SA129S22	SES129	0.0964174	-9.26477	-9.36119
BLOCK12/SES129/SA129S27	SES129	0.640825	-8.20768	-8.84851
BLOCK12/SES129/SA129S29	SES129	0.340069	-9.69488	-10.0349
BLOCK14/SES142/SA142S11	SES142	1.32106	-7.69935	-9.02041
BLOCK14/SES142/SA142S12	SES142	0.89492	-8.64947	-9.54439
BLOCK14/SES142/SA142S24	SES142	0.726897	-8.41894	-9.14584
BLOCK14/SES142/SA142S27	SES142	0.563117	-8.34029	-8.90341
BLOCK14/SES142/SA142S29	SES142	0.577822	-7.91125	-8.48907
BLOCK14/SES143/SA143S12	SES143	0.956015	-8.92368	-9.87969
BLOCK14/SES143/SA143S13	SES143	0.911694	-8.63609	-9.54778
BLOCK14/SES143/SA143S23	SES143	0.687869	-8.52853	-9.2164
BLOCK14/SES143/SA143S25	SES143	0.24433	-9.75788	-10.0022
BLOCK14/SES143/SA143S28	SES143	0.661892	-9.09623	-9.75812
BLOCK14/SES144/SA144S09	SES144	0.18569	-8.97287	-9.15856
BLOCK14/SES144/SA144S11	SES144	0.0995102	-9.11411	-9.21362
BLOCK14/SES144/SA144S21	SES144	-0.143381	-9.6065	-9.46312
BLOCK14/SES144/SA144S25	SES144	0.410754	-8.70644	-9.1172
BLOCK14/SES144/SA144S29	SES144	-0.310824	-10.4794	-10.1686
BLOCK14/SES146/SA146S14	SES146	0.418652	-9.16074	-9.57939
BLOCK14/SES146/SA146S15	SES146	0.177538	-9.70317	-9.8807
BLOCK14/SES146/SA146S24	SES146	0.872128	-8.92164	-9.79377
BLOCK14/SES146/SA146S26	SES146	0.590153	-8.98696	-9.57711
BLOCK14/SES146/SA146S29	SES146	0.508302	-9.53689	-10.0452
BLOCK14/SES147/SA147S11	SES147	-0.107026	-9.95646	-9.84943
BLOCK14/SES147/SA147S13	SES147	-0.0715952	-8.5471	-8.4755
BLOCK14/SES147/SA147S23	SES147	0.550064	-8.8912	-9.44126
BLOCK14/SES147/SA147S26	SES147	0.567591	-8.89346	-9.46105
BLOCK14/SES147/SA147S28	SES147	0.598209	-8.27734	-8.87555
BLOCK14/SES148/SA148S10	SES148	0.315186	-8.03451	-8.3497
BLOCK14/SES148/SA148S12	SES148	0.633777	-9.0812	-9.71498
BLOCK14/SES148/SA148S22	SES148	0.225125	-8.45025	-8.67537
BLOCK14/SES148/SA148S26	SES148	0.364634	-7.72702	-8.09165
BLOCK14/SES148/SA148S29	SES148	0.290471	-8.86514	-9.15562
BLOCK14/SES149/SA149S13	SES149	0.375437	-8.65416	-9.0296
BLOCK14/SES149/SA149S14	SES149	0.403241	-8.30862	-8.71187
BLOCK14/SES149/SA149S24	SES149	0.416604	-8.86253	-9.27914
BLOCK14/SES149/SA149S26	SES149	0.517355	-8.2397	-8.75705
BLOCK14/SES149/SA149S28	SES149	0.52986	-8.35025	-8.88011
BLOCK15/SES158/SA158S13	SES158	0.640813	-9.4709	-10.1117
BLOCK15/SES158/SA158S14	SES158	0.468417	-10.4194	-10.8878
BLOCK15/SES158/SA158S23	SES158	0.387655	-8.61765	-9.00531
BLOCK15/SES158/SA158S26	SES158	0.783251	-9.11796	-9.90121
BLOCK15/SES158/SA158S28	SES158	0.147619	-9.65368	-9.8013
BLOCK16/SES162/SA162S10	SES162	0.180325	-9.46808	-9.6484
BLOCK16/SES162/SA162S11	SES162	0.483919	-8.48929	-8.97321
BLOCK16/SES162/SA162S21	SES162	1.11856	-8.19418	-9.31275
BLOCK16/SES162/SA162S24	SES162	0.799262	-8.438	-9.23726
BLOCK16/SES162/SA162S27	SES162	0.748279	-9.72558	-10.4739
BLOCK16/SES167/SA167S14	SES167	1.57608	-7.56433	-9.14041
BLOCK16/SES167/SA167S15	SES167	1.19981	-7.50562	-8.70543
BLOCK16/SES167/SA167S21	SES167	1.42612	-7.4396	-8.86571
BLOCK16/SES167/SA167S25	SES167	1.78018	-7.73246	-9.51264
BLOCK16/SES167/SA167S29	SES167	2.02024	-6.81483	-8.83507
BLOCK17/SES172/SA172S12	SES172	0.402766	-9.5559	-9.95866
BLOCK17/SES172/SA172S13	SES172	0.922906	-9.33858	-10.2615
BLOCK17/SES172/SA172S23	SES172	0.754957	-8.2548	-9.00975
BLOCK17/SES172/SA172S27	SES172	0.118077	-10.1377	-10.2558
BLOCK17/SES172/SA172S29	SES172	0.841671	-8.85195	-9.69362
BLOCK17/SES175/SA175S11	SES175	0.29767	-9.58359	-9.88126
BLOCK17/SES175/SA175S13	SES175	0.0882478	-7.71551	-7.80376
BLOCK17/SES175/SA175S23	SES175	0.293431	-8.24626	-8.53969
BLOCK17/SES175/SA175S25	SES175	-0.31882	-10.0101	-9.69131
BLOCK17/SES175/SA175S28	SES175	0.546571	-8.54924	-9.09581
BLOCK17/SES177/SA177S15	SES177	0.74881	-9.41066	-10.1595
BLOCK17/SES177/SA177S17	SES177	0.574568	-9.40744	-9.98201
BLOCK17/SES177/SA177S23	SES177	0.222483	-9.34871	-9.57119
BLOCK17/SES177/SA177S26	SES177	1.00271	-7.60957	-8.61229
BLOCK17/SES177/SA177S28	SES177	0.816105	-9.33165	-10.1478
BLOCK18/SES180/SA180S13	SES180	0.398847	-9.9711	-10.37
BLOCK18/SES180/SA180S15	SES180	0.507962	-8.8785	-9.38647
BLOCK18/SES180/SA180S24	SES180	0.651853	-7.89462	-8.54647
BLOCK18/SES180/SA180S26	SES180	0.207786	-8.60573	-8.81352
BLOCK18/SES180/SA180S29	SES180	-0.322286	-9.76033	-9.43804
BLOCK18/SES183/SA183S13	SES183	0.741762	-8.56429	-9.30605
BLOCK18/SES183/SA183S14	SES183	-0.0704451	-9.50101	-9.43056
BLOCK18/SES183/SA183S24	SES183	0.903307	-9.50637	-10.4097
BLOCK18/SES183/SA183S27	SES183	0.648356	-9.63855	-10.2869
BLOCK18/SES183/SA183S29	SES183	0.762208	-8.9109	-9.67311
BLOCK18/SES187/SA187S13	SES187	-0.00435066	-10.2742	-10.2698
BLOCK18/SES187/SA187S14	SES187	0.831946	-10.0388	-10.8708
BLOCK18/SES187/SA187S24	SES187	0.443349	-9.67099	-10.1143
BLOCK18/SES187/SA187S27	SES187	0.329073	-10.0099	-10.339
BLOCK18/SES187/SA187S29	SES187	0.511481	-10.9739	-11.4854
BLOCK18/SES189/SA189S10	SES189	1.10667	-9.5084	-10.6151
BLOCK18/SES189/SA189S13	SES189	0.978034	-10.7584	-11.7364
BLOCK18/SES189/SA189S24	SES189	1.05371	-8.4054	-9.45911
BLOCK18/SES189/SA189S26	SES189	0.796036	-9.10691	-9.90294
BLOCK18/SES189/SA189S29	SES189	1.21792	-8.98827	-10.2062
BLOCK20/SES202/SA202S12	SES202	0.523071	-9.16088	-9.68395
BLOCK20/SES202/SA202S14	SES202	1.09385	-8.81401	-9.90786
BLOCK20/SES202/SA202S24	SES202	0.374691	-9.68884	-10.0635
BLOCK20/SES202/SA202S27	SES202	0.517936	-8.75673	-9.27466
BLOCK20/SES202/SA202S29	SES202	0.457249	-8.92449	-9.38173
BLOCK20/SES206/SA206S15	SES206	0.28234	-8.23861	-8.52095
BLOCK20/SES206/SA206S17	SES206	1.37907	-9.19583	-10.5749
BLOCK20/SES206/SA206S24	SES206	1.376	-7.88422	-9.26021
BLOCK20/SES206/SA206S27	SES206	0.848653	-9.67971	-10.5284
BLOCK20/SES206/SA206S29	SES206	1.97788	-8.33111	-10.309
BLOCK22/SES226/SA226S12	SES226	0.434173	-9.49986	-9.93403
BLOCK22/SES226/SA226S13	SES226	-0.359475	-10.675	-10.3156
BLOCK22/SES226/SA226S20	SES226	0.011734	-10.0039	-10.0156
BLOCK22/SES226/SA226S23	SES226	0.104452	-9.3726	-9.47705
BLOCK22/SES226/SA226S28	SES226	0.36035	-8.99763	-9.35798
BLOCK25/SES259/SA259S13	SES259	1.31722	-8.86842	-10.1856
BLOCK25/SES259/SA259S14	SES259	1.11521	-8.33633	-9.45155
BLOCK25/SES259/SA259S22	SES259	1.22718	-8.36447	-9.59166
BLOCK25/SES259/SA259S24	SES259	0.516766	-9.34931	-9.86608
BLOCK25/SES259/SA259S28	SES259	0.715351	-8.81688	-9.53223
BLOCK27/SES270/SA270S14	SES270	1.61545	-8.83574	-10.4512
BLOCK27/SES270/SA270S16	SES270	0.646762	-8.32062	-8.96738
BLOCK27/SES270/SA270S22	SES270	1.63014	-8.41644	-10.0466
BLOCK27/SES270/SA270S26	SES270	1.15936	-8.41051	-9.56987
BLOCK27/SES270/SA270S28	SES270	1.03075	-8.5167	-9.54745
BLOCK27/SES275/SA275S17	SES275	-0.0926857	-8.97157	-8.87889
BLOCK27/SES275/SA275S18	SES275	-0.142321	-9.38412	-9.2418
BLOCK27/SES275/SA275S24	SES275	-0.23205	-9.61421	-9.38216
BLOCK27/SES275/SA275S26	SES275	0.350213	-8.8512	-9.20141
BLOCK27/SES275/SA275S28	SES275	0.311013	-9.02471	-9.33572
BLOCK29/SES292/SA292S10	SES292	-0.975504	-9.50337	-8.52787
BLOCK29/SES292/SA292S12	SES292	-0.454746	-10.969	-10.5142
BLOCK29/SES292/SA292S22	SES292	0.0818529	-9.76538	-9.84723
BLOCK29/SES292/SA292S24	SES292	-0.616916	-10.3393	-9.72238
BLOCK29/SES292/SA292S27	SES292	-0.294685	-9.45264	-9.15795
BLOCK00/SES001/SA001S14	SES062	-1.14067	-11.2533	-10.1126
BLOCK00/SES001/SA001S14	SES082	-0.272134	-10.3847	-10.1126
BLOCK00/SES001/SA001S14	SES106	-0.360583	-10.4732	-10.1126
BLOCK00/SES001/SA001S14	SES206	-0.403773	-10.5164	-10.1126
BLOCK00/SES001/SA001S15	SES062	-0.536516	-9.28141	-8.7449
BLOCK00/SES001/SA001S15	SES104	-0.663803	-9.4087	-8.7449
BLOCK00/SES001/SA001S15	SES106	-0.436815	-9.18171	-8.7449
BLOCK00/SES001/SA001S15	SES206	-0.914219	-9.65912	-8.7449
BLOCK00/SES001/SA001S24	SES062	-0.672352	-9.71038	-9.03803
BLOCK00/SES001/SA001S24	SES082	-0.536362	-9.57439	-9.03803
BLOCK00/SES001/SA001S24	SES087	-1.41181	-10.4498	-9.03803
BLOCK00/SES001/SA001S24	SES206	-0.680281	-9.71831	-9.03803
BLOCK00/SES001/SA001S27	SES062	0.26321	-7.448	-7.71121
BLOCK00/SES001/SA001S27	SES082	-0.0489101	-7.76012	-7.71121
BLOCK00/SES001/SA001S27	SES087	-0.885656	-8.59687	-7.71121
BLOCK00/SES001/SA001S27	SES206	-0.210523	-7.92173	-7.71121
BLOCK00/SES001/SA001S29	SES062	-0.580479	-9.9897	-9.40923
BLOCK00/SES001/SA001S29	SES082	-0.511119	-9.92034	-9.40923
BLOCK00/SES001/SA001S29	SES158	-0.221882	-9.63111	-9.40923
BLOCK00/SES001/SA001S29	SES206	-0.701354	-10.1106	-9.40923
BLOCK00/SES003/SA003S11	SES002	0.414596	-9.46965	-9.88425
BLOCK00/SES003/SA003S11	SES019	-0.672318	-10.5566	-9.88425
BLOCK00/SES003/SA003S11	SES082	0.0788546	-9.80539	-9.88425
BLOCK00/SES003/SA003S11	SES125	0.0158253	-9.86842	-9.88425
BLOCK00/SES003/SA003S15	SES016	-1.78591	-10.1012	-8.31533
BLOCK00/SES003/SA003S15	SES019	-4.475	-12.7903	-8.31533
BLOCK00/SES003/SA003S15	SES062	-0.0704126	-8.38574	-8.31533
BLOCK00/SES003/SA003S15	SES206	-0.663673	-8.979	-8.31533
BLOCK00/SES003/SA003S22	SES002	0.113079	-9.37233	-9.48541
BLOCK00/SES003/SA003S22	SES062	0.883554	-8.60185	-9.48541
BLOCK00/SES003/SA003S22	SES082	0.324614	-9.1608	-9.48541
BLOCK00/SES003/SA003S22	SES087	-0.260371	-9.74578	-9.48541
BLOCK00/SES003/SA003S25	SES062	0.285825	-10.9957	-11.2815
BLOCK00/SES003/SA003S25	SES082	-0.276982	-11.5585	-11.2815
BLOCK00/SES003/SA003S25	SES087	0.909534	-10.372	-11.2815
BLOCK00/SES003/SA003S25	SES206	-0.906631	-12.1881	-11.2815
BLOCK00/SES003/SA003S29	SES002	0.375295	-9.54214	-9.91743
BLOCK00/SES003/SA003S29	SES062	0.100389	-9.81704	-9.91743
BLOCK00/SES003/SA003S29	SES082	-0.396605	-10.314	-9.91743
BLOCK00/SES003/SA003S29	SES087	-0.299598	-10.217	-9.91743
BLOCK00/SES004/SA004S12	SES083	-0.244024	-8.779	-8.53498
BLOCK00/SES004/SA004S12	SES148	-0.502048	-9.03703	-8.53498
BLOCK00/SES004/SA004S12	SES172	-0.0233335	-8.55831	-8.53498
BLOCK00/SES004/SA004S12	SES292	-0.680743	-9.21572	-8.53498
BLOCK00/SES004/SA004S17	SES083	-0.153025	-9.0891	-8.93608
BLOCK00/SES004/SA004S17	SES162	0.00136948	-8.93471	-8.93608
BLOCK00/SES004/SA004S17	SES172	-0.0150986	-8.95117	-8.93608
BLOCK00/SES004/SA004S17	SES292	-0.542235	-9.47831	-8.93608
BLOCK00/SES004/SA004S24	SES083	0.0644712	-8.68451	-8.74898
BLOCK00/SES004/SA004S24	SES148	-0.500684	-9.24966	-8.74898
BLOCK00/SES004/SA004S24	SES172	-0.207232	-8.95621	-8.74898
BLOCK00/SES004/SA004S24	SES292	-0.552806	-9.30178	-8.74898
BLOCK00/SES004/SA004S26	SES083	-0.221755	-9.66155	-9.4398
BLOCK00/SES004/SA004S26	SES127	0.553661	-8.88614	-9.4398
BLOCK00/SES004/SA004S26	SES148	-0.646643	-10.0864	-9.4398
BLOCK00/SES004/SA004S26	SES292	-0.830906	-10.2707	-9.4398
BLOCK00/SES004/SA004S28	SES083	0.0883455	-8.91634	-9.00469
BLOCK00/SES004/SA004S28	SES127	0.658319	-8.34637	-9.00469
BLOCK00/SES004/SA004S28	SES187	0.16177	-8.84292	-9.00469
BLOCK00/SES004/SA004S28	SES292	-0.19445	-9.19914	-9.00469
BLOCK00/SES006/SA006S10	SES014	-0.89452	-11.6825	-10.788
BLOCK00/SES006/SA006S10	SES158	-0.49727	-11.2853	-10.788
BLOCK00/SES006/SA006S10	SES226	-1.00397	-11.792	-10.788
BLOCK00/SES006/SA006S10	SES270	-0.0923958	-10.8804	-10.788
BLOCK00/SES006/SA006S11	SES158	-0.302521	-11.0934	-10.7909
BLOCK00/SES006/SA006S11	SES226	-0.300542	-11.0914	-10.7909
BLOCK00/SES006/SA006S11	SES270	0.463055	-10.3278	-10.7909
BLOCK00/SES006/SA006S11	SES275	-1.19015	-11.981	-10.7909
BLOCK00/SES006/SA006S23	SES062	-1.39591	-12.6394	-11.2435
BLOCK00/SES006/SA006S23	SES105	-2.28674	-13.5302	-11.2435
BLOCK00/SES006/SA006S23	SES158	-0.840606	-12.0841	-11.2435
BLOCK00/SES006/SA006S23	SES275	-1.12774	-12.3712	-11.2435
BLOCK00/SES006/SA006S26	SES104	-1.03198	-11.8014	-10.7694
BLOCK00/SES006/SA006S26	SES158	-0.791626	-11.561	-10.7694
BLOCK00/SES006/SA006S26	SES270	0.11443	-10.655	-10.7694
BLOCK00/SES006/SA006S26	SES275	-1.19341	-11.9628	-10.7694
BLOCK00/SES006/SA006S28	SES007	-1.06681	-12.129	-11.0622
BLOCK00/SES006/SA006S28	SES105	-1.28313	-12.3453	-11.0622
BLOCK00/SES006/SA006S28	SES158	-0.393641	-11.4558	-11.0622
BLOCK00/SES006/SA006S28	SES275	-1.5818	-12.644	-11.0622
BLOCK00/SES009/SA009S12	SES083	-0.729435	-10.6357	-9.90625
BLOCK00/SES009/SA009S12	SES148	-2.26099	-12.1672	-9.90625
BLOCK00/SES009/SA009S12	SES177	0.00211906	-9.90413	-9.90625
BLOCK00/SES009/SA009S12	SES292	-0.113697	-10.0199	-9.90625
BLOCK00/SES009/SA009S15	SES007	-0.0318851	-9.30149	-9.26961
BLOCK00/SES009/SA009S15	SES099	-1.8203	-11.0899	-9.26961
BLOCK00/SES009/SA009S15	SES148	-0.95719	-10.2268	-9.26961
BLOCK00/SES009/SA009S15	SES172	-0.727671	-9.99728	-9.26961
BLOCK00/SES009/SA009S24	SES146	0.00234032	-9.95979	-9.96213
BLOCK00/SES009/SA009S24	SES148	-1.52714	-11.4893	-9.96213
BLOCK00/SES009/SA009S24	SES177	0.320245	-9.64189	-9.96213
BLOCK00/SES009/SA009S24	SES292	-0.159259	-10.1214	-9.96213
BLOCK00/SES009/SA009S26	SES083	-0.71364	-10.0693	-9.35566
BLOCK00/SES009/SA009S26	SES101	-0.881042	-10.2367	-9.35566
BLOCK00/SES009/SA009S26	SES120	0.00809669	-9.34756	-9.35566
BLOCK00/SES009/SA009S26	SES177	-0.157454	-9.51311	-9.35566
BLOCK00/SES009/SA009S29	SES083	-0.663632	-10.1081	-9.44451
BLOCK00/SES009/SA009S29	SES101	-0.908696	-10.3532	-9.44451
BLOCK00/SES009/SA009S29	SES177	0.0940018	-9.3505	-9.44451
BLOCK00/SES009/SA009S29	SES292	-0.0839672	-9.52847	-9.44451
BLOCK01/SES011/SA011S10	SES019	-3.18287	-14.3771	-11.1943
BLOCK01/SES011/SA011S10	SES042	0.51401	-10.6803	-11.1943
BLOCK01/SES011/SA011S10	SES082	-0.503574	-11.6978	-11.1943
BLOCK01/SES011/SA011S10	SES206	0.307096	-10.8872	-11.1943
BLOCK01/SES011/SA011S11	SES019	-1.84159	-11.8558	-10.0142
BLOCK01/SES011/SA011S11	SES042	0.0498524	-9.96437	-10.0142
BLOCK01/SES011/SA011S11	SES082	-0.19386	-10.2081	-10.0142
BLOCK01/SES011/SA011S11	SES206	0.00507927	-10.0091	-10.0142
BLOCK01/SES011/SA011S22	SES019	-1.73982	-12.147	-10.4072
BLOCK01/SES011/SA011S22	SES042	0.157443	-10.2497	-10.4072
BLOCK01/SES011/SA011S22	SES082	-0.548926	-10.9561	-10.4072
BLOCK01/SES011/SA011S22	SES206	0.0229445	-10.3842	-10.4072
BLOCK01/SES011/SA011S24	SES019	-2.42478	-12.2444	-9.81957
BLOCK01/SES011/SA011S24	SES042	0.733642	-9.08593	-9.81957
BLOCK01/SES011/SA011S24	SES104	0.415874	-9.4037	-9.81957
BLOCK01/SES011/SA011S24	SES206	0.375056	-9.44452	-9.81957
BLOCK01/SES011/SA011S27	SES082	-0.0355997	-9.92089	-9.88529
BLOCK01/SES011/SA011S27	SES087	-1.10805	-10.9933	-9.88529
BLOCK01/SES011/SA011S27	SES125	-0.0193968	-9.90468	-9.88529
BLOCK01/SES011/SA011S27	SES206	0.0507917	-9.83449	-9.88529
BLOCK01/SES012/SA012S11	SES007	-0.272346	-9.10341	-8.83106
BLOCK01/SES012/SA012S11	SES082	0.525212	-8.30585	-8.83106
BLOCK01/SES012/SA012S11	SES083	-0.442846	-9.27391	-8.83106
BLOCK01/SES012/SA012S11	SES206	0.432815	-8.39825	-8.83106
BLOCK01/SES012/SA012S14	SES082	0.106761	-10.0319	-10.1387
BLOCK01/SES012/SA012S14	SES087	-1.10779	-11.2465	-10.1387
BLOCK01/SES012/SA012S14	SES206	0.305918	-9.83276	-10.1387
BLOCK01/SES012/SA012S14	SES292	-0.754196	-10.8929	-10.1387
BLOCK01/SES012/SA012S24	SES082	0.704696	-9.95833	-10.663
BLOCK01/SES012/SA012S24	SES087	-0.565292	-11.2283	-10.663
BLOCK01/SES012/SA012S24	SES120	-0.0896378	-10.7527	-10.663
BLOCK01/SES012/SA012S24	SES206	0.588142	-10.0749	-10.663
BLOCK01/SES012/SA012S26	SES019	-4.45059	-15.5386	-11.088
BLOCK01/SES012/SA012S26	SES082	-0.133657	-11.2217	-11.088
BLOCK01/SES012/SA012S26	SES206	1.23575	-9.85224	-11.088
BLOCK01/SES012/SA012S26	SES292	-0.346487	-11.4345	-11.088
BLOCK01/SES012/SA012S29	SES062	-0.394097	-8.77148	-8.37739
BLOCK01/SES012/SA012S29	SES082	0.32112	-8.05627	-8.37739
BLOCK01/SES012/SA012S29	SES083	-0.58477	-8.96216	-8.37739
BLOCK01/SES012/SA012S29	SES206	0.308549	-8.06884	-8.37739
BLOCK01/SES013/SA013S16	SES062	-1.70329	-13.077	-11.3737
BLOCK01/SES013/SA013S16	SES106	-0.39255	-11.7662	-11.3737
BLOCK01/SES013/SA013S16	SES206	-0.518856	-11.8925	-11.3737
BLOCK01/SES013/SA013S16	SES226	-0.642641	-12.0163	-11.3737
BLOCK01/SES013/SA013S17	SES062	-0.400907	-10.5361	-10.1351
BLOCK01/SES013/SA013S17	SES106	-0.166429	-10.3016	-10.1351
BLOCK01/SES013/SA013S17	SES206	-0.168649	-10.3038	-10.1351
BLOCK01/SES013/SA013S17	SES226	0.0795145	-10.0556	-10.1351
BLOCK01/SES013/SA013S23	SES104	-0.231735	-11.4025	-11.1708
BLOCK01/SES013/SA013S23	SES106	0.112995	-11.0578	-11.1708
BLOCK01/SES013/SA013S23	SES206	-0.582724	-11.7535	-11.1708
BLOCK01/SES013/SA013S23	SES270	-0.815545	-11.9863	-11.1708
BLOCK01/SES013/SA013S25	SES042	-1.3007	-11.5598	-10.2591
BLOCK01/SES013/SA013S25	SES104	0.288613	-9.97047	-10.2591
BLOCK01/SES013/SA013S25	SES106	-0.127088	-10.3862	-10.2591
BLOCK01/SES013/SA013S25	SES206	-0.456136	-10.7152	-10.2591
BLOCK01/SES013/SA013S29	SES062	-0.859839	-11.4884	-10.6286
BLOCK01/SES013/SA013S29	SES104	-0.287418	-10.916	-10.6286
BLOCK01/SES013/SA013S29	SES106	0.108227	-10.5204	-10.6286
BLOCK01/SES013/SA013S29	SES206	-0.847361	-11.4759	-10.6286
BLOCK02/SES021/SA021S13	SES016	-0.82621	-10.3302	-9.50398
BLOCK02/SES021/SA021S13	SES029	-0.0782661	-9.58225	-9.50398
BLOCK02/SES021/SA021S13	SES087	-2.60604	-12.11	-9.50398
BLOCK02/SES021/SA021S13	SES206	-0.658425	-10.1624	-9.50398
BLOCK02/SES021/SA021S15	SES087	-1.05157	-10.4671	-9.41557
BLOCK02/SES021/SA021S15	SES125	-0.208423	-9.624	-9.41557
BLOCK02/SES021/SA021S15	SES206	-0.255781	-9.67135	-9.41557
BLOCK02/SES021/SA021S15	SES226	-0.622213	-10.0378	-9.41557
BLOCK02/SES021/SA021S23	SES062	-1.23857	-11.7509	-10.5124
BLOCK02/SES021/SA021S23	SES087	-0.219068	-10.7314	-10.5124
BLOCK02/SES021/SA021S23	SES206	-0.310614	-10.823	-10.5124
BLOCK02/SES021/SA021S23	SES226	-0.338751	-10.8511	-10.5124
BLOCK02/SES021/SA021S27	SES002	-0.241158	-9.38509	-9.14394
BLOCK02/SES021/SA021S27	SES016	-1.44798	-10.5919	-9.14394
BLOCK02/SES021/SA021S27	SES019	-1.7476	-10.8915	-9.14394
BLOCK02/SES021/SA021S27	SES062	-0.222883	-9.36682	-9.14394
BLOCK02/SES021/SA021S29	SES087	-0.57875	-11.2636	-10.6849
BLOCK02/SES021/SA021S29	SES125	-0.2968	-10.9817	-10.6849
BLOCK02/SES021/SA021S29	SES206	0.0866508	-10.5982	-10.6849
BLOCK02/SES021/SA021S29	SES226	-0.292781	-10.9776	-10.6849
BLOCK04/SES043/SA043S09	SES083	0.380158	-9.87879	-10.2589
BLOCK04/SES043/SA043S09	SES101	0.195808	-10.0631	-10.2589
BLOCK04/SES043/SA043S09	SES144	0.512459	-9.74649	-10.2589
BLOCK04/SES043/SA043S09	SES172	-0.333414	-10.5924	-10.2589
BLOCK04/SES043/SA043S11	SES083	0.48782	-8.84585	-9.33367
BLOCK04/SES043/SA043S11	SES101	0.287706	-9.04597	-9.33367
BLOCK04/SES043/SA043S11	SES144	0.669259	-8.66441	-9.33367
BLOCK04/SES043/SA043S11	SES172	0.00529003	-9.32838	-9.33367
BLOCK04/SES043/SA043S23	SES083	0.54033	-9.13515	-9.67548
BLOCK04/SES043/SA043S23	SES144	0.665553	-9.00993	-9.67548
BLOCK04/SES043/SA043S23	SES177	-0.165684	-9.84117	-9.67548
BLOCK04/SES043/SA043S23	SES275	0.103782	-9.5717	-9.67548
BLOCK04/SES043/SA043S26	SES083	-0.242048	-10.6873	-10.4452
BLOCK04/SES043/SA043S26	SES101	-0.746622	-11.1918	-10.4452
BLOCK04/SES043/SA043S26	SES144	0.386411	-10.0588	-10.4452
BLOCK04/SES043/SA043S26	SES177	-0.519704	-10.9649	-10.4452
BLOCK04/SES043/SA043S28	SES016	-0.637236	-10.4613	-9.82404
BLOCK04/SES043/SA043S28	SES083	0.390455	-9.43359	-9.82404
BLOCK04/SES043/SA043S28	SES101	0.429913	-9.39413	-9.82404
BLOCK04/SES043/SA043S28	SES144	0.0946608	-9.72938	-9.82404
BLOCK04/SES044/SA044S10	SES127	-0.863075	-11.5417	-10.6786
BLOCK04/SES044/SA044S10	SES144	0.417212	-10.2614	-10.6786
BLOCK04/SES044/SA044S10	SES147	-1.30436	-11.983	-10.6786
BLOCK04/SES044/SA044S10	SES148	-0.577603	-11.2562	-10.6786
BLOCK04/SES044/SA044S11	SES101	-0.0114202	-9.69258	-9.68116
BLOCK04/SES044/SA044S11	SES144	0.605358	-9.0758	-9.68116
BLOCK04/SES044/SA044S11	SES147	-0.850823	-10.532	-9.68116
BLOCK04/SES044/SA044S11	SES177	0.00571537	-9.67544	-9.68116
BLOCK04/SES044/SA044S24	SES007	-1.9377	-11.6556	-9.7179
BLOCK04/SES044/SA044S24	SES101	-0.229053	-9.94695	-9.7179
BLOCK04/SES044/SA044S24	SES147	-0.429939	-10.1478	-9.7179
BLOCK04/SES044/SA044S24	SES177	-0.0253754	-9.74327	-9.7179
BLOCK04/SES044/SA044S26	SES007	-0.707912	-9.79077	-9.08286
BLOCK04/SES044/SA044S26	SES016	-0.150527	-9.23338	-9.08286
BLOCK04/SES044/SA044S26	SES101	-0.0825968	-9.16545	-9.08286
BLOCK04/SES044/SA044S26	SES147	0.133086	-8.94977	-9.08286
BLOCK04/SES044/SA044S29	SES007	-1.00378	-10.1531	-9.14932
BLOCK04/SES044/SA044S29	SES101	0.1011	-9.04822	-9.14932
BLOCK04/SES044/SA044S29	SES147	-0.311991	-9.46131	-9.14932
BLOCK04/SES044/SA044S29	SES177	-0.956591	-10.1059	-9.14932
BLOCK04/SES046/SA046S13	SES101	0.116373	-10.7502	-10.8666
BLOCK04/SES046/SA046S13	SES144	0.410706	-10.4559	-10.8666
BLOCK04/SES046/SA046S13	SES147	-0.481231	-11.3478	-10.8666
BLOCK04/SES046/SA046S13	SES177	-0.458006	-11.3246	-10.8666
BLOCK04/SES046/SA046S15	SES048	-1.24719	-9.71732	-8.47013
BLOCK04/SES046/SA046S15	SES083	-0.325289	-8.79542	-8.47013
BLOCK04/SES046/SA046S15	SES120	-1.6844	-10.1545	-8.47013
BLOCK04/SES046/SA046S15	SES148	-0.517342	-8.98747	-8.47013
BLOCK04/SES046/SA046S22	SES101	0.349562	-9.84047	-10.19
BLOCK04/SES046/SA046S22	SES144	0.559529	-9.6305	-10.19
BLOCK04/SES046/SA046S22	SES147	-0.534742	-10.7248	-10.19
BLOCK04/SES046/SA046S22	SES172	0.382045	-9.80798	-10.19
BLOCK04/SES046/SA046S25	SES083	0.124027	-8.80735	-8.93137
BLOCK04/SES046/SA046S25	SES127	-0.500951	-9.43232	-8.93137
BLOCK04/SES046/SA046S25	SES144	0.152162	-8.77921	-8.93137
BLOCK04/SES046/SA046S25	SES148	-0.668789	-9.60016	-8.93137
BLOCK04/SES046/SA046S28	SES007	-0.562782	-10.1181	-9.55533
BLOCK04/SES046/SA046S28	SES105	0.148559	-9.40677	-9.55533
BLOCK04/SES046/SA046S28	SES147	0.171259	-9.38407	-9.55533
BLOCK04/SES046/SA046S28	SES148	-0.824552	-10.3799	-9.55533
BLOCK04/SES049/SA049S16	SES104	0.063942	-11.4535	-11.5175
BLOCK04/SES049/SA049S16	SES106	-1.25218	-12.7696	-11.5175
BLOCK04/SES049/SA049S16	SES120	-0.318244	-11.8357	-11.5175
BLOCK04/SES049/SA049S16	SES206	-0.12294	-11.6404	-11.5175
BLOCK04/SES049/SA049S18	SES099	0.345552	-9.72487	-10.0704
BLOCK04/SES049/SA049S18	SES104	-0.468801	-10.5392	-10.0704
BLOCK04/SES049/SA049S18	SES125	-0.299645	-10.3701	-10.0704
BLOCK04/SES049/SA049S18	SES206	-0.705721	-10.7761	-10.0704
BLOCK04/SES049/SA049S25	SES087	-0.141711	-11.9149	-11.7732
BLOCK04/SES049/SA049S25	SES104	0.343488	-11.4297	-11.7732
BLOCK04/SES049/SA049S25	SES125	-0.151186	-11.9243	-11.7732
BLOCK04/SES049/SA049S25	SES206	-0.515	-12.2882	-11.7732
BLOCK04/SES049/SA049S27	SES099	-0.959674	-11.1259	-10.1662
BLOCK04/SES049/SA049S27	SES104	0.49933	-9.66687	-10.1662
BLOCK04/SES049/SA049S27	SES125	-0.514688	-10.6809	-10.1662
BLOCK04/SES049/SA049S27	SES206	-0.601426	-10.7676	-10.1662
BLOCK04/SES049/SA049S29	SES099	0.220834	-9.85826	-10.0791
BLOCK04/SES049/SA049S29	SES104	1.08244	-8.99665	-10.0791
BLOCK04/SES049/SA049S29	SES125	0.812749	-9.26635	-10.0791
BLOCK04/SES049/SA049S29	SES206	-0.154958	-10.2341	-10.0791
BLOCK06/SES063/SA063S09	SES068	-1.41114	-12.536	-11.1249
BLOCK06/SES063/SA063S09	SES083	-0.239602	-11.3645	-11.1249
BLOCK06/SES063/SA063S09	SES177	-0.394583	-11.5195	-11.1249
BLOCK06/SES063/SA063S09	SES187	-0.484496	-11.6094	-11.1249
BLOCK06/SES063/SA063S10	SES068	-1.30219	-11.5033	-10.2011
BLOCK06/SES063/SA063S10	SES083	-0.619289	-10.8204	-10.2011
BLOCK06/SES063/SA063S10	SES172	-0.128522	-10.3296	-10.2011
BLOCK06/SES063/SA063S10	SES187	-0.96989	-11.171	-10.2011
BLOCK06/SES063/SA063S20	SES068	-1.56235	-12.4487	-10.8864
BLOCK06/SES063/SA063S20	SES083	-0.63691	-11.5233	-10.8864
BLOCK06/SES063/SA063S20	SES172	-0.305668	-11.1921	-10.8864
BLOCK06/SES063/SA063S20	SES187	-0.624772	-11.5112	-10.8864
BLOCK06/SES063/SA063S24	SES029	-0.172397	-11.5774	-11.405
BLOCK06/SES063/SA063S24	SES083	0.572442	-10.8326	-11.405
BLOCK06/SES063/SA063S24	SES177	-0.0953808	-11.5004	-11.405
BLOCK06/SES063/SA063S24	SES189	0.717203	-10.6878	-11.405
BLOCK06/SES063/SA063S27	SES083	-0.156114	-10.6072	-10.4511
BLOCK06/SES063/SA063S27	SES172	-0.544116	-10.9952	-10.4511
BLOCK06/SES063/SA063S27	SES187	-0.643621	-11.0947	-10.4511
BLOCK06/SES063/SA063S27	SES292	-0.450158	-10.9013	-10.4511
BLOCK06/SES067/SA067S12	SES083	-0.904734	-9.4712	-8.56647
BLOCK06/SES067/SA067S12	SES172	-0.801134	-9.3676	-8.56647
BLOCK06/SES067/SA067S12	SES202	0.119823	-8.44665	-8.56647
BLOCK06/SES067/SA067S12	SES292	-0.668242	-9.23471	-8.56647
BLOCK06/SES067/SA067S14	SES085	0.0282168	-7.17961	-7.20783
BLOCK06/SES067/SA067S14	SES177	-1.54336	-8.75119	-7.20783
BLOCK06/SES067/SA067S14	SES183	0.264204	-6.94362	-7.20783
BLOCK06/SES067/SA067S14	SES202	-0.222179	-7.43	-7.20783
BLOCK06/SES067/SA067S21	SES144	-0.658796	-10.7592	-10.1004
BLOCK06/SES067/SA067S21	SES177	-0.79975	-10.9002	-10.1004
BLOCK06/SES067/SA067S21	SES183	-0.211506	-10.3119	-10.1004
BLOCK06/SES067/SA067S21	SES189	-1.08718	-11.1876	-10.1004
BLOCK06/SES067/SA067S25	SES085	-1.62315	-10.7836	-9.16048
BLOCK06/SES067/SA067S25	SES177	-0.714354	-9.87484	-9.16048
BLOCK06/SES067/SA067S25	SES183	-0.293293	-9.45378	-9.16048
BLOCK06/SES067/SA067S25	SES202	-1.08174	-10.2422	-9.16048
BLOCK06/SES067/SA067S29	SES085	-1.44784	-11.2348	-9.78695
BLOCK06/SES067/SA067S29	SES177	-1.17237	-10.9593	-9.78695
BLOCK06/SES067/SA067S29	SES183	-1.04125	-10.8282	-9.78695
BLOCK06/SES067/SA067S29	SES202	-0.0465937	-9.83354	-9.78695
BLOCK06/SES069/SA069S12	SES029	-0.611074	-9.86019	-9.24911
BLOCK06/SES069/SA069S12	SES082	-0.237561	-9.48667	-9.24911
BLOCK06/SES069/SA069S12	SES087	-0.996379	-10.2455	-9.24911
BLOCK06/SES069/SA069S12	SES206	0.00474644	-9.24437	-9.24911
BLOCK06/SES069/SA069S13	SES029	-0.176303	-9.51336	-9.33705
BLOCK06/SES069/SA069S13	SES087	-0.421198	-9.75825	-9.33705
BLOCK06/SES069/SA069S13	SES206	-0.125974	-9.46303	-9.33705
BLOCK06/SES069/SA069S13	SES226	0.418824	-8.91823	-9.33705
BLOCK06/SES069/SA069S23	SES029	0.119164	-8.01137	-8.13054
BLOCK06/SES069/SA069S23	SES087	-0.664658	-8.7952	-8.13054
BLOCK06/SES069/SA069S23	SES206	-0.0294981	-8.16004	-8.13054
BLOCK06/SES069/SA069S23	SES226	-0.585876	-8.71641	-8.13054
BLOCK06/SES069/SA069S25	SES087	-0.864438	-9.9331	-9.06867
BLOCK06/SES069/SA069S25	SES206	-1.11932	-10.188	-9.06867
BLOCK06/SES069/SA069S25	SES226	-0.408271	-9.47694	-9.06867
BLOCK06/SES069/SA069S25	SES270	-1.34899	-10.4177	-9.06867
BLOCK06/SES069/SA069S27	SES087	-0.993166	-10.9509	-9.95771
BLOCK06/SES069/SA069S27	SES206	0.338351	-9.61936	-9.95771
BLOCK06/SES069/SA069S27	SES226	-0.432252	-10.39	-9.95771
BLOCK06/SES069/SA069S27	SES270	-0.918012	-10.8757	-9.95771
BLOCK08/SES081/SA081S11	SES060	-0.386133	-10.1601	-9.77397
BLOCK08/SES081/SA081S11	SES062	-0.0401001	-9.81407	-9.77397
BLOCK08/SES081/SA081S11	SES117	-1.2506	-11.0246	-9.77397
BLOCK08/SES081/SA081S11	SES162	-1.59928	-11.3732	-9.77397
BLOCK08/SES081/SA081S13	SES016	-0.402721	-9.09163	-8.68891
BLOCK08/SES081/SA081S13	SES060	-0.112362	-8.80127	-8.68891
BLOCK08/SES081/SA081S13	SES068	-0.217155	-8.90606	-8.68891
BLOCK08/SES081/SA081S13	SES129	-0.859506	-9.54841	-8.68891
BLOCK08/SES081/SA081S24	SES060	-0.426957	-9.89724	-9.47029
BLOCK08/SES081/SA081S24	SES068	0.0843382	-9.38595	-9.47029
BLOCK08/SES081/SA081S24	SES117	-0.769965	-10.2403	-9.47029
BLOCK08/SES081/SA081S24	SES275	-0.835881	-10.3062	-9.47029
BLOCK08/SES081/SA081S27	SES007	0.184931	-10.6672	-10.8521
BLOCK08/SES081/SA081S27	SES060	-0.314452	-11.1665	-10.8521
BLOCK08/SES081/SA081S27	SES117	-1.05901	-11.9111	-10.8521
BLOCK08/SES081/SA081S27	SES275	-1.77071	-12.6228	-10.8521
BLOCK08/SES081/SA081S29	SES007	0.637773	-10.2783	-10.9161
BLOCK08/SES081/SA081S29	SES060	0.405997	-10.5101	-10.9161
BLOCK08/SES081/SA081S29	SES117	-0.52178	-11.4379	-10.9161
BLOCK08/SES081/SA081S29	SES275	-1.95074	-12.8668	-10.9161
BLOCK08/SES086/SA086S11	SES029	-1.17013	-12.5079	-11.3378
BLOCK08/SES086/SA086S11	SES082	-0.695674	-12.0334	-11.3378
BLOCK08/SES086/SA086S11	SES087	0.170969	-11.1668	-11.3378
BLOCK08/SES086/SA086S11	SES206	-0.517882	-11.8556	-11.3378
BLOCK08/SES086/SA086S12	SES029	-0.699632	-11.2605	-10.5609
BLOCK08/SES086/SA086S12	SES082	-0.536949	-11.0978	-10.5609
BLOCK08/SES086/SA086S12	SES087	0.45902	-10.1019	-10.5609
BLOCK08/SES086/SA086S12	SES206	-0.104315	-10.6652	-10.5609
BLOCK08/SES086/SA086S20	SES029	-1.37552	-11.5449	-10.1694
BLOCK08/SES086/SA086S20	SES082	-0.461168	-10.6306	-10.1694
BLOCK08/SES086/SA086S20	SES087	-0.0584278	-10.2278	-10.1694
BLOCK08/SES086/SA086S20	SES206	-0.377851	-10.5473	-10.1694
BLOCK08/SES086/SA086S24	SES087	0.29621	-11.3141	-11.6103
BLOCK08/SES086/SA086S24	SES104	-0.300623	-11.9109	-11.6103
BLOCK08/SES086/SA086S24	SES120	-0.048068	-11.6584	-11.6103
BLOCK08/SES086/SA086S24	SES206	0.0242329	-11.5861	-11.6103
BLOCK08/SES086/SA086S28	SES029	-1.32612	-10.972	-9.64583
BLOCK08/SES086/SA086S28	SES082	-0.446136	-10.092	-9.64583
BLOCK08/SES086/SA086S28	SES087	0.105909	-9.53992	-9.64583
BLOCK08/SES086/SA086S28	SES206	-0.487762	-10.1336	-9.64583
BLOCK08/SES089/SA089S13	SES087	0.258904	-10.4398	-10.6987
BLOCK08/SES089/SA089S13	SES206	-0.914319	-11.6131	-10.6987
BLOCK08/SES089/SA089S13	SES226	0.083868	-10.6149	-10.6987
BLOCK08/SES089/SA089S13	SES270	-0.60096	-11.2997	-10.6987
BLOCK08/SES089/SA089S14	SES062	-0.375505	-10.1104	-9.73485
BLOCK08/SES089/SA089S14	SES087	0.329157	-9.4057	-9.73485
BLOCK08/SES089/SA089S14	SES206	-0.329693	-10.0645	-9.73485
BLOCK08/SES089/SA089S14	SES226	-0.564905	-10.2998	-9.73485
BLOCK08/SES089/SA089S23	SES087	-0.0979443	-12.0351	-11.9371
BLOCK08/SES089/SA089S23	SES206	-0.776424	-12.7136	-11.9371
BLOCK08/SES089/SA089S23	SES226	0.369771	-11.5674	-11.9371
BLOCK08/SES089/SA089S23	SES270	-1.01158	-12.9487	-11.9371
BLOCK08/SES089/SA089S25	SES062	0.0301723	-10.1714	-10.2015
BLOCK08/SES089/SA089S25	SES087	-0.235449	-10.437	-10.2015
BLOCK08/SES089/SA089S25	SES206	-0.811872	-11.0134	-10.2015
BLOCK08/SES089/SA089S25	SES226	0.0832148	-10.1183	-10.2015
BLOCK08/SES089/SA089S28	SES062	0.285439	-10.4038	-10.6892
BLOCK08/SES089/SA089S28	SES087	0.678119	-10.0111	-10.6892
BLOCK08/SES089/SA089S28	SES206	-0.417502	-11.1067	-10.6892
BLOCK08/SES089/SA089S28	SES226	0.636425	-10.0528	-10.6892
BLOCK09/SES097/SA097S11	SES099	-0.281542	-11.2241	-10.9426
BLOCK09/SES097/SA097S11	SES125	-0.0252752	-10.9679	-10.9426
BLOCK09/SES097/SA097S11	SES206	-1.094	-12.0366	-10.9426
BLOCK09/SES097/SA097S11	SES226	0.641663	-10.3009	-10.9426
BLOCK09/SES097/SA097S14	SES062	-0.78359	-11.005	-10.2214
BLOCK09/SES097/SA097S14	SES099	-1.07045	-11.2919	-10.2214
BLOCK09/SES097/SA097S14	SES104	-0.0612144	-10.2826	-10.2214
BLOCK09/SES097/SA097S14	SES206	-1.34047	-11.5619	-10.2214
BLOCK09/SES097/SA097S22	SES099	0.454017	-10.3468	-10.8008
BLOCK09/SES097/SA097S22	SES206	-0.450512	-11.2513	-10.8008
BLOCK09/SES097/SA097S22	SES226	0.659229	-10.1415	-10.8008
BLOCK09/SES097/SA097S22	SES270	-0.0855045	-10.8863	-10.8008
BLOCK09/SES097/SA097S26	SES099	0.388701	-11.1383	-11.527
BLOCK09/SES097/SA097S26	SES120	-1.24044	-12.7674	-11.527
BLOCK09/SES097/SA097S26	SES206	-0.767326	-12.2943	-11.527
BLOCK09/SES097/SA097S26	SES226	1.36435	-10.1626	-11.527
BLOCK09/SES097/SA097S28	SES099	0.108844	-9.8354	-9.94425
BLOCK09/SES097/SA097S28	SES120	-0.410024	-10.3543	-9.94425
BLOCK09/SES097/SA097S28	SES206	-0.371391	-10.3156	-9.94425
BLOCK09/SES097/SA097S28	SES226	0.308795	-9.63545	-9.94425
BLOCK09/SES098/SA098S11	SES127	0.0452318	-9.48201	-9.52724
BLOCK09/SES098/SA098S11	SES144	0.181221	-9.34602	-9.52724
BLOCK09/SES098/SA098S11	SES147	0.128205	-9.39903	-9.52724
BLOCK09/SES098/SA098S11	SES148	-1.37034	-10.8976	-9.52724
BLOCK09/SES098/SA098S12	SES127	-1.3291	-12.3079	-10.9788
BLOCK09/SES098/SA098S12	SES144	-0.994989	-11.9738	-10.9788
BLOCK09/SES098/SA098S12	SES147	-0.73315	-11.7119	-10.9788
BLOCK09/SES098/SA098S12	SES189	-1.27334	-12.2521	-10.9788
BLOCK09/SES098/SA098S20	SES127	-1.83728	-12.6027	-10.7655
BLOCK09/SES098/SA098S20	SES147	-1.1829	-11.9484	-10.7655
BLOCK09/SES098/SA098S20	SES148	-5.14075	-15.9062	-10.7655
BLOCK09/SES098/SA098S20	SES292	0.0502787	-10.7152	-10.7655
BLOCK09/SES098/SA098S23	SES127	-0.89408	-11.1185	-10.2244
BLOCK09/SES098/SA098S23	SES147	-0.510772	-10.7352	-10.2244
BLOCK09/SES098/SA098S23	SES187	-0.383705	-10.6081	-10.2244
BLOCK09/SES098/SA098S23	SES292	-0.0299387	-10.2544	-10.2244
BLOCK09/SES098/SA098S27	SES127	-1.39436	-11.4027	-10.0084
BLOCK09/SES098/SA098S27	SES147	-1.41704	-11.4254	-10.0084
BLOCK09/SES098/SA098S27	SES148	-2.26136	-12.2697	-10.0084
BLOCK09/SES098/SA098S27	SES292	-0.482583	-10.491	-10.0084
BLOCK10/SES102/SA102S13	SES101	0.318069	-10.8257	-11.1437
BLOCK10/SES102/SA102S13	SES105	-0.538494	-11.6822	-11.1437
BLOCK10/SES102/SA102S13	SES120	-1.47546	-12.6192	-11.1437
BLOCK10/SES102/SA102S13	SES158	-0.791941	-11.9357	-11.1437
BLOCK10/SES102/SA102S14	SES007	-0.304391	-9.06668	-8.76229
BLOCK10/SES102/SA102S14	SES101	-0.170756	-8.93305	-8.76229
BLOCK10/SES102/SA102S14	SES105	-0.302917	-9.06521	-8.76229
BLOCK10/SES102/SA102S14	SES147	-0.804577	-9.56687	-8.76229
BLOCK10/SES102/SA102S22	SES007	-0.935057	-10.3973	-9.46223
BLOCK10/SES102/SA102S22	SES101	0.336394	-9.12584	-9.46223
BLOCK10/SES102/SA102S22	SES105	-0.110329	-9.57256	-9.46223
BLOCK10/SES102/SA102S22	SES158	-1.17147	-10.6337	-9.46223
BLOCK10/SES102/SA102S25	SES007	-0.714453	-9.77203	-9.05758
BLOCK10/SES102/SA102S25	SES101	-0.143541	-9.20112	-9.05758
BLOCK10/SES102/SA102S25	SES105	-0.318387	-9.37597	-9.05758
BLOCK10/SES102/SA102S25	SES147	-1.09179	-10.1494	-9.05758
BLOCK10/SES102/SA102S27	SES007	-0.0408974	-9.73468	-9.69378
BLOCK10/SES102/SA102S27	SES101	0.104009	-9.58977	-9.69378
BLOCK10/SES102/SA102S27	SES105	-0.474454	-10.1682	-9.69378
BLOCK10/SES102/SA102S27	SES147	-0.788784	-10.4826	-9.69378
BLOCK10/SES103/SA103S14	SES105	-0.735518	-11.5459	-10.8104
BLOCK10/SES103/SA103S14	SES106	-0.600841	-11.4112	-10.8104
BLOCK10/SES103/SA103S14	SES120	-1.29842	-12.1088	-10.8104
BLOCK10/SES103/SA103S14	SES206	-0.387652	-11.198	-10.8104
BLOCK10/SES103/SA103S15	SES099	-0.339602	-11.648	-11.3084
BLOCK10/SES103/SA103S15	SES101	-1.38276	-12.6912	-11.3084
BLOCK10/SES103/SA103S15	SES104	-0.568927	-11.8773	-11.3084
BLOCK10/SES103/SA103S15	SES125	-0.695415	-12.0038	-11.3084
BLOCK10/SES103/SA103S24	SES104	-0.481038	-11.0681	-10.5871
BLOCK10/SES103/SA103S24	SES125	-1.37259	-11.9597	-10.5871
BLOCK10/SES103/SA103S24	SES148	-1.11134	-11.6985	-10.5871
BLOCK10/SES103/SA103S24	SES158	-1.61708	-12.2042	-10.5871
BLOCK10/SES103/SA103S26	SES104	-0.450938	-10.519	-10.068
BLOCK10/SES103/SA103S26	SES106	-0.706639	-10.7747	-10.068
BLOCK10/SES103/SA103S26	SES125	-0.275186	-10.3432	-10.068
BLOCK10/SES103/SA103S26	SES148	-1.1526	-11.2206	-10.068
BLOCK10/SES103/SA103S28	SES104	-0.172181	-11.0016	-10.8294
BLOCK10/SES103/SA103S28	SES106	-1.05427	-11.8837	-10.8294
BLOCK10/SES103/SA103S28	SES125	-0.709368	-11.5388	-10.8294
BLOCK10/SES103/SA103S28	SES206	-0.2084	-11.0378	-10.8294
BLOCK12/SES121/SA121S12	SES042	-0.838223	-10.8866	-10.0483
BLOCK12/SES121/SA121S12	SES087	-0.757008	-10.8054	-10.0483
BLOCK12/SES121/SA121S12	SES105	-0.0829515	-10.1313	-10.0483
BLOCK12/SES121/SA121S12	SES206	-0.255237	-10.3036	-10.0483
BLOCK12/SES121/SA121S14	SES007	-0.594908	-13.9622	-13.3673
BLOCK12/SES121/SA121S14	SES105	-1.42189	-14.7892	-13.3673
BLOCK12/SES121/SA121S14	SES106	-0.122401	-13.4897	-13.3673
BLOCK12/SES121/SA121S14	SES206	-0.980231	-14.3475	-13.3673
BLOCK12/SES121/SA121S23	SES105	-0.67906	-13.7653	-13.0862
BLOCK12/SES121/SA121S23	SES106	-1.35246	-14.4387	-13.0862
BLOCK12/SES121/SA121S23	SES120	-1.21816	-14.3044	-13.0862
BLOCK12/SES121/SA121S23	SES206	-0.70802	-13.7942	-13.0862
BLOCK12/SES121/SA121S25	SES007	0.392037	-13.0021	-13.3942
BLOCK12/SES121/SA121S25	SES105	-1.52957	-14.9237	-13.3942
BLOCK12/SES121/SA121S25	SES106	0.800178	-12.594	-13.3942
BLOCK12/SES121/SA121S25	SES206	-0.596512	-13.9907	-13.3942
BLOCK12/SES121/SA121S27	SES087	0.750875	-11.8944	-12.6452
BLOCK12/SES121/SA121S27	SES105	-1.54271	-14.1879	-12.6452
BLOCK12/SES121/SA121S27	SES120	-0.0942926	-12.7395	-12.6452
BLOCK12/SES121/SA121S27	SES206	-0.78912	-13.4344	-12.6452
BLOCK12/SES124/SA124S16	SES042	0.266717	-8.0668	-8.33352
BLOCK12/SES124/SA124S16	SES082	-0.206681	-8.5402	-8.33352
BLOCK12/SES124/SA124S16	SES183	-0.530974	-8.86449	-8.33352
BLOCK12/SES124/SA124S16	SES206	-0.553755	-8.88727	-8.33352
BLOCK12/SES124/SA124S17	SES105	-0.284721	-10.1161	-9.83139
BLOCK12/SES124/SA124S17	SES149	-0.0669651	-9.89835	-9.83139
BLOCK12/SES124/SA124S17	SES158	-0.557181	-10.3886	-9.83139
BLOCK12/SES124/SA124S17	SES275	-0.313472	-10.1449	-9.83139
BLOCK12/SES124/SA124S23	SES105	-1.2758	-9.64344	-8.36765
BLOCK12/SES124/SA124S23	SES125	0.925868	-7.44178	-8.36765
BLOCK12/SES124/SA124S23	SES129	-0.944342	-9.31199	-8.36765
BLOCK12/SES124/SA124S23	SES158	-0.25313	-8.62078	-8.36765
BLOCK12/SES124/SA124S26	SES105	-1.14051	-10.315	-9.17451
BLOCK12/SES124/SA124S26	SES125	-0.0816774	-9.25619	-9.17451
BLOCK12/SES124/SA124S26	SES129	-1.00004	-10.1745	-9.17451
BLOCK12/SES124/SA124S26	SES158	0.0449953	-9.12952	-9.17451
BLOCK12/SES124/SA124S28	SES104	0.509331	-8.12512	-8.63445
BLOCK12/SES124/SA124S28	SES106	-0.342893	-8.97734	-8.63445
BLOCK12/SES124/SA124S28	SES125	0.73979	-7.89466	-8.63445
BLOCK12/SES124/SA124S28	SES275	-0.513469	-9.14792	-8.63445
BLOCK12/SES126/SA126S13	SES007	0.0828247	-9.80909	-9.89191
BLOCK12/SES126/SA126S13	SES162	-0.589974	-10.4819	-9.89191
BLOCK12/SES126/SA126S13	SES177	0.140499	-9.75141	-9.89191
BLOCK12/SES126/SA126S13	SES180	-0.680751	-10.5727	-9.89191
BLOCK12/SES126/SA126S14	SES144	0.154137	-9.31153	-9.46567
BLOCK12/SES126/SA126S14	SES148	-0.84394	-10.3096	-9.46567
BLOCK12/SES126/SA126S14	SES177	0.187449	-9.27822	-9.46567
BLOCK12/SES126/SA126S14	SES180	-0.341638	-9.8073	-9.46567
BLOCK12/SES126/SA126S20	SES007	-0.53108	-8.76513	-8.23405
BLOCK12/SES126/SA126S20	SES162	-0.804758	-9.03881	-8.23405
BLOCK12/SES126/SA126S20	SES172	-0.81452	-9.04857	-8.23405
BLOCK12/SES126/SA126S20	SES180	-0.474607	-8.70866	-8.23405
BLOCK12/SES126/SA126S24	SES120	0.341737	-8.85221	-9.19395
BLOCK12/SES126/SA126S24	SES162	-0.27432	-9.46827	-9.19395
BLOCK12/SES126/SA126S24	SES177	0.12426	-9.06969	-9.19395
BLOCK12/SES126/SA126S24	SES180	-0.239437	-9.43339	-9.19395
BLOCK12/SES126/SA126S26	SES120	0.988401	-8.97846	-9.96686
BLOCK12/SES126/SA126S26	SES177	-0.36495	-10.3318	-9.96686
BLOCK12/SES126/SA126S26	SES180	0.0499382	-9.91692	-9.96686
BLOCK12/SES126/SA126S26	SES202	0.121653	-9.84521	-9.96686
BLOCK12/SES128/SA128S10	SES087	-1.03263	-11.2813	-10.2487
BLOCK12/SES128/SA128S10	SES206	0.0885563	-10.1601	-10.2487
BLOCK12/SES128/SA128S10	SES226	-0.718276	-10.967	-10.2487
BLOCK12/SES128/SA128S10	SES270	-0.409902	-10.6586	-10.2487
BLOCK12/SES128/SA128S12	SES120	0.495715	-9.66587	-10.1616
BLOCK12/SES128/SA128S12	SES158	-0.0574036	-10.219	-10.1616
BLOCK12/SES128/SA128S12	SES206	0.245933	-9.91565	-10.1616
BLOCK12/SES128/SA128S12	SES226	-1.28539	-11.447	-10.1616
BLOCK12/SES128/SA128S21	SES106	-0.501681	-10.9282	-10.4265
BLOCK12/SES128/SA128S21	SES120	0.0152664	-10.4112	-10.4265
BLOCK12/SES128/SA128S21	SES206	0.158097	-10.2684	-10.4265
BLOCK12/SES128/SA128S21	SES226	0.80239	-9.62411	-10.4265
BLOCK12/SES128/SA128S24	SES087	-0.0840816	-10.7796	-10.6955
BLOCK12/SES128/SA128S24	SES120	-0.250136	-10.9457	-10.6955
BLOCK12/SES128/SA128S24	SES206	-0.266047	-10.9616	-10.6955
BLOCK12/SES128/SA128S24	SES226	-1.0036	-11.6991	-10.6955
BLOCK12/SES128/SA128S27	SES099	0.222881	-9.47624	-9.69912
BLOCK12/SES128/SA128S27	SES120	-0.0996542	-9.79878	-9.69912
BLOCK12/SES128/SA128S27	SES206	-0.484678	-10.1838	-9.69912
BLOCK12/SES128/SA128S27	SES226	-1.06751	-10.7666	-9.69912
BLOCK13/SES130/SA130S13	SES143	0.390693	-10.2191	-10.6098
BLOCK13/SES130/SA130S13	SES144	0.666121	-9.94371	-10.6098
BLOCK13/SES130/SA130S13	SES146	-0.898101	-11.5079	-10.6098
BLOCK13/SES130/SA130S13	SES275	-1.21596	-11.8258	-10.6098
BLOCK13/SES130/SA130S15	SES143	-0.0646734	-9.60363	-9.53896
BLOCK13/SES130/SA130S15	SES144	0.870302	-8.66866	-9.53896
BLOCK13/SES130/SA130S15	SES146	-0.180526	-9.71949	-9.53896
BLOCK13/SES130/SA130S15	SES275	0.0975637	-9.4414	-9.53896
BLOCK13/SES130/SA130S23	SES127	-0.0210447	-9.67933	-9.65828
BLOCK13/SES130/SA130S23	SES144	0.457708	-9.20057	-9.65828
BLOCK13/SES130/SA130S23	SES146	-0.64293	-10.3012	-9.65828
BLOCK13/SES130/SA130S23	SES162	-0.202094	-9.86037	-9.65828
BLOCK13/SES130/SA130S25	SES127	-0.0339642	-8.93365	-8.89969
BLOCK13/SES130/SA130S25	SES144	0.603315	-8.29637	-8.89969
BLOCK13/SES130/SA130S25	SES146	0.0689478	-8.83074	-8.89969
BLOCK13/SES130/SA130S25	SES275	-0.775257	-9.67495	-8.89969
BLOCK13/SES130/SA130S28	SES127	0.0676336	-9.72001	-9.78764
BLOCK13/SES130/SA130S28	SES144	0.294937	-9.4927	-9.78764
BLOCK13/SES130/SA130S28	SES146	0.25948	-9.52816	-9.78764
BLOCK13/SES130/SA130S28	SES275	-0.635553	-10.4232	-9.78764
BLOCK13/SES131/SA131S13	SES002	-0.200974	-10.1644	-9.96341
BLOCK13/SES131/SA131S13	SES007	-0.849787	-10.8132	-9.96341
BLOCK13/SES131/SA131S13	SES099	0.133309	-9.8301	-9.96341
BLOCK13/SES131/SA131S13	SES105	-0.541504	-10.5049	-9.96341
BLOCK13/SES131/SA131S14	SES104	-0.120942	-7.44105	-7.32011
BLOCK13/SES131/SA131S14	SES106	-1.07366	-8.39377	-7.32011
BLOCK13/SES131/SA131S14	SES125	-0.712651	-8.03276	-7.32011
BLOCK13/SES131/SA131S14	SES148	0.20706	-7.11305	-7.32011
BLOCK13/SES131/SA131S20	SES104	-0.398681	-10.7523	-10.3537
BLOCK13/SES131/SA131S20	SES106	-0.478744	-10.8324	-10.3537
BLOCK13/SES131/SA131S20	SES125	-0.353132	-10.7068	-10.3537
BLOCK13/SES131/SA131S20	SES148	-0.887696	-11.2414	-10.3537
BLOCK13/SES131/SA131S22	SES099	-0.0891771	-8.78098	-8.6918
BLOCK13/SES131/SA131S22	SES104	-0.596288	-9.28809	-8.6918
BLOCK13/SES131/SA131S22	SES125	-0.0452719	-8.73707	-8.6918
BLOCK13/SES131/SA131S22	SES206	-0.769744	-9.46155	-8.6918
BLOCK13/SES131/SA131S29	SES087	-0.986423	-11.841	-10.8545
BLOCK13/SES131/SA131S29	SES104	-1.09604	-11.9506	-10.8545
BLOCK13/SES131/SA131S29	SES125	-1.72925	-12.5838	-10.8545
BLOCK13/SES131/SA131S29	SES206	-0.759725	-11.6143	-10.8545
BLOCK13/SES132/SA132S11	SES083	-0.675156	-10.4738	-9.79864
BLOCK13/SES132/SA132S11	SES120	0.349141	-9.4495	-9.79864
BLOCK13/SES132/SA132S11	SES127	-1.45953	-11.2582	-9.79864
BLOCK13/SES132/SA132S11	SES275	-1.0007	-10.7993	-9.79864
BLOCK13/SES132/SA132S12	SES083	-1.15817	-10.0334	-8.87525
BLOCK13/SES132/SA132S12	SES143	-1.91581	-10.7911	-8.87525
BLOCK13/SES132/SA132S12	SES144	-0.583071	-9.45832	-8.87525
BLOCK13/SES132/SA132S12	SES148	-1.72361	-10.5989	-8.87525
BLOCK13/SES132/SA132S22	SES062	-0.827204	-10.984	-10.1568
BLOCK13/SES132/SA132S22	SES083	-1.06181	-11.2186	-10.1568
BLOCK13/SES132/SA132S22	SES127	-1.71253	-11.8693	-10.1568
BLOCK13/SES132/SA132S22	SES275	-0.946761	-11.1036	-10.1568
BLOCK13/SES132/SA132S24	SES007	0.36351	-8.81296	-9.17647
BLOCK13/SES132/SA132S24	SES083	-0.551332	-9.7278	-9.17647
BLOCK13/SES132/SA132S24	SES127	-1.88481	-11.0613	-9.17647
BLOCK13/SES132/SA132S24	SES275	-1.14896	-10.3254	-9.17647
BLOCK13/SES132/SA132S27	SES083	-1.39141	-12.2524	-10.861
BLOCK13/SES132/SA132S27	SES120	0.929051	-9.93196	-10.861
BLOCK13/SES132/SA132S27	SES127	-3.19775	-14.0588	-10.861
BLOCK13/SES132/SA132S27	SES275	-1.7771	-12.6381	-10.861
BLOCK14/SES141/SA141S09	SES143	-0.143914	-8.6139	-8.46998
BLOCK14/SES141/SA141S09	SES144	0.0270891	-8.44289	-8.46998
BLOCK14/SES141/SA141S09	SES162	-0.144958	-8.61494	-8.46998
BLOCK14/SES141/SA141S09	SES180	-0.258391	-8.72837	-8.46998
BLOCK14/SES141/SA141S15	SES127	-0.781681	-9.72427	-8.94259
BLOCK14/SES141/SA141S15	SES144	-0.772075	-9.71466	-8.94259
BLOCK14/SES141/SA141S15	SES162	-1.12424	-10.0668	-8.94259
BLOCK14/SES141/SA141S15	SES180	-0.424875	-9.36747	-8.94259
BLOCK14/SES141/SA141S24	SES127	-0.471845	-10.1226	-9.65072
BLOCK14/SES141/SA141S24	SES144	-0.812338	-10.4631	-9.65072
BLOCK14/SES141/SA141S24	SES162	-0.44752	-10.0982	-9.65072
BLOCK14/SES141/SA141S24	SES183	-1.39444	-11.0452	-9.65072
BLOCK14/SES141/SA141S26	SES142	0.226841	-9.79515	-10.022
BLOCK14/SES141/SA141S26	SES144	-0.318559	-10.3406	-10.022
BLOCK14/SES141/SA141S26	SES172	-0.624788	-10.6468	-10.022
BLOCK14/SES141/SA141S26	SES180	-0.385883	-10.4079	-10.022
BLOCK14/SES141/SA141S29	SES127	-0.155752	-8.92247	-8.76672
BLOCK14/SES141/SA141S29	SES142	-0.00238705	-8.76911	-8.76672
BLOCK14/SES141/SA141S29	SES144	-0.226326	-8.99304	-8.76672
BLOCK14/SES141/SA141S29	SES180	0.099309	-8.66741	-8.76672
BLOCK15/SES157/SA157S08	SES083	-0.0549393	-8.50349	-8.44855
BLOCK15/SES157/SA157S08	SES127	-0.519283	-8.96783	-8.44855
BLOCK15/SES157/SA157S08	SES148	-0.443308	-8.89186	-8.44855
BLOCK15/SES157/SA157S08	SES292	-0.669241	-9.11779	-8.44855
BLOCK15/SES157/SA157S11	SES083	-0.204575	-9.56326	-9.35868
BLOCK15/SES157/SA157S11	SES127	-0.557053	-9.91574	-9.35868
BLOCK15/SES157/SA157S11	SES148	-0.746524	-10.1052	-9.35868
BLOCK15/SES157/SA157S11	SES292	-0.746063	-10.1047	-9.35868
BLOCK15/SES157/SA157S21	SES127	0.130504	-8.31373	-8.44424
BLOCK15/SES157/SA157S21	SES148	0.376389	-8.06785	-8.44424
BLOCK15/SES157/SA157S21	SES158	-1.76357	-10.2078	-8.44424
BLOCK15/SES157/SA157S21	SES292	-0.304114	-8.74835	-8.44424
BLOCK15/SES157/SA157S24	SES127	-0.0715427	-9.22715	-9.1556
BLOCK15/SES157/SA157S24	SES148	-0.372517	-9.52812	-9.1556
BLOCK15/SES157/SA157S24	SES183	-0.981539	-10.1371	-9.1556
BLOCK15/SES157/SA157S24	SES292	-0.611274	-9.76688	-9.1556
BLOCK15/SES157/SA157S26	SES007	-0.651338	-9.37937	-8.72803
BLOCK15/SES157/SA157S26	SES127	0.22865	-8.49938	-8.72803
BLOCK15/SES157/SA157S26	SES147	-0.265903	-8.99394	-8.72803
BLOCK15/SES157/SA157S26	SES148	-0.385386	-9.11342	-8.72803
BLOCK16/SES161/SA161S10	SES007	-0.72692	-10.0706	-9.34372
BLOCK16/SES161/SA161S10	SES105	-0.300638	-9.64436	-9.34372
BLOCK16/SES161/SA161S10	SES158	-1.02264	-10.3664	-9.34372
BLOCK16/SES161/SA161S10	SES275	-0.743348	-10.0871	-9.34372
BLOCK16/SES161/SA161S12	SES007	-1.62849	-13.8178	-12.1893
BLOCK16/SES161/SA161S12	SES105	-1.39717	-13.5865	-12.1893
BLOCK16/SES161/SA161S12	SES158	-1.02897	-13.2183	-12.1893
BLOCK16/SES161/SA161S12	SES275	-2.79188	-14.9812	-12.1893
BLOCK16/SES161/SA161S20	SES007	0.0965071	-11.0246	-11.1211
BLOCK16/SES161/SA161S20	SES105	-1.24923	-12.3703	-11.1211
BLOCK16/SES161/SA161S20	SES158	0.510372	-10.6107	-11.1211
BLOCK16/SES161/SA161S20	SES275	-2.29267	-13.4138	-11.1211
BLOCK16/SES161/SA161S23	SES007	-3.35265	-15.2262	-11.8736
BLOCK16/SES161/SA161S23	SES105	-0.237485	-12.1111	-11.8736
BLOCK16/SES161/SA161S23	SES148	-1.34937	-13.2229	-11.8736
BLOCK16/SES161/SA161S23	SES158	-4.13554	-16.0091	-11.8736
BLOCK16/SES161/SA161S28	SES007	-0.622224	-11.8044	-11.1822
BLOCK16/SES161/SA161S28	SES105	-1.79291	-12.9751	-11.1822
BLOCK16/SES161/SA161S28	SES158	0.0727015	-11.1095	-11.1822
BLOCK16/SES161/SA161S28	SES206	-0.0233679	-11.2055	-11.1822
BLOCK16/SES164/SA164S11	SES104	0.232763	-9.78901	-10.0218
BLOCK16/SES164/SA164S11	SES125	0.509623	-9.51215	-10.0218
BLOCK16/SES164/SA164S11	SES158	0.0652905	-9.95648	-10.0218
BLOCK16/SES164/SA164S11	SES206	-0.555342	-10.5771	-10.0218
BLOCK16/SES164/SA164S13	SES099	-1.93176	-12.123	-10.1913
BLOCK16/SES164/SA164S13	SES104	-0.564855	-10.7561	-10.1913
BLOCK16/SES164/SA164S13	SES125	-0.903028	-11.0943	-10.1913
BLOCK16/SES164/SA164S13	SES206	-1.21906	-11.4103	-10.1913
BLOCK16/SES164/SA164S24	SES002	0.688229	-8.57117	-9.2594
BLOCK16/SES164/SA164S24	SES099	-1.74174	-11.0011	-9.2594
BLOCK16/SES164/SA164S24	SES125	-0.799959	-10.0594	-9.2594
BLOCK16/SES164/SA164S24	SES226	0.432799	-8.8266	-9.2594
BLOCK16/SES164/SA164S27	SES087	-1.44462	-11.1238	-9.67921
BLOCK16/SES164/SA164S27	SES125	-0.730596	-10.4098	-9.67921
BLOCK16/SES164/SA164S27	SES206	-1.68233	-11.3615	-9.67921
BLOCK16/SES164/SA164S27	SES226	0.0760536	-9.60316	-9.67921
BLOCK16/SES164/SA164S29	SES002	0.322329	-9.60292	-9.92525
BLOCK16/SES164/SA164S29	SES019	-0.527353	-10.4526	-9.92525
BLOCK16/SES164/SA164S29	SES125	-0.278118	-10.2034	-9.92525
BLOCK16/SES164/SA164S29	SES226	0.399515	-9.52574	-9.92525
BLOCK16/SES169/SA169S13	SES117	-0.660275	-10.145	-9.48476
BLOCK16/SES169/SA169S13	SES144	-0.371876	-9.85664	-9.48476
BLOCK16/SES169/SA169S13	SES146	0.135612	-9.34915	-9.48476
BLOCK16/SES169/SA169S13	SES162	-0.734225	-10.219	-9.48476
BLOCK16/SES169/SA169S14	SES144	-0.183599	-8.90094	-8.71734
BLOCK16/SES169/SA169S14	SES148	0.0422354	-8.6751	-8.71734
BLOCK16/SES169/SA169S14	SES177	0.223561	-8.49378	-8.71734
BLOCK16/SES169/SA169S14	SES180	0.193385	-8.52395	-8.71734
BLOCK16/SES169/SA169S24	SES117	-0.440899	-10.1447	-9.70377
BLOCK16/SES169/SA169S24	SES144	0.0479069	-9.65586	-9.70377
BLOCK16/SES169/SA169S24	SES146	0.00636005	-9.69741	-9.70377
BLOCK16/SES169/SA169S24	SES162	-0.613932	-10.3177	-9.70377
BLOCK16/SES169/SA169S27	SES127	-0.0984125	-9.5243	-9.42589
BLOCK16/SES169/SA169S27	SES129	-0.249533	-9.67542	-9.42589
BLOCK16/SES169/SA169S27	SES144	-0.55262	-9.97851	-9.42589
BLOCK16/SES169/SA169S27	SES146	0.191665	-9.23423	-9.42589
BLOCK16/SES169/SA169S29	SES144	-0.0171595	-8.28272	-8.26556
BLOCK16/SES169/SA169S29	SES162	-0.187037	-8.4526	-8.26556
BLOCK16/SES169/SA169S29	SES177	-0.402791	-8.66836	-8.26556
BLOCK16/SES169/SA169S29	SES180	-0.45802	-8.72359	-8.26556
BLOCK17/SES171/SA171S12	SES083	-0.440901	-11.1729	-10.732
BLOCK17/SES171/SA171S12	SES148	-0.615654	-11.3476	-10.732
BLOCK17/SES171/SA171S12	SES172	-0.640103	-11.3721	-10.732
BLOCK17/SES171/SA171S12	SES292	-0.988731	-11.7207	-10.732
BLOCK17/SES171/SA171S15	SES148	-0.671032	-9.99736	-9.32633
BLOCK17/SES171/SA171S15	SES177	-0.661343	-9.98767	-9.32633
BLOCK17/SES171/SA171S15	SES180	-0.811782	-10.1381	-9.32633
BLOCK17/SES171/SA171S15	SES292	-0.798095	-10.1244	-9.32633
BLOCK17/SES171/SA171S22	SES007	-0.774904	-8.56353	-7.78863
BLOCK17/SES171/SA171S22	SES148	-0.100013	-7.88864	-7.78863
BLOCK17/SES171/SA171S22	SES177	0.00440025	-7.78423	-7.78863
BLOCK17/SES171/SA171S22	SES180	-0.524266	-8.3129	-7.78863
BLOCK17/SES171/SA171S25	SES101	-0.899227	-11.0362	-10.1369
BLOCK17/SES171/SA171S25	SES120	-1.5043	-11.6412	-10.1369
BLOCK17/SES171/SA171S25	SES177	-0.53804	-10.675	-10.1369
BLOCK17/SES171/SA171S25	SES180	-0.170628	-10.3076	-10.1369
BLOCK17/SES171/SA171S27	SES177	0.00221825	-10.4239	-10.4261
BLOCK17/SES171/SA171S27	SES180	-1.0333	-11.4594	-10.4261
BLOCK17/SES171/SA171S27	SES189	0.361849	-10.0643	-10.4261
BLOCK17/SES171/SA171S27	SES292	-0.869545	-11.2956	-10.4261
BLOCK17/SES173/SA173S13	SES162	-2.21281	-11.4139	-9.20105
BLOCK17/SES173/SA173S13	SES177	-0.742579	-9.94363	-9.20105
BLOCK17/SES173/SA173S13	SES180	-1.07538	-10.2764	-9.20105
BLOCK17/SES173/SA173S13	SES292	-0.210513	-9.41156	-9.20105
BLOCK17/SES173/SA173S14	SES007	-1.11991	-9.92339	-8.80348
BLOCK17/SES173/SA173S14	SES162	-2.37098	-11.1745	-8.80348
BLOCK17/SES173/SA173S14	SES177	-0.597013	-9.40049	-8.80348
BLOCK17/SES173/SA173S14	SES180	-0.8063	-9.60978	-8.80348
BLOCK17/SES173/SA173S24	SES144	-1.21027	-11.1275	-9.91723
BLOCK17/SES173/SA173S24	SES162	-1.7294	-11.6466	-9.91723
BLOCK17/SES173/SA173S24	SES177	-0.0127659	-9.93	-9.91723
BLOCK17/SES173/SA173S24	SES180	-1.21148	-11.1287	-9.91723
BLOCK17/SES173/SA173S27	SES162	-2.60042	-12.4385	-9.83807
BLOCK17/SES173/SA173S27	SES177	-1.05716	-10.8952	-9.83807
BLOCK17/SES173/SA173S27	SES180	-0.909719	-10.7478	-9.83807
BLOCK17/SES173/SA173S27	SES292	-0.0618315	-9.8999	-9.83807
BLOCK17/SES173/SA173S29	SES162	-0.973269	-10.5701	-9.59681
BLOCK17/SES173/SA173S29	SES175	-0.224139	-9.82095	-9.59681
BLOCK17/SES173/SA173S29	SES177	-0.172307	-9.76912	-9.59681
BLOCK17/SES173/SA173S29	SES292	-0.361301	-9.95812	-9.59681
BLOCK18/SES182/SA182S10	SES144	-0.711774	-9.29762	-8.58585
BLOCK18/SES182/SA182S10	SES177	-0.46901	-9.05486	-8.58585
BLOCK18/SES182/SA182S10	SES180	-1.78018	-10.366	-8.58585
BLOCK18/SES182/SA182S10	SES275	-1.72473	-10.3106	-8.58585
BLOCK18/SES182/SA182S12	SES144	-0.642593	-9.208	-8.56541
BLOCK18/SES182/SA182S12	SES177	-0.732701	-9.29811	-8.56541
BLOCK18/SES182/SA182S12	SES180	-1.95943	-10.5248	-8.56541
BLOCK18/SES182/SA182S12	SES275	-1.32688	-9.89229	-8.56541
BLOCK18/SES182/SA182S21	SES117	-0.649486	-11.2346	-10.5851
BLOCK18/SES182/SA182S21	SES144	-0.752102	-11.3372	-10.5851
BLOCK18/SES182/SA182S21	SES162	-0.876383	-11.4615	-10.5851
BLOCK18/SES182/SA182S21	SES180	-1.95845	-12.5436	-10.5851
BLOCK18/SES182/SA182S23	SES117	-1.48481	-12.228	-10.7432
BLOCK18/SES182/SA182S23	SES144	-2.05171	-12.7949	-10.7432
BLOCK18/SES182/SA182S23	SES180	-2.83675	-13.5799	-10.7432
BLOCK18/SES182/SA182S23	SES275	-2.51529	-13.2584	-10.7432
BLOCK18/SES182/SA182S25	SES007	0.715264	-9.23434	-9.94961
BLOCK18/SES182/SA182S25	SES162	-0.256939	-10.2065	-9.94961
BLOCK18/SES182/SA182S25	SES177	-0.164853	-10.1145	-9.94961
BLOCK18/SES182/SA182S25	SES180	-1.60618	-11.5558	-9.94961
BLOCK18/SES184/SA184S12	SES177	-0.664429	-9.69458	-9.03016
BLOCK18/SES184/SA184S12	SES180	-0.0201063	-9.05026	-9.03016
BLOCK18/SES184/SA184S12	SES189	-1.33358	-10.3637	-9.03016
BLOCK18/SES184/SA184S12	SES292	-0.367606	-9.39776	-9.03016
BLOCK18/SES184/SA184S13	SES101	-0.312626	-9.66459	-9.35197
BLOCK18/SES184/SA184S13	SES177	-0.50572	-9.85769	-9.35197
BLOCK18/SES184/SA184S13	SES180	-0.024519	-9.37649	-9.35197
BLOCK18/SES184/SA184S13	SES292	-0.277226	-9.62919	-9.35197
BLOCK18/SES184/SA184S22	SES177	-0.069005	-9.98126	-9.91225
BLOCK18/SES184/SA184S22	SES180	0.225481	-9.68677	-9.91225
BLOCK18/SES184/SA184S22	SES189	-0.604403	-10.5167	-9.91225
BLOCK18/SES184/SA184S22	SES292	-0.503187	-10.4154	-9.91225
BLOCK18/SES184/SA184S25	SES101	-0.117223	-9.32003	-9.20281
BLOCK18/SES184/SA184S25	SES177	-0.647614	-9.85043	-9.20281
BLOCK18/SES184/SA184S25	SES180	0.0558453	-9.14697	-9.20281
BLOCK18/SES184/SA184S25	SES292	-0.0815878	-9.2844	-9.20281
BLOCK18/SES184/SA184S27	SES083	-0.461011	-9.59911	-9.13809
BLOCK18/SES184/SA184S27	SES177	-0.346763	-9.48486	-9.13809
BLOCK18/SES184/SA184S27	SES202	-0.0254326	-9.16353	-9.13809
BLOCK18/SES184/SA184S27	SES292	-0.141359	-9.27945	-9.13809
BLOCK20/SES204/SA204S12	SES062	-0.366555	-9.24386	-8.87731
BLOCK20/SES204/SA204S12	SES083	-1.00946	-9.88676	-8.87731
BLOCK20/SES204/SA204S12	SES206	0.0274496	-8.84986	-8.87731
BLOCK20/SES204/SA204S12	SES226	-1.24667	-10.124	-8.87731
BLOCK20/SES204/SA204S14	SES068	-0.760736	-9.07755	-8.31682
BLOCK20/SES204/SA204S14	SES087	0.149788	-8.16703	-8.31682
BLOCK20/SES204/SA204S14	SES206	-0.44337	-8.76019	-8.31682
BLOCK20/SES204/SA204S14	SES226	-1.2368	-9.55362	-8.31682
BLOCK20/SES204/SA204S22	SES068	-0.153296	-9.33314	-9.17985
BLOCK20/SES204/SA204S22	SES082	0.0412598	-9.13859	-9.17985
BLOCK20/SES204/SA204S22	SES083	-1.59114	-10.771	-9.17985
BLOCK20/SES204/SA204S22	SES206	0.205606	-8.97424	-9.17985
BLOCK20/SES204/SA204S25	SES062	-0.126653	-9.04206	-8.9154
BLOCK20/SES204/SA204S25	SES083	-1.16112	-10.0765	-8.9154
BLOCK20/SES204/SA204S25	SES206	0.0570831	-8.85832	-8.9154
BLOCK20/SES204/SA204S25	SES226	-0.780079	-9.69548	-8.9154
BLOCK20/SES204/SA204S27	SES068	-0.106571	-9.55123	-9.44466
BLOCK20/SES204/SA204S27	SES082	-0.325665	-9.77032	-9.44466
BLOCK20/SES204/SA204S27	SES087	0.332932	-9.11172	-9.44466
BLOCK20/SES204/SA204S27	SES206	-0.808901	-10.2536	-9.44466
BLOCK20/SES207/SA207S10	SES127	-0.692112	-9.4424	-8.75029
BLOCK20/SES207/SA207S10	SES183	-0.763528	-9.51382	-8.75029
BLOCK20/SES207/SA207S10	SES189	-0.227841	-8.97813	-8.75029
BLOCK20/SES207/SA207S10	SES292	-0.891726	-9.64201	-8.75029
BLOCK20/SES207/SA207S11	SES127	-0.511631	-9.90528	-9.39365
BLOCK20/SES207/SA207S11	SES183	-1.64811	-11.0418	-9.39365
BLOCK20/SES207/SA207S11	SES187	-0.290352	-9.684	-9.39365
BLOCK20/SES207/SA207S11	SES292	-0.405536	-9.79918	-9.39365
BLOCK20/SES207/SA207S25	SES068	0.101357	-9.91132	-10.0127
BLOCK20/SES207/SA207S25	SES083	-0.548302	-10.561	-10.0127
BLOCK20/SES207/SA207S25	SES127	0.348799	-9.66388	-10.0127
BLOCK20/SES207/SA207S25	SES187	0.0227957	-9.98988	-10.0127
BLOCK20/SES207/SA207S27	SES127	-0.18949	-9.98151	-9.79202
BLOCK20/SES207/SA207S27	SES183	-1.45222	-11.2442	-9.79202
BLOCK20/SES207/SA207S27	SES187	-0.352098	-10.1441	-9.79202
BLOCK20/SES207/SA207S27	SES292	-0.293619	-10.0856	-9.79202
BLOCK20/SES207/SA207S29	SES083	-0.769731	-10.3498	-9.58012
BLOCK20/SES207/SA207S29	SES085	-0.532925	-10.113	-9.58012
BLOCK20/SES207/SA207S29	SES172	0.607994	-8.97213	-9.58012
BLOCK20/SES207/SA207S29	SES189	-0.959141	-10.5393	-9.58012
BLOCK22/SES221/SA221S12	SES068	0.0505781	-8.53501	-8.58559
BLOCK22/SES221/SA221S12	SES143	-0.827319	-9.41291	-8.58559
BLOCK22/SES221/SA221S12	SES175	-0.741897	-9.32749	-8.58559
BLOCK22/SES221/SA221S12	SES202	-0.387534	-8.97313	-8.58559
BLOCK22/SES221/SA221S15	SES085	-0.192806	-9.11485	-8.92204
BLOCK22/SES221/SA221S15	SES143	-0.717659	-9.6397	-8.92204
BLOCK22/SES221/SA221S15	SES175	-0.346972	-9.26901	-8.92204
BLOCK22/SES221/SA221S15	SES187	-0.374002	-9.29604	-8.92204
BLOCK22/SES221/SA221S23	SES068	0.207107	-8.64938	-8.85649
BLOCK22/SES221/SA221S23	SES143	-1.0484	-9.90488	-8.85649
BLOCK22/SES221/SA221S23	SES175	-0.923523	-9.78001	-8.85649
BLOCK22/SES221/SA221S23	SES189	-0.988789	-9.84528	-8.85649
BLOCK22/SES221/SA221S27	SES085	0.076623	-9.35442	-9.43104
BLOCK22/SES221/SA221S27	SES143	-0.3885	-9.81954	-9.43104
BLOCK22/SES221/SA221S27	SES175	-0.118617	-9.54966	-9.43104
BLOCK22/SES221/SA221S27	SES189	-0.821775	-10.2528	-9.43104
BLOCK22/SES221/SA221S29	SES085	0.666461	-8.47576	-9.14222
BLOCK22/SES221/SA221S29	SES143	-0.549293	-9.69151	-9.14222
BLOCK22/SES221/SA221S29	SES175	-0.269449	-9.41167	-9.14222
BLOCK22/SES221/SA221S29	SES187	-0.754036	-9.89625	-9.14222
BLOCK22/SES223/SA223S11	SES143	-0.314477	-9.64827	-9.3338
BLOCK22/SES223/SA223S11	SES144	-0.79534	-10.1291	-9.3338
BLOCK22/SES223/SA223S11	SES175	-0.427291	-9.76109	-9.3338
BLOCK22/SES223/SA223S11	SES187	-0.446956	-9.78075	-9.3338
BLOCK22/SES223/SA223S13	SES068	0.224663	-9.03461	-9.25927
BLOCK22/SES223/SA223S13	SES143	-0.565477	-9.82475	-9.25927
BLOCK22/SES223/SA223S13	SES146	-0.664932	-9.9242	-9.25927
BLOCK22/SES223/SA223S13	SES202	0.0173483	-9.24192	-9.25927
BLOCK22/SES223/SA223S22	SES143	-0.790529	-9.89736	-9.10683
BLOCK22/SES223/SA223S22	SES144	-0.990166	-10.097	-9.10683
BLOCK22/SES223/SA223S22	SES175	-0.436531	-9.54336	-9.10683
BLOCK22/SES223/SA223S22	SES187	-0.661432	-9.76826	-9.10683
BLOCK22/SES223/SA223S25	SES068	-0.354576	-10.0945	-9.7399
BLOCK22/SES223/SA223S25	SES143	-0.555484	-10.2954	-9.7399
BLOCK22/SES223/SA223S25	SES175	-0.176988	-9.91688	-9.7399
BLOCK22/SES223/SA223S25	SES187	-0.260258	-10.0002	-9.7399
BLOCK22/SES223/SA223S27	SES143	-0.237916	-10.128	-9.89006
BLOCK22/SES223/SA223S27	SES146	-0.896615	-10.7867	-9.89006
BLOCK22/SES223/SA223S27	SES187	-0.659843	-10.5499	-9.89006
BLOCK22/SES223/SA223S27	SES292	-0.297684	-10.1877	-9.89006
BLOCK27/SES273/SA273S12	SES099	0.315245	-9.4164	-9.73164
BLOCK27/SES273/SA273S12	SES104	0.53176	-9.19988	-9.73164
BLOCK27/SES273/SA273S12	SES125	0.307017	-9.42462	-9.73164
BLOCK27/SES273/SA273S12	SES206	0.529988	-9.20165	-9.73164
BLOCK27/SES273/SA273S13	SES099	-0.767647	-9.99462	-9.22697
BLOCK27/SES273/SA273S13	SES104	0.214046	-9.01292	-9.22697
BLOCK27/SES273/SA273S13	SES206	-0.655052	-9.88202	-9.22697
BLOCK27/SES273/SA273S13	SES292	-0.405022	-9.63199	-9.22697
BLOCK27/SES273/SA273S21	SES099	-0.517004	-9.99318	-9.47618
BLOCK27/SES273/SA273S21	SES148	-1.63094	-11.1071	-9.47618
BLOCK27/SES273/SA273S21	SES149	-0.95399	-10.4302	-9.47618
BLOCK27/SES273/SA273S21	SES177	-0.750489	-10.2267	-9.47618
BLOCK27/SES273/SA273S25	SES104	0.962715	-9.95402	-10.9167
BLOCK27/SES273/SA273S25	SES125	0.775863	-10.1409	-10.9167
BLOCK27/SES273/SA273S25	SES158	1.24265	-9.67409	-10.9167
BLOCK27/SES273/SA273S25	SES206	0.768006	-10.1487	-10.9167
BLOCK27/SES273/SA273S27	SES099	-0.567779	-9.22148	-8.6537
BLOCK27/SES273/SA273S27	SES104	0.381731	-8.27197	-8.6537
BLOCK27/SES273/SA273S27	SES149	0.0589457	-8.59476	-8.6537
BLOCK27/SES273/SA273S27	SES275	-0.500167	-9.15387	-8.6537
BLOCK27/SES274/SA274S10	SES105	-1.57925	-9.51197	-7.93272
BLOCK27/SES274/SA274S10	SES125	-1.74068	-9.6734	-7.93272
BLOCK27/SES274/SA274S10	SES129	0.428973	-7.50375	-7.93272
BLOCK27/SES274/SA274S10	SES158	-2.16772	-10.1004	-7.93272
BLOCK27/SES274/SA274S11	SES105	-0.257605	-8.69288	-8.43527
BLOCK27/SES274/SA274S11	SES149	-0.411006	-8.84628	-8.43527
BLOCK27/SES274/SA274S11	SES158	-1.01314	-9.44841	-8.43527
BLOCK27/SES274/SA274S11	SES275	-0.581981	-9.01725	-8.43527
BLOCK27/SES274/SA274S21	SES105	-0.633772	-9.04031	-8.40654
BLOCK27/SES274/SA274S21	SES129	-0.298914	-8.70545	-8.40654
BLOCK27/SES274/SA274S21	SES149	-0.745831	-9.15237	-8.40654
BLOCK27/SES274/SA274S21	SES158	-1.78126	-10.1878	-8.40654
BLOCK27/SES274/SA274S24	SES105	-1.09845	-10.2547	-9.15623
BLOCK27/SES274/SA274S24	SES129	0.0807667	-9.07546	-9.15623
BLOCK27/SES274/SA274S24	SES149	-1.0452	-10.2014	-9.15623
BLOCK27/SES274/SA274S24	SES158	-1.79994	-10.9562	-9.15623
BLOCK27/SES274/SA274S29	SES105	-0.823659	-10.0841	-9.26048
BLOCK27/SES274/SA274S29	SES106	-0.72878	-9.98926	-9.26048
BLOCK27/SES274/SA274S29	SES120	-0.3207	-9.58118	-9.26048
BLOCK27/SES274/SA274S29	SES275	-0.642083	-9.90257	-9.26048
BLOCK27/SES276/SA276S16	SES148	-0.196613	-9.05259	-8.85597
BLOCK27/SES276/SA276S16	SES172	0.0316133	-8.82436	-8.85597
BLOCK27/SES276/SA276S16	SES180	0.0628357	-8.79314	-8.85597
BLOCK27/SES276/SA276S16	SES292	-0.0183516	-8.87433	-8.85597
BLOCK27/SES276/SA276S17	SES101	-0.0389042	-9.48537	-9.44646
BLOCK27/SES276/SA276S17	SES177	-0.41183	-9.85829	-9.44646
BLOCK27/SES276/SA276S17	SES180	-0.0706472	-9.51711	-9.44646
BLOCK27/SES276/SA276S17	SES292	-0.627607	-10.0741	-9.44646
BLOCK27/SES276/SA276S24	SES101	0.330223	-8.45294	-8.78316
BLOCK27/SES276/SA276S24	SES177	0.00697327	-8.77619	-8.78316
BLOCK27/SES276/SA276S24	SES180	-0.189034	-8.97219	-8.78316
BLOCK27/SES276/SA276S24	SES292	-0.63335	-9.41651	-8.78316
BLOCK27/SES276/SA276S26	SES101	0.267823	-8.37885	-8.64668
BLOCK27/SES276/SA276S26	SES177	-0.0462599	-8.69293	-8.64668
BLOCK27/SES276/SA276S26	SES180	-0.460423	-9.1071	-8.64668
BLOCK27/SES276/SA276S26	SES292	-0.326867	-8.97354	-8.64668
BLOCK27/SES276/SA276S28	SES101	0.195477	-8.35507	-8.55054
BLOCK27/SES276/SA276S28	SES177	-0.281831	-8.83237	-8.55054
BLOCK27/SES276/SA276S28	SES180	-0.00477123	-8.55531	-8.55054
BLOCK27/SES276/SA276S28	SES292	-0.37204	-8.92258	-8.55054
BLOCK27/SES277/SA277S12	SES101	-0.261539	-10.5598	-10.2982
BLOCK27/SES277/SA277S12	SES177	-0.962949	-11.2612	-10.2982
BLOCK27/SES277/SA277S12	SES180	-0.296352	-10.5946	-10.2982
BLOCK27/SES277/SA277S12	SES292	-0.715749	-11.014	-10.2982
BLOCK27/SES277/SA277S14	SES177	-0.32404	-11.1012	-10.7772
BLOCK27/SES277/SA277S14	SES180	-0.808328	-11.5855	-10.7772
BLOCK27/SES277/SA277S14	SES189	0.480871	-10.2963	-10.7772
BLOCK27/SES277/SA277S14	SES292	-0.899447	-11.6766	-10.7772
BLOCK27/SES277/SA277S21	SES177	-0.312649	-10.1363	-9.82364
BLOCK27/SES277/SA277S21	SES180	-0.610263	-10.4339	-9.82364
BLOCK27/SES277/SA277S21	SES189	0.0838194	-9.73982	-9.82364
BLOCK27/SES277/SA277S21	SES292	-1.15868	-10.9823	-9.82364
BLOCK27/SES277/SA277S24	SES144	0.328803	-10.7163	-11.0451
BLOCK27/SES277/SA277S24	SES177	-0.382158	-11.4273	-11.0451
BLOCK27/SES277/SA277S24	SES180	-0.674091	-11.7192	-11.0451
BLOCK27/SES277/SA277S24	SES189	0.660322	-10.3848	-11.0451
BLOCK27/SES277/SA277S29	SES177	-0.105107	-8.56465	-8.45954
BLOCK27/SES277/SA277S29	SES180	0.114491	-8.34505	-8.45954
BLOCK27/SES277/SA277S29	SES202	-0.0715342	-8.53108	-8.45954
BLOCK27/SES277/SA277S29	SES292	-0.953273	-9.41282	-8.45954
BLOCK27/SES279/SA279S09	SES120	-0.716109	-9.59949	-8.88338
BLOCK27/SES279/SA279S09	SES146	-0.110134	-8.99351	-8.88338
BLOCK27/SES279/SA279S09	SES206	0.570152	-8.31322	-8.88338
BLOCK27/SES279/SA279S09	SES226	-1.13872	-10.0221	-8.88338
BLOCK27/SES279/SA279S10	SES099	-0.120494	-9.37889	-9.2584
BLOCK27/SES279/SA279S10	SES206	-0.408628	-9.66703	-9.2584
BLOCK27/SES279/SA279S10	SES226	-1.82522	-11.0836	-9.2584
BLOCK27/SES279/SA279S10	SES292	-1.00566	-10.2641	-9.2584
BLOCK27/SES279/SA279S20	SES099	-0.721581	-10.5469	-9.82536
BLOCK27/SES279/SA279S20	SES206	-0.306856	-10.1322	-9.82536
BLOCK27/SES279/SA279S20	SES226	-1.29428	-11.1196	-9.82536
BLOCK27/SES279/SA279S20	SES292	-0.888753	-10.7141	-9.82536
BLOCK27/SES279/SA279S26	SES099	0.636721	-9.83723	-10.4739
BLOCK27/SES279/SA279S26	SES206	0.426135	-10.0478	-10.4739
BLOCK27/SES279/SA279S26	SES226	-0.755009	-11.229	-10.4739
BLOCK27/SES279/SA279S26	SES292	-0.434873	-10.9088	-10.4739
BLOCK27/SES279/SA279S28	SES099	0.00303936	-8.79794	-8.80098
BLOCK27/SES279/SA279S28	SES120	-0.504112	-9.30509	-8.80098
BLOCK27/SES279/SA279S28	SES177	-0.759152	-9.56013	-8.80098
BLOCK27/SES279/SA279S28	SES206	0.0203962	-8.78059	-8.80098
BLOCK29/SES290/SA290S12	SES162	-0.214191	-8.13227	-7.91808
BLOCK29/SES290/SA290S12	SES177	0.204544	-7.71353	-7.91808
BLOCK29/SES290/SA290S12	SES180	-0.416038	-8.33412	-7.91808
BLOCK29/SES290/SA290S12	SES292	-1.33515	-9.25323	-7.91808
BLOCK29/SES290/SA290S13	SES007	0.0933075	-8.54486	-8.63816
BLOCK29/SES290/SA290S13	SES162	-0.480259	-9.11842	-8.63816
BLOCK29/SES290/SA290S13	SES177	0.0221682	-8.616	-8.63816
BLOCK29/SES290/SA290S13	SES180	-0.0274239	-8.66559	-8.63816
BLOCK29/SES290/SA290S22	SES177	0.0129442	-8.47685	-8.4898
BLOCK29/SES290/SA290S22	SES180	-0.0503311	-8.54013	-8.4898
BLOCK29/SES290/SA290S22	SES202	-0.11237	-8.60217	-8.4898
BLOCK29/SES290/SA290S22	SES292	-0.419095	-8.90889	-8.4898
BLOCK29/SES290/SA290S25	SES162	-0.2368	-8.98965	-8.75285
BLOCK29/SES290/SA290S25	SES177	0.270052	-8.4828	-8.75285
BLOCK29/SES290/SA290S25	SES180	-0.0543213	-8.80717	-8.75285
BLOCK29/SES290/SA290S25	SES292	-0.737522	-9.49037	-8.75285
BLOCK29/SES290/SA290S29	SES177	0.220362	-7.9887	-8.20906
BLOCK29/SES290/SA290S29	SES180	0.0728788	-8.13618	-8.20906
BLOCK29/SES290/SA290S29	SES275	-0.331253	-8.54031	-8.20906
BLOCK29/SES290/SA290S29	SES292	-0.552653	-8.76171	-8.20906
BLOCK29/SES291/SA291S11	SES105	-0.94672	-10.8908	-9.94412
BLOCK29/SES291/SA291S11	SES125	-0.0192022	-9.96332	-9.94412
BLOCK29/SES291/SA291S11	SES158	-0.641998	-10.5861	-9.94412
BLOCK29/SES291/SA291S11	SES275	-0.690385	-10.6345	-9.94412
BLOCK29/SES291/SA291S12	SES158	0.464373	-9.46962	-9.93399
BLOCK29/SES291/SA291S12	SES226	-1.65882	-11.5928	-9.93399
BLOCK29/SES291/SA291S12	SES270	-0.635626	-10.5696	-9.93399
BLOCK29/SES291/SA291S12	SES275	-2.22634	-12.1603	-9.93399
BLOCK29/SES291/SA291S22	SES082	-0.0530272	-9.4454	-9.39237
BLOCK29/SES291/SA291S22	SES158	0.0231047	-9.36927	-9.39237
BLOCK29/SES291/SA291S22	SES259	-0.488747	-9.88112	-9.39237
BLOCK29/SES291/SA291S22	SES275	-1.51607	-10.9084	-9.39237
BLOCK29/SES291/SA291S24	SES104	0.216332	-9.0851	-9.30143
BLOCK29/SES291/SA291S24	SES125	-0.244293	-9.54572	-9.30143
BLOCK29/SES291/SA291S24	SES158	-0.0218782	-9.32331	-9.30143
BLOCK29/SES291/SA291S24	SES275	-1.09336	-10.3948	-9.30143
BLOCK29/SES291/SA291S27	SES158	0.215434	-9.05366	-9.26909
BLOCK29/SES291/SA291S27	SES172	-0.96171	-10.2308	-9.26909
BLOCK29/SES291/SA291S27	SES275	-1.10102	-10.3701	-9.26909
BLOCK29/SES291/SA291S27	SES292	-0.29182	-9.56091	-9.26909
Threshold search:
THR	-5.14075746064	9	0(0)	1(1000)
THR	-5.0661509860336	8.991	0(0)	0.999(999)
THR	-4.9915445114272	8.991	0(0)	0.999(999)
THR	-4.9169380368208	8.991	0(0)	0.999(999)
THR	-4.8423315622144	8.991	0(0)	0.999(999)
THR	-4.767725087608	8.991	0(0)	0.999(999)
THR	-4.6931186130016	8.991	0(0)	0.999(999)
THR	-4.6185121383952	8.991	0(0)	0.999(999)
THR	-4.5439056637888	8.991	0(0)	0.999(999)
THR	-4.4692991891824	8.982	0(0)	0.998(998)
THR	-4.394692714576	8.973	0(0)	0.997(997)
THR	-4.3200862399696	8.973	0(0)	0.997(997)
THR	-4.2454797653632	8.973	0(0)	0.997(997)
THR	-4.1708732907568	8.973	0(0)	0.997(997)
THR	-4.0962668161504	8.964	0(0)	0.996(996)
THR	-4.021660341544	8.964	0(0)	0.996(996)
THR	-3.9470538669376	8.964	0(0)	0.996(996)
THR	-3.8724473923312	8.964	0(0)	0.996(996)
THR	-3.7978409177248	8.964	0(0)	0.996(996)
THR	-3.7232344431184	8.964	0(0)	0.996(996)
THR	-3.648627968512	8.964	0(0)	0.996(996)
THR	-3.5740214939056	8.964	0(0)	0.996(996)
THR	-3.4994150192992	8.964	0(0)	0.996(996)
THR	-3.4248085446928	8.964	0(0)	0.996(996)
THR	-3.3502020700864	8.955	0(0)	0.995(995)
THR	-3.27559559548	8.955	0(0)	0.995(995)
THR	-3.2009891208736	8.955	0(0)	0.995(995)
THR	-3.1263826462672	8.937	0(0)	0.993(993)
THR	-3.0517761716608	8.937	0(0)	0.993(993)
THR	-2.9771696970544	8.937	0(0)	0.993(993)
THR	-2.902563222448	8.937	0(0)	0.993(993)
THR	-2.8279567478416	8.928	0(0)	0.992(992)
THR	-2.7533502732352	8.919	0(0)	0.991(991)
THR	-2.6787437986288	8.919	0(0)	0.991(991)
THR	-2.6041373240224	8.91	0(0)	0.99(990)
THR	-2.529530849416	8.901	0(0)	0.989(989)
THR	-2.4549243748096	8.892	0(0)	0.988(988)
THR	-2.3803179002032	8.883	0(0)	0.987(987)
THR	-2.3057114255968	8.874	0(0)	0.986(986)
THR	-2.2311049509904	8.838	0(0)	0.982(982)
THR	-2.156498476384	8.811	0(0)	0.979(979)
THR	-2.0818920017776	8.811	0(0)	0.979(979)
THR	-2.0072855271712	8.802	0(0)	0.978(978)
THR	-1.9326790525648	8.766	0(0)	0.974(974)
THR	-1.8580725779584	8.739	0(0)	0.971(971)
THR	-1.783466103352	8.676	0(0)	0.964(964)
THR	-1.7088596287456	8.55	0(0)	0.95(950)
THR	-1.6342531541392	8.505	0(0)	0.945(945)
THR	-1.5596466795328	8.415	0(0)	0.935(935)
THR	-1.4850402049264	8.361	0(0)	0.929(929)
THR	-1.41043373032	8.262	0(0)	0.918(918)
THR	-1.3358272557136	8.149	0.004(1)	0.905(905)
THR	-1.2612207811072	8.023	0.004(1)	0.891(891)
THR	-1.1866143065008	7.888	0.004(1)	0.876(876)
THR	-1.1120078318944	7.744	0.004(1)	0.86(860)
THR	-1.037401357288	7.528	0.004(1)	0.836(836)
THR	-0.962794882681602	7.298	0.008(2)	0.81(810)
THR	-0.888188408075202	7.046	0.008(2)	0.782(782)
THR	-0.813581933468802	6.821	0.008(2)	0.757(757)
THR	-0.738975458862402	6.398	0.008(2)	0.71(710)
THR	-0.664368984256002	5.984	0.008(2)	0.664(664)
THR	-0.589762509649602	5.565	0.012(3)	0.617(617)
THR	-0.515156035043202	5.133	0.012(3)	0.569(569)
THR	-0.440549560436802	4.714	0.016(4)	0.522(522)
THR	-0.365943085830402	4.295	0.02(5)	0.475(475)
THR	-0.291336611224002	3.865	0.04(10)	0.425(425)
THR	-0.216730136617602	3.445	0.052(13)	0.377(377)
THR	-0.142123662011202	3.07	0.064(16)	0.334(334)
THR	-0.0675171874048019	2.707	0.088(22)	0.291(291)
THR	0.00708928720159807	2.237	0.104(26)	0.237(237)
THR	0.0816957618079981	1.867	0.112(28)	0.195(195)
THR	0.156302236414398	1.52	0.152(38)	0.152(152)
THR	0.230908711020798	1.317	0.192(48)	0.125(125)
THR	0.305515185627198	1.242	0.252(63)	0.11(110)
THR	0.380121660233598	1.069	0.34(85)	0.081(81)
THR	0.454728134839998	0.936	0.396(99)	0.06(60)
THR	0.529334609446398	0.89	0.476(119)	0.046(46)
THR	0.603941084052798	0.881	0.548(137)	0.037(37)
THR	0.678547558659198	0.811	0.604(151)	0.023(23)
THR	0.753154033265598	0.82	0.676(169)	0.016(16)
THR	0.827760507871998	0.831	0.732(183)	0.011(11)
THR	0.902366982478398	0.869	0.788(197)	0.009(9)
THR	0.976973457084798	0.881	0.836(209)	0.005(5)
THR	1.0515799316912	0.904	0.868(217)	0.004(4)
THR	1.1261864062976	0.923	0.896(224)	0.003(3)
THR	1.200792880904	0.931	0.904(226)	0.003(3)
THR	1.2753993555104	0.929	0.92(230)	0.001(1)
THR	1.3500058301168	0.949	0.94(235)	0.001(1)
THR	1.4246123047232	0.948	0.948(237)	0(0)
THR	1.4992187793296	0.956	0.956(239)	0(0)
THR	1.573825253936	0.96	0.96(240)	0(0)
THR	1.6484317285424	0.972	0.972(243)	0(0)
THR	1.7230382031488	0.98	0.98(245)	0(0)
THR	1.7976446777552	0.984	0.984(246)	0(0)
THR	1.8722511523616	0.984	0.984(246)	0(0)
THR	1.946857626968	0.984	0.984(246)	0(0)
THR	2.0214641015744	0.996	0.996(249)	0(0)
THR	2.0960705761808	0.996	0.996(249)	0(0)
THR	2.1706770507872	0.996	0.996(249)	0(0)
THR	2.2452835253936	0.996	0.996(249)	0(0)
THR	2.31989	0.996	0.996(249)	0(0)
THR	2.3944964746064	1	1(250)	0(0)


==============================================
THR: 0.678547558659198
Missed:     151/250=0.6040
FalseAlarm: 23/1000=0.0230
----------------------------------------------
==> CostDetection: 81.1
==============================================
