BLOCK00/SES002/SA002S12	SES002	1.32224	15.8301	14.5079
BLOCK00/SES002/SA002S13	SES002	2.04286	15.1904	13.1476
BLOCK00/SES002/SA002S23	SES002	1.5709	15.9545	14.3836
BLOCK00/SES002/SA002S26	SES002	1.7801	16.5509	14.7708
BLOCK00/SES002/SA002S28	SES002	1.82829	14.6103	12.782
BLOCK00/SES007/SA007S14	SES007	1.7327	16.7034	14.9707
BLOCK00/SES007/SA007S15	SES007	0.817421	14.7596	13.9422
BLOCK00/SES007/SA007S24	SES007	1.26982	14.8479	13.578
BLOCK00/SES007/SA007S27	SES007	0.870409	14.3387	13.4683
BLOCK00/SES007/SA007S29	SES007	0.821457	15.3419	14.5205
BLOCK00/SES008/SA008S11	SES008	1.72121	15.76	14.0388
BLOCK00/SES008/SA008S12	SES008	1.14306	15.4577	14.3146
BLOCK00/SES008/SA008S19	SES008	1.5482	16.5713	15.0231
BLOCK00/SES008/SA008S22	SES008	0.863644	14.0721	13.2085
BLOCK00/SES008/SA008S29	SES008	1.99809	16.3892	14.3911
BLOCK01/SES014/SA014S10	SES014	1.72307	16.1278	14.4047
BLOCK01/SES014/SA014S12	SES014	2.64032	18.689	16.0487
BLOCK01/SES014/SA014S24	SES014	1.72053	17.1392	15.4186
BLOCK01/SES014/SA014S26	SES014	2.1836	19.3142	17.1306
BLOCK01/SES014/SA014S28	SES014	3.04447	18.7858	15.7414
BLOCK01/SES016/SA016S12	SES016	1.29276	13.6268	12.334
BLOCK01/SES016/SA016S13	SES016	1.84862	15.6279	13.7793
BLOCK01/SES016/SA016S22	SES016	1.78047	15.7326	13.9521
BLOCK01/SES016/SA016S25	SES016	1.28008	16.8563	15.5762
BLOCK01/SES016/SA016S27	SES016	2.05763	17.8445	15.7868
BLOCK01/SES019/SA019S13	SES019	2.3357	14.7321	12.3964
BLOCK01/SES019/SA019S14	SES019	2.06376	15.2185	13.1547
BLOCK01/SES019/SA019S22	SES019	2.4843	15.2846	12.8003
BLOCK01/SES019/SA019S25	SES019	2.35273	15.1088	12.7561
BLOCK01/SES019/SA019S29	SES019	2.84874	15.1799	12.3312
BLOCK02/SES029/SA029S11	SES029	1.37157	15.223	13.8514
BLOCK02/SES029/SA029S12	SES029	0.893485	15.7189	14.8254
BLOCK02/SES029/SA029S20	SES029	1.00936	14.6164	13.6071
BLOCK02/SES029/SA029S25	SES029	1.36963	16.5252	15.1556
BLOCK02/SES029/SA029S28	SES029	0.718151	15.2984	14.5802
BLOCK04/SES042/SA042S12	SES042	1.93311	16.2145	14.2814
BLOCK04/SES042/SA042S15	SES042	2.1618	16.9359	14.7741
BLOCK04/SES042/SA042S22	SES042	3.57314	19.6189	16.0457
BLOCK04/SES042/SA042S25	SES042	1.81696	15.621	13.8041
BLOCK04/SES042/SA042S27	SES042	2.16817	17.419	15.2508
BLOCK04/SES048/SA048S11	SES048	1.52112	16.5023	14.9811
BLOCK04/SES048/SA048S12	SES048	0.786531	15.8926	15.1061
BLOCK04/SES048/SA048S20	SES048	0.648444	16.0974	15.4489
BLOCK04/SES048/SA048S23	SES048	1.46429	14.8312	13.367
BLOCK04/SES048/SA048S27	SES048	0.659101	16.6794	16.0203
BLOCK06/SES060/SA060S11	SES060	1.22586	15.9495	14.7236
BLOCK06/SES060/SA060S12	SES060	0.477488	13.4094	12.9319
BLOCK06/SES060/SA060S22	SES060	0.503434	13.1702	12.6668
BLOCK06/SES060/SA060S24	SES060	0.938995	15.6529	14.7139
BLOCK06/SES060/SA060S28	SES060	1.29325	17.8113	16.5181
BLOCK06/SES062/SA062S10	SES062	0.94774	16.0242	15.0765
BLOCK06/SES062/SA062S11	SES062	2.04807	16.0936	14.0456
BLOCK06/SES062/SA062S21	SES062	1.87597	18.4524	16.5764
BLOCK06/SES062/SA062S26	SES062	1.43054	16.7789	15.3484
BLOCK06/SES062/SA062S29	SES062	1.81207	17.9826	16.1706
BLOCK06/SES068/SA068S14	SES068	0.266173	15.467	15.2008
BLOCK06/SES068/SA068S15	SES068	1.21069	17.0535	15.8428
BLOCK06/SES068/SA068S23	SES068	1.21833	15.5229	14.3045
BLOCK06/SES068/SA068S27	SES068	2.0254	17.3452	15.3198
BLOCK06/SES068/SA068S29	SES068	1.08813	15.927	14.8388
BLOCK08/SES082/SA082S12	SES082	0.262213	13.7829	13.5206
BLOCK08/SES082/SA082S14	SES082	0.921538	14.0678	13.1462
BLOCK08/SES082/SA082S21	SES082	0.861703	14.5766	13.7149
BLOCK08/SES082/SA082S24	SES082	0.814835	16.1727	15.3578
BLOCK08/SES082/SA082S28	SES082	0.819722	14.0334	13.2137
BLOCK08/SES083/SA083S14	SES083	0.414474	14.8176	14.4031
BLOCK08/SES083/SA083S15	SES083	0.778097	16.2231	15.445
BLOCK08/SES083/SA083S24	SES083	0.742776	15.5751	14.8323
BLOCK08/SES083/SA083S26	SES083	0.649456	15.3226	14.6731
BLOCK08/SES083/SA083S29	SES083	0.783491	16.1001	15.3167
BLOCK08/SES085/SA085S10	SES085	0.982228	15.7397	14.7574
BLOCK08/SES085/SA085S13	SES085	0.727012	14.628	13.901
BLOCK08/SES085/SA085S22	SES085	0.924516	16.133	15.2085
BLOCK08/SES085/SA085S26	SES085	1.23689	16.2408	15.0039
BLOCK08/SES085/SA085S28	SES085	1.32902	15.8826	14.5536
BLOCK08/SES087/SA087S15	SES087	1.05369	15.0781	14.0244
BLOCK08/SES087/SA087S16	SES087	1.54517	15.3544	13.8093
BLOCK08/SES087/SA087S24	SES087	1.71532	15.8933	14.178
BLOCK08/SES087/SA087S26	SES087	0.849674	16.0821	15.2324
BLOCK08/SES087/SA087S29	SES087	1.75255	15.264	13.5114
BLOCK09/SES099/SA099S15	SES099	2.10301	14.7155	12.6125
BLOCK09/SES099/SA099S16	SES099	1.60104	14.6815	13.0805
BLOCK09/SES099/SA099S24	SES099	1.89674	15.2981	13.4013
BLOCK09/SES099/SA099S26	SES099	1.90423	15.3724	13.4681
BLOCK09/SES099/SA099S29	SES099	1.73737	15.3104	13.573
BLOCK10/SES101/SA101S11	SES101	0.803145	15.4673	14.6642
BLOCK10/SES101/SA101S13	SES101	1.29704	16.2951	14.998
BLOCK10/SES101/SA101S22	SES101	1.09709	14.9219	13.8248
BLOCK10/SES101/SA101S24	SES101	1.56862	16.0451	14.4765
BLOCK10/SES101/SA101S28	SES101	0.808112	13.9641	13.156
BLOCK10/SES104/SA104S11	SES104	2.05641	17.643	15.5866
BLOCK10/SES104/SA104S12	SES104	2.19674	16.0383	13.8415
BLOCK10/SES104/SA104S21	SES104	2.32506	16.018	13.693
BLOCK10/SES104/SA104S24	SES104	1.48486	15.6186	14.1338
BLOCK10/SES104/SA104S28	SES104	2.56978	17.1071	14.5373
BLOCK10/SES105/SA105S12	SES105	1.50053	13.7558	12.2553
BLOCK10/SES105/SA105S13	SES105	0.811546	13.8705	13.0589
BLOCK10/SES105/SA105S22	SES105	0.945237	13.194	12.2487
BLOCK10/SES105/SA105S26	SES105	1.17696	13.7627	12.5858
BLOCK10/SES105/SA105S29	SES105	0.962614	14.4658	13.5032
BLOCK10/SES106/SA106S09	SES106	1.51229	13.8023	12.2901
BLOCK10/SES106/SA106S11	SES106	1.49516	15.4061	13.911
BLOCK10/SES106/SA106S22	SES106	3.25342	15.7508	12.4974
BLOCK10/SES106/SA106S27	SES106	1.93805	15.0174	13.0794
BLOCK10/SES106/SA106S29	SES106	1.25883	14.725	13.4661
BLOCK11/SES117/SA117S12	SES117	0.951221	14.7225	13.7712
BLOCK11/SES117/SA117S13	SES117	0.0643845	14.7041	14.6397
BLOCK11/SES117/SA117S23	SES117	2.26709	14.0105	11.7434
BLOCK11/SES117/SA117S25	SES117	1.20962	13.9951	12.7855
BLOCK11/SES117/SA117S28	SES117	1.42535	13.3965	11.9711
BLOCK12/SES120/SA120S08	SES120	0.550118	12.5973	12.0471
BLOCK12/SES120/SA120S11	SES120	1.0054	12.0714	11.066
BLOCK12/SES120/SA120S22	SES120	0.56629	15.0233	14.457
BLOCK12/SES120/SA120S24	SES120	0.937676	14.0082	13.0705
BLOCK12/SES120/SA120S28	SES120	0.747045	12.0445	11.2974
BLOCK12/SES125/SA125S13	SES125	2.13518	15.7738	13.6386
BLOCK12/SES125/SA125S14	SES125	1.22167	14.7523	13.5306
BLOCK12/SES125/SA125S25	SES125	2.51913	16.822	14.3029
BLOCK12/SES125/SA125S27	SES125	2.87714	17.7049	14.8277
BLOCK12/SES125/SA125S29	SES125	2.12613	15.771	13.6448
BLOCK12/SES127/SA127S11	SES127	0.816508	14.5163	13.6998
BLOCK12/SES127/SA127S12	SES127	0.539088	15.4071	14.868
BLOCK12/SES127/SA127S23	SES127	0.776514	15.3606	14.5841
BLOCK12/SES127/SA127S25	SES127	-0.0177994	13.626	13.6438
BLOCK12/SES127/SA127S27	SES127	1.23615	15.5464	14.3102
BLOCK12/SES129/SA129S11	SES129	1.27306	16.6676	15.3946
BLOCK12/SES129/SA129S12	SES129	1.16123	16.2417	15.0805
BLOCK12/SES129/SA129S22	SES129	0.982016	15.4469	14.4649
BLOCK12/SES129/SA129S27	SES129	1.88288	16.5024	14.6196
BLOCK12/SES129/SA129S29	SES129	1.23498	16.551	15.3161
BLOCK14/SES142/SA142S11	SES142	2.61273	14.9031	12.2904
BLOCK14/SES142/SA142S12	SES142	1.20217	14.6281	13.4259
BLOCK14/SES142/SA142S24	SES142	2.33693	15.7637	13.4268
BLOCK14/SES142/SA142S27	SES142	2.20837	15.9911	13.7827
BLOCK14/SES142/SA142S29	SES142	2.24993	14.6824	12.4325
BLOCK14/SES143/SA143S12	SES143	1.28647	14.6116	13.3251
BLOCK14/SES143/SA143S13	SES143	1.00412	14.2506	13.2465
BLOCK14/SES143/SA143S23	SES143	1.59469	14.7468	13.1521
BLOCK14/SES143/SA143S25	SES143	1.36586	15.3846	14.0187
BLOCK14/SES143/SA143S28	SES143	1.12109	14.6543	13.5332
BLOCK14/SES144/SA144S09	SES144	1.49772	16.127	14.6293
BLOCK14/SES144/SA144S11	SES144	1.45306	15.0735	13.6204
BLOCK14/SES144/SA144S21	SES144	1.04321	14.7313	13.6881
BLOCK14/SES144/SA144S25	SES144	0.98137	14.2683	13.287
BLOCK14/SES144/SA144S29	SES144	0.594501	15.4172	14.8227
BLOCK14/SES146/SA146S14	SES146	0.983941	13.809	12.8251
BLOCK14/SES146/SA146S15	SES146	0.782874	13.7597	12.9768
BLOCK14/SES146/SA146S24	SES146	0.836989	14.0587	13.2218
BLOCK14/SES146/SA146S26	SES146	1.58679	14.3234	12.7367
BLOCK14/SES146/SA146S29	SES146	0.94323	13.2761	12.3328
BLOCK14/SES147/SA147S11	SES147	1.65752	14.3356	12.6781
BLOCK14/SES147/SA147S13	SES147	2.07598	15.4136	13.3376
BLOCK14/SES147/SA147S23	SES147	1.0137	14.6496	13.6358
BLOCK14/SES147/SA147S26	SES147	1.65225	14.8263	13.174
BLOCK14/SES147/SA147S28	SES147	1.816	15.2537	13.4377
BLOCK14/SES148/SA148S10	SES148	1.51495	14.7578	13.2428
BLOCK14/SES148/SA148S12	SES148	0.835478	13.3328	12.4974
BLOCK14/SES148/SA148S22	SES148	1.51506	15.913	14.3979
BLOCK14/SES148/SA148S26	SES148	0.469512	14.3434	13.8739
BLOCK14/SES148/SA148S29	SES148	0.770418	14.5949	13.8245
BLOCK14/SES149/SA149S13	SES149	0.63579	15.3786	14.7428
BLOCK14/SES149/SA149S14	SES149	0.656104	15.7456	15.0895
BLOCK14/SES149/SA149S24	SES149	1.42084	16.2909	14.87
BLOCK14/SES149/SA149S26	SES149	2.11303	17.2988	15.1858
BLOCK14/SES149/SA149S28	SES149	1.99203	17.9894	15.9973
BLOCK15/SES158/SA158S13	SES158	1.96043	14.257	12.2965
BLOCK15/SES158/SA158S14	SES158	2.39071	14.4131	12.0223
BLOCK15/SES158/SA158S23	SES158	1.77091	14.5651	12.7941
BLOCK15/SES158/SA158S26	SES158	2.77582	14.1072	11.3313
BLOCK15/SES158/SA158S28	SES158	1.38468	13.6259	12.2412
BLOCK16/SES162/SA162S10	SES162	0.898014	13.5698	12.6718
BLOCK16/SES162/SA162S11	SES162	1.07019	15.2109	14.1408
BLOCK16/SES162/SA162S21	SES162	1.34534	15.2566	13.9113
BLOCK16/SES162/SA162S24	SES162	1.09139	14.5314	13.44
BLOCK16/SES162/SA162S27	SES162	1.31396	14.3962	13.0823
BLOCK16/SES167/SA167S14	SES167	1.66703	16.9798	15.3128
BLOCK16/SES167/SA167S15	SES167	1.86507	15.9382	14.0732
BLOCK16/SES167/SA167S21	SES167	2.64539	16.6796	14.0342
BLOCK16/SES167/SA167S25	SES167	2.80703	15.5396	12.7325
BLOCK16/SES167/SA167S29	SES167	2.70428	17.5732	14.8689
BLOCK17/SES172/SA172S12	SES172	1.16832	15.2431	14.0748
BLOCK17/SES172/SA172S13	SES172	1.54059	14.9427	13.4021
BLOCK17/SES172/SA172S23	SES172	1.688	16.2725	14.5845
BLOCK17/SES172/SA172S27	SES172	0.962822	15.1495	14.1867
BLOCK17/SES172/SA172S29	SES172	1.35128	15.1023	13.751
BLOCK17/SES175/SA175S11	SES175	1.19908	15.3313	14.1323
BLOCK17/SES175/SA175S13	SES175	1.58291	15.6121	14.0292
BLOCK17/SES175/SA175S23	SES175	1.57164	15.4735	13.9018
BLOCK17/SES175/SA175S25	SES175	0.884818	13.3647	12.4799
BLOCK17/SES175/SA175S28	SES175	1.53096	16.2336	14.7026
BLOCK17/SES177/SA177S15	SES177	0.888767	15.1462	14.2575
BLOCK17/SES177/SA177S17	SES177	0.703499	15.062	14.3585
BLOCK17/SES177/SA177S23	SES177	0.548413	14.4124	13.864
BLOCK17/SES177/SA177S26	SES177	0.867436	16.7836	15.9161
BLOCK17/SES177/SA177S28	SES177	0.953745	15.7195	14.7658
BLOCK18/SES180/SA180S13	SES180	0.84988	14.9565	14.1066
BLOCK18/SES180/SA180S15	SES180	1.20992	15.0085	13.7986
BLOCK18/SES180/SA180S24	SES180	0.723505	16.01	15.2865
BLOCK18/SES180/SA180S26	SES180	1.08042	15.9302	14.8498
BLOCK18/SES180/SA180S29	SES180	1.08857	14.9438	13.8552
BLOCK18/SES183/SA183S13	SES183	1.14211	13.7722	12.6301
BLOCK18/SES183/SA183S14	SES183	0.41123	13.5256	13.1143
BLOCK18/SES183/SA183S24	SES183	1.72886	13.0366	11.3077
BLOCK18/SES183/SA183S27	SES183	1.24341	13.9432	12.6998
BLOCK18/SES183/SA183S29	SES183	0.775825	14.7367	13.9608
BLOCK18/SES187/SA187S13	SES187	0.466983	14.566	14.099
BLOCK18/SES187/SA187S14	SES187	0.541867	14.382	13.8402
BLOCK18/SES187/SA187S24	SES187	1.59179	13.9767	12.3849
BLOCK18/SES187/SA187S27	SES187	0.768147	14.0489	13.2807
BLOCK18/SES187/SA187S29	SES187	0.796579	14.9312	14.1346
BLOCK18/SES189/SA189S10	SES189	2.78438	12.9867	10.2023
BLOCK18/SES189/SA189S13	SES189	4.05898	12.8516	8.79265
BLOCK18/SES189/SA189S24	SES189	4.69435	12.9966	8.30221
BLOCK18/SES189/SA189S26	SES189	2.16835	13.6495	11.4812
BLOCK18/SES189/SA189S29	SES189	2.87082	13.2596	10.3888
BLOCK20/SES202/SA202S12	SES202	2.01061	13.0291	11.0185
BLOCK20/SES202/SA202S14	SES202	2.438	14.8049	12.3669
BLOCK20/SES202/SA202S24	SES202	1.3155	14.4103	13.0948
BLOCK20/SES202/SA202S27	SES202	1.63608	15.9631	14.327
BLOCK20/SES202/SA202S29	SES202	1.96864	15.7237	13.7551
BLOCK20/SES206/SA206S15	SES206	-0.119675	14.6398	14.7595
BLOCK20/SES206/SA206S17	SES206	1.68784	16.5284	14.8406
BLOCK20/SES206/SA206S24	SES206	2.29417	16.8917	14.5975
BLOCK20/SES206/SA206S27	SES206	2.03634	15.8739	13.8375
BLOCK20/SES206/SA206S29	SES206	1.80943	17.6263	15.8169
BLOCK22/SES226/SA226S12	SES226	0.944091	14.8724	13.9283
BLOCK22/SES226/SA226S13	SES226	-0.323229	13.2341	13.5573
BLOCK22/SES226/SA226S20	SES226	0.677695	14.3872	13.7096
BLOCK22/SES226/SA226S23	SES226	0.982489	14.8853	13.9028
BLOCK22/SES226/SA226S28	SES226	1.3216	16.0283	14.7067
BLOCK25/SES259/SA259S13	SES259	3.29251	16.7666	13.4741
BLOCK25/SES259/SA259S14	SES259	1.92469	16.1427	14.218
BLOCK25/SES259/SA259S22	SES259	1.96638	16.101	14.1347
BLOCK25/SES259/SA259S24	SES259	2.36276	17.7844	15.4216
BLOCK25/SES259/SA259S28	SES259	2.20114	16.3895	14.1884
BLOCK27/SES270/SA270S14	SES270	2.25858	14.0803	11.8217
BLOCK27/SES270/SA270S16	SES270	0.647821	13.6548	13.007
BLOCK27/SES270/SA270S22	SES270	1.68531	13.622	11.9367
BLOCK27/SES270/SA270S26	SES270	1.66779	13.1729	11.5051
BLOCK27/SES270/SA270S28	SES270	1.43091	14.3826	12.9517
BLOCK27/SES275/SA275S17	SES275	1.10618	15.1524	14.0463
BLOCK27/SES275/SA275S18	SES275	0.700599	14.5743	13.8737
BLOCK27/SES275/SA275S24	SES275	0.70698	13.594	12.887
BLOCK27/SES275/SA275S26	SES275	1.07901	14.9411	13.8621
BLOCK27/SES275/SA275S28	SES275	0.601111	14.1983	13.5972
BLOCK29/SES292/SA292S10	SES292	0.531204	14.8968	14.3656
BLOCK29/SES292/SA292S12	SES292	0.678332	14.4508	13.7724
BLOCK29/SES292/SA292S22	SES292	0.629536	15.31	14.6804
BLOCK29/SES292/SA292S24	SES292	0.803531	15.2448	14.4413
BLOCK29/SES292/SA292S27	SES292	0.255159	15.2116	14.9565
BLOCK00/SES001/SA001S14	SES062	-1.61255	11.1565	12.7691
BLOCK00/SES001/SA001S14	SES082	-1.41278	11.3563	12.7691
BLOCK00/SES001/SA001S14	SES106	-1.45837	11.3107	12.7691
BLOCK00/SES001/SA001S14	SES206	-1.20312	11.566	12.7691
BLOCK00/SES001/SA001S15	SES062	-1.57658	13.0747	14.6513
BLOCK00/SES001/SA001S15	SES104	-1.28879	13.3625	14.6513
BLOCK00/SES001/SA001S15	SES106	-0.832551	13.8187	14.6513
BLOCK00/SES001/SA001S15	SES206	-1.22163	13.4297	14.6513
BLOCK00/SES001/SA001S24	SES062	-1.68485	10.9879	12.6728
BLOCK00/SES001/SA001S24	SES082	-1.2841	11.3887	12.6728
BLOCK00/SES001/SA001S24	SES087	-1.53848	11.1343	12.6728
BLOCK00/SES001/SA001S24	SES206	-0.928878	11.7439	12.6728
BLOCK00/SES001/SA001S27	SES062	-1.22359	13.5592	14.7828
BLOCK00/SES001/SA001S27	SES082	-0.905166	13.8776	14.7828
BLOCK00/SES001/SA001S27	SES087	-0.841141	13.9416	14.7828
BLOCK00/SES001/SA001S27	SES206	-1.06976	13.713	14.7828
BLOCK00/SES001/SA001S29	SES062	-2.09698	10.8137	12.9107
BLOCK00/SES001/SA001S29	SES082	-0.616647	12.2941	12.9107
BLOCK00/SES001/SA001S29	SES158	-0.502357	12.4084	12.9107
BLOCK00/SES001/SA001S29	SES206	-1.0626	11.8481	12.9107
BLOCK00/SES003/SA003S11	SES002	-0.249285	14.0073	14.2566
BLOCK00/SES003/SA003S11	SES019	-1.0091	13.2475	14.2566
BLOCK00/SES003/SA003S11	SES082	-0.347439	13.9091	14.2566
BLOCK00/SES003/SA003S11	SES125	-1.20588	13.0507	14.2566
BLOCK00/SES003/SA003S15	SES016	-0.997177	13.7391	14.7363
BLOCK00/SES003/SA003S15	SES019	-0.588802	14.1475	14.7363
BLOCK00/SES003/SA003S15	SES062	-1.65193	13.0844	14.7363
BLOCK00/SES003/SA003S15	SES206	-0.311152	14.4252	14.7363
BLOCK00/SES003/SA003S22	SES002	-0.541323	14.1317	14.673
BLOCK00/SES003/SA003S22	SES062	-1.15942	13.5136	14.673
BLOCK00/SES003/SA003S22	SES082	-1.4426	13.2304	14.673
BLOCK00/SES003/SA003S22	SES087	-1.73019	12.9428	14.673
BLOCK00/SES003/SA003S25	SES062	-2.19508	11.0799	13.275
BLOCK00/SES003/SA003S25	SES082	-0.400871	12.8741	13.275
BLOCK00/SES003/SA003S25	SES087	-1.19057	12.0844	13.275
BLOCK00/SES003/SA003S25	SES206	-1.9282	11.3468	13.275
BLOCK00/SES003/SA003S29	SES002	-1.09246	12.5507	13.6432
BLOCK00/SES003/SA003S29	SES062	-1.36799	12.2752	13.6432
BLOCK00/SES003/SA003S29	SES082	-0.62362	13.0196	13.6432
BLOCK00/SES003/SA003S29	SES087	-0.574242	13.069	13.6432
BLOCK00/SES004/SA004S12	SES083	-0.639533	12.146	12.7856
BLOCK00/SES004/SA004S12	SES148	-1.06518	11.7204	12.7856
BLOCK00/SES004/SA004S12	SES172	-0.133546	12.652	12.7856
BLOCK00/SES004/SA004S12	SES292	-0.437465	12.3481	12.7856
BLOCK00/SES004/SA004S17	SES083	-0.583654	12.3883	12.972
BLOCK00/SES004/SA004S17	SES162	-0.0941896	12.8778	12.972
BLOCK00/SES004/SA004S17	SES172	-0.265646	12.7063	12.972
BLOCK00/SES004/SA004S17	SES292	-0.666257	12.3057	12.972
BLOCK00/SES004/SA004S24	SES083	-0.868633	12.3149	13.1835
BLOCK00/SES004/SA004S24	SES148	-1.47624	11.7073	13.1835
BLOCK00/SES004/SA004S24	SES172	-0.41606	12.7675	13.1835
BLOCK00/SES004/SA004S24	SES292	-0.271626	12.9119	13.1835
BLOCK00/SES004/SA004S26	SES083	-0.683722	12.3646	13.0484
BLOCK00/SES004/SA004S26	SES127	-0.326933	12.7214	13.0484
BLOCK00/SES004/SA004S26	SES148	-2.17237	10.876	13.0484
BLOCK00/SES004/SA004S26	SES292	-0.746057	12.3023	13.0484
BLOCK00/SES004/SA004S28	SES083	-0.267119	13.4862	13.7534
BLOCK00/SES004/SA004S28	SES127	-0.140082	13.6133	13.7534
BLOCK00/SES004/SA004S28	SES187	0.174961	13.9283	13.7534
BLOCK00/SES004/SA004S28	SES292	-0.473367	13.28	13.7534
BLOCK00/SES006/SA006S10	SES014	-1.86876	9.46462	11.3334
BLOCK00/SES006/SA006S10	SES158	-1.34746	9.98592	11.3334
BLOCK00/SES006/SA006S10	SES226	-3.24212	8.09126	11.3334
BLOCK00/SES006/SA006S10	SES270	-0.77602	10.5574	11.3334
BLOCK00/SES006/SA006S11	SES158	-0.8492	10.795	11.6442
BLOCK00/SES006/SA006S11	SES226	-2.41165	9.2325	11.6442
BLOCK00/SES006/SA006S11	SES270	-0.867326	10.7768	11.6442
BLOCK00/SES006/SA006S11	SES275	-1.5382	10.106	11.6442
BLOCK00/SES006/SA006S23	SES062	-1.65361	12.3156	13.9692
BLOCK00/SES006/SA006S23	SES105	-2.27656	11.6927	13.9692
BLOCK00/SES006/SA006S23	SES158	-1.40914	12.5601	13.9692
BLOCK00/SES006/SA006S23	SES275	-1.74414	12.2251	13.9692
BLOCK00/SES006/SA006S26	SES104	-2.09134	11.0196	13.1109
BLOCK00/SES006/SA006S26	SES158	-0.629006	12.4819	13.1109
BLOCK00/SES006/SA006S26	SES270	-0.449371	12.6615	13.1109
BLOCK00/SES006/SA006S26	SES275	-1.75218	11.3587	13.1109
BLOCK00/SES006/SA006S28	SES007	-1.55446	9.96279	11.5173
BLOCK00/SES006/SA006S28	SES105	-1.23024	10.287	11.5173
BLOCK00/SES006/SA006S28	SES158	-0.682616	10.8346	11.5173
BLOCK00/SES006/SA006S28	SES275	-2.12981	9.38744	11.5173
BLOCK00/SES009/SA009S12	SES083	-1.06498	13.8895	14.9545
BLOCK00/SES009/SA009S12	SES148	-2.05965	12.8948	14.9545
BLOCK00/SES009/SA009S12	SES177	-0.426434	14.528	14.9545
BLOCK00/SES009/SA009S12	SES292	-0.47319	14.4813	14.9545
BLOCK00/SES009/SA009S15	SES007	0.517932	15.7484	15.2305
BLOCK00/SES009/SA009S15	SES099	-1.99534	13.2351	15.2305
BLOCK00/SES009/SA009S15	SES148	-1.77725	13.4532	15.2305
BLOCK00/SES009/SA009S15	SES172	-0.750409	14.4801	15.2305
BLOCK00/SES009/SA009S24	SES146	-0.534712	14.2952	14.8299
BLOCK00/SES009/SA009S24	SES148	-1.87684	12.9531	14.8299
BLOCK00/SES009/SA009S24	SES177	-0.140724	14.6892	14.8299
BLOCK00/SES009/SA009S24	SES292	-0.197153	14.6328	14.8299
BLOCK00/SES009/SA009S26	SES083	-1.32044	13.2254	14.5458
BLOCK00/SES009/SA009S26	SES101	-1.04244	13.5034	14.5458
BLOCK00/SES009/SA009S26	SES120	-0.631183	13.9146	14.5458
BLOCK00/SES009/SA009S26	SES177	-0.455255	14.0906	14.5458
BLOCK00/SES009/SA009S29	SES083	-1.01484	14.3809	15.3957
BLOCK00/SES009/SA009S29	SES101	-0.717257	14.6785	15.3957
BLOCK00/SES009/SA009S29	SES177	-0.353903	15.0418	15.3957
BLOCK00/SES009/SA009S29	SES292	-0.274137	15.1216	15.3957
BLOCK01/SES011/SA011S10	SES019	-0.0741444	14.0488	14.123
BLOCK01/SES011/SA011S10	SES042	0.492479	14.6155	14.123
BLOCK01/SES011/SA011S10	SES082	-0.746282	13.3767	14.123
BLOCK01/SES011/SA011S10	SES206	0.102664	14.2257	14.123
BLOCK01/SES011/SA011S11	SES019	-0.819295	12.5352	13.3545
BLOCK01/SES011/SA011S11	SES042	-0.733823	12.6206	13.3545
BLOCK01/SES011/SA011S11	SES082	-1.31393	12.0405	13.3545
BLOCK01/SES011/SA011S11	SES206	-0.21288	13.1416	13.3545
BLOCK01/SES011/SA011S22	SES019	-0.194792	13.1358	13.3306
BLOCK01/SES011/SA011S22	SES042	0.42765	13.7582	13.3306
BLOCK01/SES011/SA011S22	SES082	-0.786769	12.5438	13.3306
BLOCK01/SES011/SA011S22	SES206	-0.489367	12.8412	13.3306
BLOCK01/SES011/SA011S24	SES019	-0.406936	13.6807	14.0877
BLOCK01/SES011/SA011S24	SES042	0.466427	14.5541	14.0877
BLOCK01/SES011/SA011S24	SES104	-0.0854883	14.0022	14.0877
BLOCK01/SES011/SA011S24	SES206	-0.224867	13.8628	14.0877
BLOCK01/SES011/SA011S27	SES082	0.272698	13.6287	13.356
BLOCK01/SES011/SA011S27	SES087	-0.998397	12.3576	13.356
BLOCK01/SES011/SA011S27	SES125	-0.0817242	13.2743	13.356
BLOCK01/SES011/SA011S27	SES206	-0.327635	13.0284	13.356
BLOCK01/SES012/SA012S11	SES007	-0.717983	15.0332	15.7512
BLOCK01/SES012/SA012S11	SES082	-0.783875	14.9673	15.7512
BLOCK01/SES012/SA012S11	SES083	-0.755053	14.9961	15.7512
BLOCK01/SES012/SA012S11	SES206	-0.371857	15.3793	15.7512
BLOCK01/SES012/SA012S14	SES082	0.0606956	15.1494	15.0887
BLOCK01/SES012/SA012S14	SES087	-0.774444	14.3142	15.0887
BLOCK01/SES012/SA012S14	SES206	-0.446652	14.642	15.0887
BLOCK01/SES012/SA012S14	SES292	-0.985674	14.103	15.0887
BLOCK01/SES012/SA012S24	SES082	0.0987701	14.2704	14.1716
BLOCK01/SES012/SA012S24	SES087	-0.857795	13.3138	14.1716
BLOCK01/SES012/SA012S24	SES120	-1.3393	12.8323	14.1716
BLOCK01/SES012/SA012S24	SES206	-0.117587	14.054	14.1716
BLOCK01/SES012/SA012S26	SES019	-1.88518	13.8802	15.7654
BLOCK01/SES012/SA012S26	SES082	-0.483603	15.2818	15.7654
BLOCK01/SES012/SA012S26	SES206	0.618542	16.3839	15.7654
BLOCK01/SES012/SA012S26	SES292	-0.515518	15.2498	15.7654
BLOCK01/SES012/SA012S29	SES062	-1.63659	13.7492	15.3858
BLOCK01/SES012/SA012S29	SES082	-0.371883	15.0139	15.3858
BLOCK01/SES012/SA012S29	SES083	-1.04377	14.342	15.3858
BLOCK01/SES012/SA012S29	SES206	0.0170221	15.4028	15.3858
BLOCK01/SES013/SA013S16	SES062	-1.58987	12.1408	13.7306
BLOCK01/SES013/SA013S16	SES106	-1.20128	12.5294	13.7306
BLOCK01/SES013/SA013S16	SES206	-0.949426	12.7812	13.7306
BLOCK01/SES013/SA013S16	SES226	-0.779399	12.9512	13.7306
BLOCK01/SES013/SA013S17	SES062	-1.65058	13.3732	15.0238
BLOCK01/SES013/SA013S17	SES106	-1.32784	13.6959	15.0238
BLOCK01/SES013/SA013S17	SES206	0.204252	15.228	15.0238
BLOCK01/SES013/SA013S17	SES226	0.142022	15.1658	15.0238
BLOCK01/SES013/SA013S23	SES104	-0.524519	13.8023	14.3268
BLOCK01/SES013/SA013S23	SES106	-0.655582	13.6712	14.3268
BLOCK01/SES013/SA013S23	SES206	-0.725224	13.6016	14.3268
BLOCK01/SES013/SA013S23	SES270	-1.25979	13.067	14.3268
BLOCK01/SES013/SA013S25	SES042	-0.48095	14.8385	15.3194
BLOCK01/SES013/SA013S25	SES104	0.369461	15.6889	15.3194
BLOCK01/SES013/SA013S25	SES106	-0.183927	15.1355	15.3194
BLOCK01/SES013/SA013S25	SES206	0.064929	15.3844	15.3194
BLOCK01/SES013/SA013S29	SES062	-2.03423	12.4659	14.5001
BLOCK01/SES013/SA013S29	SES104	-0.551482	13.9486	14.5001
BLOCK01/SES013/SA013S29	SES106	-0.390789	14.1093	14.5001
BLOCK01/SES013/SA013S29	SES206	-0.762668	13.7374	14.5001
BLOCK02/SES021/SA021S13	SES016	-1.98167	13.6004	15.582
BLOCK02/SES021/SA021S13	SES029	-1.00728	14.5748	15.582
BLOCK02/SES021/SA021S13	SES087	-0.923293	14.6587	15.582
BLOCK02/SES021/SA021S13	SES206	-0.88077	14.7013	15.582
BLOCK02/SES021/SA021S15	SES087	-0.316181	16.1993	16.5155
BLOCK02/SES021/SA021S15	SES125	-0.160349	16.3551	16.5155
BLOCK02/SES021/SA021S15	SES206	-0.158012	16.3574	16.5155
BLOCK02/SES021/SA021S15	SES226	-1.00825	15.5072	16.5155
BLOCK02/SES021/SA021S23	SES062	-1.25389	12.1279	13.3818
BLOCK02/SES021/SA021S23	SES087	-0.0608282	13.321	13.3818
BLOCK02/SES021/SA021S23	SES206	-0.355947	13.0259	13.3818
BLOCK02/SES021/SA021S23	SES226	-0.183434	13.1984	13.3818
BLOCK02/SES021/SA021S27	SES002	-0.42752	14.8154	15.2429
BLOCK02/SES021/SA021S27	SES016	-2.33992	12.9029	15.2429
BLOCK02/SES021/SA021S27	SES019	-0.784744	14.4581	15.2429
BLOCK02/SES021/SA021S27	SES062	-0.659737	14.5831	15.2429
BLOCK02/SES021/SA021S29	SES087	-0.425202	14.7229	15.1481
BLOCK02/SES021/SA021S29	SES125	0.481418	15.6295	15.1481
BLOCK02/SES021/SA021S29	SES206	0.229354	15.3774	15.1481
BLOCK02/SES021/SA021S29	SES226	-0.964723	14.1834	15.1481
BLOCK04/SES043/SA043S09	SES083	-0.528846	12.9488	13.4776
BLOCK04/SES043/SA043S09	SES101	-0.241003	13.2366	13.4776
BLOCK04/SES043/SA043S09	SES144	-0.0332613	13.4443	13.4776
BLOCK04/SES043/SA043S09	SES172	-0.963007	12.5146	13.4776
BLOCK04/SES043/SA043S11	SES083	-0.577447	14.2277	14.8051
BLOCK04/SES043/SA043S11	SES101	-0.322786	14.4823	14.8051
BLOCK04/SES043/SA043S11	SES144	0.221307	15.0264	14.8051
BLOCK04/SES043/SA043S11	SES172	-0.408861	14.3963	14.8051
BLOCK04/SES043/SA043S23	SES083	-0.46686	13.9235	14.3903
BLOCK04/SES043/SA043S23	SES144	0.267315	14.6577	14.3903
BLOCK04/SES043/SA043S23	SES177	-0.578903	13.8114	14.3903
BLOCK04/SES043/SA043S23	SES275	-0.499389	13.891	14.3903
BLOCK04/SES043/SA043S26	SES083	-0.518108	12.7151	13.2332
BLOCK04/SES043/SA043S26	SES101	-0.191333	13.0419	13.2332
BLOCK04/SES043/SA043S26	SES144	0.430533	13.6638	13.2332
BLOCK04/SES043/SA043S26	SES177	-0.532346	12.7009	13.2332
BLOCK04/SES043/SA043S28	SES016	-0.604068	14.8464	15.4504
BLOCK04/SES043/SA043S28	SES083	-0.236197	15.2142	15.4504
BLOCK04/SES043/SA043S28	SES101	-0.150787	15.2996	15.4504
BLOCK04/SES043/SA043S28	SES144	-0.506759	14.9437	15.4504
BLOCK04/SES044/SA044S10	SES127	-1.16992	10.1483	11.3182
BLOCK04/SES044/SA044S10	SES144	0.498281	11.8165	11.3182
BLOCK04/SES044/SA044S10	SES147	-0.754315	10.5639	11.3182
BLOCK04/SES044/SA044S10	SES148	-1.33325	9.98494	11.3182
BLOCK04/SES044/SA044S11	SES101	0.04	12.684	12.644
BLOCK04/SES044/SA044S11	SES144	0.60007	13.244	12.644
BLOCK04/SES044/SA044S11	SES147	-0.537295	12.1067	12.644
BLOCK04/SES044/SA044S11	SES177	-1.13865	11.5053	12.644
BLOCK04/SES044/SA044S24	SES007	-1.33326	12.1249	13.4581
BLOCK04/SES044/SA044S24	SES101	-0.333297	13.1248	13.4581
BLOCK04/SES044/SA044S24	SES147	-1.12327	12.3349	13.4581
BLOCK04/SES044/SA044S24	SES177	-1.14896	12.3092	13.4581
BLOCK04/SES044/SA044S26	SES007	-0.687458	12.8821	13.5695
BLOCK04/SES044/SA044S26	SES016	-0.0943336	13.4752	13.5695
BLOCK04/SES044/SA044S26	SES101	-0.211334	13.3582	13.5695
BLOCK04/SES044/SA044S26	SES147	0.105807	13.6753	13.5695
BLOCK04/SES044/SA044S29	SES007	-1.20992	12.3509	13.5608
BLOCK04/SES044/SA044S29	SES101	-0.128758	13.4321	13.5608
BLOCK04/SES044/SA044S29	SES147	-0.415589	13.1452	13.5608
BLOCK04/SES044/SA044S29	SES177	-1.18297	12.3779	13.5608
BLOCK04/SES046/SA046S13	SES101	-0.117265	12.801	12.9182
BLOCK04/SES046/SA046S13	SES144	-0.0192413	12.899	12.9182
BLOCK04/SES046/SA046S13	SES147	-0.611791	12.3065	12.9182
BLOCK04/SES046/SA046S13	SES177	-0.404757	12.5135	12.9182
BLOCK04/SES046/SA046S15	SES048	0.198902	14.9336	14.7347
BLOCK04/SES046/SA046S15	SES083	-0.286092	14.4486	14.7347
BLOCK04/SES046/SA046S15	SES120	-1.72266	13.012	14.7347
BLOCK04/SES046/SA046S15	SES148	-0.978724	13.7559	14.7347
BLOCK04/SES046/SA046S22	SES101	0.175724	13.28	13.1043
BLOCK04/SES046/SA046S22	SES144	0.0114326	13.1157	13.1043
BLOCK04/SES046/SA046S22	SES147	-0.756337	12.348	13.1043
BLOCK04/SES046/SA046S22	SES172	-0.0839615	13.0203	13.1043
BLOCK04/SES046/SA046S25	SES083	-0.59468	12.6263	13.2209
BLOCK04/SES046/SA046S25	SES127	-0.953078	12.2679	13.2209
BLOCK04/SES046/SA046S25	SES144	-0.861994	12.359	13.2209
BLOCK04/SES046/SA046S25	SES148	-1.10685	12.1141	13.2209
BLOCK04/SES046/SA046S28	SES007	-0.756269	11.8033	12.5596
BLOCK04/SES046/SA046S28	SES105	-1.25011	11.3095	12.5596
BLOCK04/SES046/SA046S28	SES147	0.247846	12.8075	12.5596
BLOCK04/SES046/SA046S28	SES148	-0.113325	12.4463	12.5596
BLOCK04/SES049/SA049S16	SES104	-0.785854	11.7267	12.5125
BLOCK04/SES049/SA049S16	SES106	-0.54026	11.9723	12.5125
BLOCK04/SES049/SA049S16	SES120	-0.838361	11.6742	12.5125
BLOCK04/SES049/SA049S16	SES206	-0.304887	12.2076	12.5125
BLOCK04/SES049/SA049S18	SES099	-0.148952	12.0555	12.2045
BLOCK04/SES049/SA049S18	SES104	-1.59202	10.6124	12.2045
BLOCK04/SES049/SA049S18	SES125	-1.9951	10.2094	12.2045
BLOCK04/SES049/SA049S18	SES206	-0.690582	11.5139	12.2045
BLOCK04/SES049/SA049S25	SES087	-0.743642	12.432	13.1756
BLOCK04/SES049/SA049S25	SES104	-0.429404	12.7462	13.1756
BLOCK04/SES049/SA049S25	SES125	-0.907523	12.2681	13.1756
BLOCK04/SES049/SA049S25	SES206	-0.264267	12.9113	13.1756
BLOCK04/SES049/SA049S27	SES099	-0.221944	12.9198	13.1417
BLOCK04/SES049/SA049S27	SES104	0.207532	13.3492	13.1417
BLOCK04/SES049/SA049S27	SES125	-0.757914	12.3838	13.1417
BLOCK04/SES049/SA049S27	SES206	-0.32693	12.8148	13.1417
BLOCK04/SES049/SA049S29	SES099	-0.225561	14.1384	14.364
BLOCK04/SES049/SA049S29	SES104	-0.106853	14.2571	14.364
BLOCK04/SES049/SA049S29	SES125	-0.612834	13.7512	14.364
BLOCK04/SES049/SA049S29	SES206	0.0806332	14.4446	14.364
BLOCK06/SES063/SA063S09	SES068	-0.9208	14.5944	15.5152
BLOCK06/SES063/SA063S09	SES083	-0.226281	15.289	15.5152
BLOCK06/SES063/SA063S09	SES177	-0.4069	15.1083	15.5152
BLOCK06/SES063/SA063S09	SES187	-0.569901	14.9453	15.5152
BLOCK06/SES063/SA063S10	SES068	-1.17117	14.0182	15.1894
BLOCK06/SES063/SA063S10	SES083	-0.223183	14.9662	15.1894
BLOCK06/SES063/SA063S10	SES172	-0.665	14.5244	15.1894
BLOCK06/SES063/SA063S10	SES187	-0.801495	14.3879	15.1894
BLOCK06/SES063/SA063S20	SES068	-1.35633	12.7736	14.1299
BLOCK06/SES063/SA063S20	SES083	-0.674278	13.4556	14.1299
BLOCK06/SES063/SA063S20	SES172	-0.672612	13.4573	14.1299
BLOCK06/SES063/SA063S20	SES187	-0.131587	13.9983	14.1299
BLOCK06/SES063/SA063S24	SES029	-2.27228	12.4023	14.6746
BLOCK06/SES063/SA063S24	SES083	0.134921	14.8096	14.6746
BLOCK06/SES063/SA063S24	SES177	-0.183868	14.4908	14.6746
BLOCK06/SES063/SA063S24	SES189	-0.139833	14.5348	14.6746
BLOCK06/SES063/SA063S27	SES083	-0.421034	13.9301	14.3511
BLOCK06/SES063/SA063S27	SES172	-0.266679	14.0845	14.3511
BLOCK06/SES063/SA063S27	SES187	-0.679933	13.6712	14.3511
BLOCK06/SES063/SA063S27	SES292	-0.621438	13.7297	14.3511
BLOCK06/SES067/SA067S12	SES083	-0.937876	14.276	15.2139
BLOCK06/SES067/SA067S12	SES172	-0.882012	14.3319	15.2139
BLOCK06/SES067/SA067S12	SES202	-0.398149	14.8157	15.2139
BLOCK06/SES067/SA067S12	SES292	-0.769874	14.444	15.2139
BLOCK06/SES067/SA067S14	SES085	0.320239	16.0388	15.7185
BLOCK06/SES067/SA067S14	SES177	-0.838515	14.88	15.7185
BLOCK06/SES067/SA067S14	SES183	0.36132	16.0799	15.7185
BLOCK06/SES067/SA067S14	SES202	-0.314712	15.4038	15.7185
BLOCK06/SES067/SA067S21	SES144	0.312984	14.44	14.127
BLOCK06/SES067/SA067S21	SES177	0.117851	14.2448	14.127
BLOCK06/SES067/SA067S21	SES183	0.4063	14.5333	14.127
BLOCK06/SES067/SA067S21	SES189	-0.549476	13.5775	14.127
BLOCK06/SES067/SA067S25	SES085	-0.485	14.8092	15.2942
BLOCK06/SES067/SA067S25	SES177	-0.706618	14.5876	15.2942
BLOCK06/SES067/SA067S25	SES183	0.0390282	15.3332	15.2942
BLOCK06/SES067/SA067S25	SES202	-0.869036	14.4251	15.2942
BLOCK06/SES067/SA067S29	SES085	-0.0896168	14.7276	14.8172
BLOCK06/SES067/SA067S29	SES177	-0.762689	14.0545	14.8172
BLOCK06/SES067/SA067S29	SES183	0.705937	15.5232	14.8172
BLOCK06/SES067/SA067S29	SES202	-0.103046	14.7142	14.8172
BLOCK06/SES069/SA069S12	SES029	-1.39536	13.6758	15.0712
BLOCK06/SES069/SA069S12	SES082	0.00221729	15.0734	15.0712
BLOCK06/SES069/SA069S12	SES087	-0.138944	14.9322	15.0712
BLOCK06/SES069/SA069S12	SES206	0.572052	15.6432	15.0712
BLOCK06/SES069/SA069S13	SES029	-1.58681	13.2901	14.8769
BLOCK06/SES069/SA069S13	SES087	0.217903	15.0948	14.8769
BLOCK06/SES069/SA069S13	SES206	0.119245	14.9961	14.8769
BLOCK06/SES069/SA069S13	SES226	0.522744	15.3996	14.8769
BLOCK06/SES069/SA069S23	SES029	-1.04374	15.256	16.2998
BLOCK06/SES069/SA069S23	SES087	0.471113	16.7709	16.2998
BLOCK06/SES069/SA069S23	SES206	-0.299865	15.9999	16.2998
BLOCK06/SES069/SA069S23	SES226	0.333082	16.6329	16.2998
BLOCK06/SES069/SA069S25	SES087	0.382433	16.1214	15.7389
BLOCK06/SES069/SA069S25	SES206	-1.14976	14.5892	15.7389
BLOCK06/SES069/SA069S25	SES226	-0.0597982	15.6791	15.7389
BLOCK06/SES069/SA069S25	SES270	-1.14785	14.5911	15.7389
BLOCK06/SES069/SA069S27	SES087	-0.411702	14.9432	15.3549
BLOCK06/SES069/SA069S27	SES206	0.349327	15.7042	15.3549
BLOCK06/SES069/SA069S27	SES226	0.292933	15.6478	15.3549
BLOCK06/SES069/SA069S27	SES270	-0.838256	14.5166	15.3549
BLOCK08/SES081/SA081S11	SES060	-0.680983	12.3602	13.0412
BLOCK08/SES081/SA081S11	SES062	-0.890036	12.1512	13.0412
BLOCK08/SES081/SA081S11	SES117	-1.36163	11.6796	13.0412
BLOCK08/SES081/SA081S11	SES162	-0.585369	12.4558	13.0412
BLOCK08/SES081/SA081S13	SES016	-0.3509	14.6277	14.9786
BLOCK08/SES081/SA081S13	SES060	0.770198	15.7488	14.9786
BLOCK08/SES081/SA081S13	SES068	0.0585852	15.0372	14.9786
BLOCK08/SES081/SA081S13	SES129	-1.13841	13.8402	14.9786
BLOCK08/SES081/SA081S24	SES060	0.563301	14.467	13.9037
BLOCK08/SES081/SA081S24	SES068	-0.272615	13.6311	13.9037
BLOCK08/SES081/SA081S24	SES117	-0.957604	12.9461	13.9037
BLOCK08/SES081/SA081S24	SES275	-0.904085	12.9996	13.9037
BLOCK08/SES081/SA081S27	SES007	-0.748801	12.4562	13.205
BLOCK08/SES081/SA081S27	SES060	-0.25421	12.9508	13.205
BLOCK08/SES081/SA081S27	SES117	-0.816157	12.3888	13.205
BLOCK08/SES081/SA081S27	SES275	-1.05273	12.1523	13.205
BLOCK08/SES081/SA081S29	SES007	-0.603542	13.9103	14.5139
BLOCK08/SES081/SA081S29	SES060	0.589307	15.1032	14.5139
BLOCK08/SES081/SA081S29	SES117	-0.773961	13.7399	14.5139
BLOCK08/SES081/SA081S29	SES275	-1.05826	13.4556	14.5139
BLOCK08/SES086/SA086S11	SES029	-2.91997	9.73779	12.6578
BLOCK08/SES086/SA086S11	SES082	-0.472139	12.1856	12.6578
BLOCK08/SES086/SA086S11	SES087	0.792157	13.4499	12.6578
BLOCK08/SES086/SA086S11	SES206	-0.641222	12.0165	12.6578
BLOCK08/SES086/SA086S12	SES029	-2.05737	11.392	13.4494
BLOCK08/SES086/SA086S12	SES082	-0.773878	12.6755	13.4494
BLOCK08/SES086/SA086S12	SES087	0.985023	14.4344	13.4494
BLOCK08/SES086/SA086S12	SES206	-0.257799	13.1916	13.4494
BLOCK08/SES086/SA086S20	SES029	-2.32462	12.6654	14.99
BLOCK08/SES086/SA086S20	SES082	-0.770779	14.2192	14.99
BLOCK08/SES086/SA086S20	SES087	0.48225	15.4723	14.99
BLOCK08/SES086/SA086S20	SES206	-0.157396	14.8326	14.99
BLOCK08/SES086/SA086S24	SES087	0.49024	14.3565	13.8663
BLOCK08/SES086/SA086S24	SES104	-0.400482	13.4658	13.8663
BLOCK08/SES086/SA086S24	SES120	-0.723286	13.143	13.8663
BLOCK08/SES086/SA086S24	SES206	0.384322	14.2506	13.8663
BLOCK08/SES086/SA086S28	SES029	-1.87033	12.7979	14.6682
BLOCK08/SES086/SA086S28	SES082	-0.636419	14.0318	14.6682
BLOCK08/SES086/SA086S28	SES087	-0.0701351	14.5981	14.6682
BLOCK08/SES086/SA086S28	SES206	-0.223356	14.4448	14.6682
BLOCK08/SES089/SA089S13	SES087	-0.0301304	13.1884	13.2185
BLOCK08/SES089/SA089S13	SES206	-0.297397	12.9211	13.2185
BLOCK08/SES089/SA089S13	SES226	-0.513419	12.7051	13.2185
BLOCK08/SES089/SA089S13	SES270	-1.01607	12.2025	13.2185
BLOCK08/SES089/SA089S14	SES062	-1.22206	12.8687	14.0907
BLOCK08/SES089/SA089S14	SES087	0.297754	14.3885	14.0907
BLOCK08/SES089/SA089S14	SES206	-0.0591784	14.0316	14.0907
BLOCK08/SES089/SA089S14	SES226	-0.3088	13.7819	14.0907
BLOCK08/SES089/SA089S23	SES087	0.215098	12.1459	11.9308
BLOCK08/SES089/SA089S23	SES206	-0.279716	11.6511	11.9308
BLOCK08/SES089/SA089S23	SES226	-0.763393	11.1674	11.9308
BLOCK08/SES089/SA089S23	SES270	-0.958313	10.9725	11.9308
BLOCK08/SES089/SA089S25	SES062	-1.84949	11.549	13.3985
BLOCK08/SES089/SA089S25	SES087	0.519986	13.9185	13.3985
BLOCK08/SES089/SA089S25	SES206	-0.783043	12.6155	13.3985
BLOCK08/SES089/SA089S25	SES226	0.559798	13.9583	13.3985
BLOCK08/SES089/SA089S28	SES062	-1.30822	12.415	13.7232
BLOCK08/SES089/SA089S28	SES087	0.0473909	13.7706	13.7232
BLOCK08/SES089/SA089S28	SES206	-0.582818	13.1404	13.7232
BLOCK08/SES089/SA089S28	SES226	0.120491	13.8437	13.7232
BLOCK09/SES097/SA097S11	SES099	0.627779	13.1536	12.5258
BLOCK09/SES097/SA097S11	SES125	-0.120421	12.4054	12.5258
BLOCK09/SES097/SA097S11	SES206	-0.0384054	12.4874	12.5258
BLOCK09/SES097/SA097S11	SES226	0.283175	12.809	12.5258
BLOCK09/SES097/SA097S14	SES062	-0.720682	12.4424	13.1631
BLOCK09/SES097/SA097S14	SES099	0.0202122	13.1833	13.1631
BLOCK09/SES097/SA097S14	SES104	-0.539705	12.6234	13.1631
BLOCK09/SES097/SA097S14	SES206	-1.24772	11.9154	13.1631
BLOCK09/SES097/SA097S22	SES099	0.858008	14.3346	13.4766
BLOCK09/SES097/SA097S22	SES206	-0.326462	13.1502	13.4766
BLOCK09/SES097/SA097S22	SES226	-0.776465	12.7002	13.4766
BLOCK09/SES097/SA097S22	SES270	0.306122	13.7828	13.4766
BLOCK09/SES097/SA097S26	SES099	0.0950203	14.0299	13.9349
BLOCK09/SES097/SA097S26	SES120	-1.37933	12.5555	13.9349
BLOCK09/SES097/SA097S26	SES206	-0.795857	13.139	13.9349
BLOCK09/SES097/SA097S26	SES226	-1.27359	12.6613	13.9349
BLOCK09/SES097/SA097S28	SES099	0.301438	13.7483	13.4469
BLOCK09/SES097/SA097S28	SES120	-0.726784	12.7201	13.4469
BLOCK09/SES097/SA097S28	SES206	-1.26441	12.1825	13.4469
BLOCK09/SES097/SA097S28	SES226	-1.63402	11.8129	13.4469
BLOCK09/SES098/SA098S11	SES127	-0.988637	11.2988	12.2874
BLOCK09/SES098/SA098S11	SES144	-0.687102	11.6003	12.2874
BLOCK09/SES098/SA098S11	SES147	-0.0700111	12.2174	12.2874
BLOCK09/SES098/SA098S11	SES148	-2.01912	10.2683	12.2874
BLOCK09/SES098/SA098S12	SES127	-0.741571	10.8153	11.5568
BLOCK09/SES098/SA098S12	SES144	-0.745128	10.8117	11.5568
BLOCK09/SES098/SA098S12	SES147	-0.0755663	11.4813	11.5568
BLOCK09/SES098/SA098S12	SES189	-0.493856	11.063	11.5568
BLOCK09/SES098/SA098S20	SES127	-1.42226	12.1039	13.5262
BLOCK09/SES098/SA098S20	SES147	-0.539926	12.9863	13.5262
BLOCK09/SES098/SA098S20	SES148	-2.19632	11.3299	13.5262
BLOCK09/SES098/SA098S20	SES292	-0.682183	12.844	13.5262
BLOCK09/SES098/SA098S23	SES127	-0.457113	13.5301	13.9873
BLOCK09/SES098/SA098S23	SES147	-0.449258	13.538	13.9873
BLOCK09/SES098/SA098S23	SES187	-0.425457	13.5618	13.9873
BLOCK09/SES098/SA098S23	SES292	-0.346672	13.6406	13.9873
BLOCK09/SES098/SA098S27	SES127	-0.834026	11.2798	12.1139
BLOCK09/SES098/SA098S27	SES147	-0.697964	11.4159	12.1139
BLOCK09/SES098/SA098S27	SES148	-1.96361	10.1503	12.1139
BLOCK09/SES098/SA098S27	SES292	-0.502268	11.6116	12.1139
BLOCK10/SES102/SA102S13	SES101	0.380089	12.5107	12.1306
BLOCK10/SES102/SA102S13	SES105	-0.117037	12.0135	12.1306
BLOCK10/SES102/SA102S13	SES120	-0.476423	11.6541	12.1306
BLOCK10/SES102/SA102S13	SES158	-1.30793	10.8226	12.1306
BLOCK10/SES102/SA102S14	SES007	0.372784	14.368	13.9952
BLOCK10/SES102/SA102S14	SES101	0.88149	14.8767	13.9952
BLOCK10/SES102/SA102S14	SES105	0.291857	14.2871	13.9952
BLOCK10/SES102/SA102S14	SES147	-1.02587	12.9693	13.9952
BLOCK10/SES102/SA102S22	SES007	-0.859306	13.1274	13.9867
BLOCK10/SES102/SA102S22	SES101	0.684096	14.6708	13.9867
BLOCK10/SES102/SA102S22	SES105	-0.00614262	13.9805	13.9867
BLOCK10/SES102/SA102S22	SES158	-1.19304	12.7936	13.9867
BLOCK10/SES102/SA102S25	SES007	-0.47444	13.7648	14.2393
BLOCK10/SES102/SA102S25	SES101	0.428226	14.6675	14.2393
BLOCK10/SES102/SA102S25	SES105	-0.361498	13.8778	14.2393
BLOCK10/SES102/SA102S25	SES147	-1.36354	12.8757	14.2393
BLOCK10/SES102/SA102S27	SES007	-0.57625	13.1526	13.7288
BLOCK10/SES102/SA102S27	SES101	0.635737	14.3645	13.7288
BLOCK10/SES102/SA102S27	SES105	-0.382668	13.3461	13.7288
BLOCK10/SES102/SA102S27	SES147	-0.893889	12.8349	13.7288
BLOCK10/SES103/SA103S14	SES105	-1.45686	10.8823	12.3391
BLOCK10/SES103/SA103S14	SES106	-0.994504	11.3446	12.3391
BLOCK10/SES103/SA103S14	SES120	-1.84859	10.4906	12.3391
BLOCK10/SES103/SA103S14	SES206	-1.45451	10.8846	12.3391
BLOCK10/SES103/SA103S15	SES099	-0.82699	10.2994	11.1264
BLOCK10/SES103/SA103S15	SES101	-1.81576	9.31063	11.1264
BLOCK10/SES103/SA103S15	SES104	-1.01969	10.1067	11.1264
BLOCK10/SES103/SA103S15	SES125	-1.16852	9.95787	11.1264
BLOCK10/SES103/SA103S24	SES104	-0.981044	13.1875	14.1685
BLOCK10/SES103/SA103S24	SES125	-1.4912	12.6773	14.1685
BLOCK10/SES103/SA103S24	SES148	-2.46863	11.6999	14.1685
BLOCK10/SES103/SA103S24	SES158	-0.652633	13.5159	14.1685
BLOCK10/SES103/SA103S26	SES104	-1.08671	10.7269	11.8136
BLOCK10/SES103/SA103S26	SES106	-0.888561	10.9251	11.8136
BLOCK10/SES103/SA103S26	SES125	-1.53004	10.2836	11.8136
BLOCK10/SES103/SA103S26	SES148	-3.05327	8.76034	11.8136
BLOCK10/SES103/SA103S28	SES104	-0.835891	10.4348	11.2706
BLOCK10/SES103/SA103S28	SES106	-0.762314	10.5083	11.2706
BLOCK10/SES103/SA103S28	SES125	-1.45397	9.81668	11.2706
BLOCK10/SES103/SA103S28	SES206	-1.93386	9.33678	11.2706
BLOCK12/SES121/SA121S12	SES042	-2.07221	7.99892	10.0711
BLOCK12/SES121/SA121S12	SES087	-2.11492	7.95621	10.0711
BLOCK12/SES121/SA121S12	SES105	-1.19364	8.87749	10.0711
BLOCK12/SES121/SA121S12	SES206	-1.63468	8.43645	10.0711
BLOCK12/SES121/SA121S14	SES007	-1.906	8.54006	10.4461
BLOCK12/SES121/SA121S14	SES105	-0.543139	9.90292	10.4461
BLOCK12/SES121/SA121S14	SES106	-0.722371	9.72369	10.4461
BLOCK12/SES121/SA121S14	SES206	-0.89197	9.55409	10.4461
BLOCK12/SES121/SA121S23	SES105	-0.56151	9.47171	10.0332
BLOCK12/SES121/SA121S23	SES106	-0.0392914	9.99393	10.0332
BLOCK12/SES121/SA121S23	SES120	-0.699415	9.3338	10.0332
BLOCK12/SES121/SA121S23	SES206	-0.121521	9.9117	10.0332
BLOCK12/SES121/SA121S25	SES007	-1.57945	7.27225	8.8517
BLOCK12/SES121/SA121S25	SES105	-0.703782	8.14792	8.8517
BLOCK12/SES121/SA121S25	SES106	-0.618154	8.23355	8.8517
BLOCK12/SES121/SA121S25	SES206	-1.74929	7.10241	8.8517
BLOCK12/SES121/SA121S27	SES087	-0.846688	9.834	10.6807
BLOCK12/SES121/SA121S27	SES105	-1.90032	8.78037	10.6807
BLOCK12/SES121/SA121S27	SES120	0.294636	10.9753	10.6807
BLOCK12/SES121/SA121S27	SES206	-0.582315	10.0984	10.6807
BLOCK12/SES124/SA124S16	SES042	-0.00641155	13.1378	13.1442
BLOCK12/SES124/SA124S16	SES082	-0.917813	12.2264	13.1442
BLOCK12/SES124/SA124S16	SES183	-1.79596	11.3483	13.1442
BLOCK12/SES124/SA124S16	SES206	-0.902413	12.2418	13.1442
BLOCK12/SES124/SA124S17	SES105	-1.53494	10.1326	11.6675
BLOCK12/SES124/SA124S17	SES149	-2.56286	9.10466	11.6675
BLOCK12/SES124/SA124S17	SES158	-1.41988	10.2476	11.6675
BLOCK12/SES124/SA124S17	SES275	-0.50722	11.1603	11.6675
BLOCK12/SES124/SA124S23	SES105	-2.04175	12.604	14.6458
BLOCK12/SES124/SA124S23	SES125	-0.0756445	14.5701	14.6458
BLOCK12/SES124/SA124S23	SES129	-1.75998	12.8858	14.6458
BLOCK12/SES124/SA124S23	SES158	-0.591392	14.0544	14.6458
BLOCK12/SES124/SA124S26	SES105	-2.14057	11.4418	13.5823
BLOCK12/SES124/SA124S26	SES125	-0.606329	12.976	13.5823
BLOCK12/SES124/SA124S26	SES129	-1.21026	12.3721	13.5823
BLOCK12/SES124/SA124S26	SES158	-0.254766	13.3276	13.5823
BLOCK12/SES124/SA124S28	SES104	0.155514	13.3672	13.2116
BLOCK12/SES124/SA124S28	SES106	-0.342245	12.8694	13.2116
BLOCK12/SES124/SA124S28	SES125	-0.334566	12.8771	13.2116
BLOCK12/SES124/SA124S28	SES275	-1.56828	11.6434	13.2116
BLOCK12/SES126/SA126S13	SES007	-0.403043	12.9475	13.3506
BLOCK12/SES126/SA126S13	SES162	-0.758555	12.592	13.3506
BLOCK12/SES126/SA126S13	SES177	-0.347379	13.0032	13.3506
BLOCK12/SES126/SA126S13	SES180	-0.812448	12.5381	13.3506
BLOCK12/SES126/SA126S14	SES144	-0.453052	14.1373	14.5903
BLOCK12/SES126/SA126S14	SES148	-1.2751	13.3152	14.5903
BLOCK12/SES126/SA126S14	SES177	-0.184484	14.4059	14.5903
BLOCK12/SES126/SA126S14	SES180	-0.617459	13.9729	14.5903
BLOCK12/SES126/SA126S20	SES007	-0.567035	13.3124	13.8794
BLOCK12/SES126/SA126S20	SES162	-0.553843	13.3256	13.8794
BLOCK12/SES126/SA126S20	SES172	-1.01398	12.8655	13.8794
BLOCK12/SES126/SA126S20	SES180	-0.330536	13.5489	13.8794
BLOCK12/SES126/SA126S24	SES120	0.052165	14.8699	14.8178
BLOCK12/SES126/SA126S24	SES162	-0.573664	14.2441	14.8178
BLOCK12/SES126/SA126S24	SES177	-0.309223	14.5085	14.8178
BLOCK12/SES126/SA126S24	SES180	-0.0251513	14.7926	14.8178
BLOCK12/SES126/SA126S26	SES120	0.191138	14.3393	14.1482
BLOCK12/SES126/SA126S26	SES177	-0.525433	13.6227	14.1482
BLOCK12/SES126/SA126S26	SES180	-0.6293	13.5189	14.1482
BLOCK12/SES126/SA126S26	SES202	-0.769493	13.3787	14.1482
BLOCK12/SES128/SA128S10	SES087	-1.25627	13.0549	14.3112
BLOCK12/SES128/SA128S10	SES206	-0.814649	13.4966	14.3112
BLOCK12/SES128/SA128S10	SES226	-0.272217	14.039	14.3112
BLOCK12/SES128/SA128S10	SES270	-0.398692	13.9125	14.3112
BLOCK12/SES128/SA128S12	SES120	-0.488253	13.2659	13.7541
BLOCK12/SES128/SA128S12	SES158	-0.953658	12.8005	13.7541
BLOCK12/SES128/SA128S12	SES206	-0.241378	13.5128	13.7541
BLOCK12/SES128/SA128S12	SES226	-0.914893	12.8392	13.7541
BLOCK12/SES128/SA128S21	SES106	-1.53907	11.4699	13.009
BLOCK12/SES128/SA128S21	SES120	-0.707589	12.3014	13.009
BLOCK12/SES128/SA128S21	SES206	-0.615199	12.3938	13.009
BLOCK12/SES128/SA128S21	SES226	0.00851059	13.0175	13.009
BLOCK12/SES128/SA128S24	SES087	-1.27394	12.0041	13.278
BLOCK12/SES128/SA128S24	SES120	-0.369236	12.9088	13.278
BLOCK12/SES128/SA128S24	SES206	-0.652723	12.6253	13.278
BLOCK12/SES128/SA128S24	SES226	-0.547326	12.7307	13.278
BLOCK12/SES128/SA128S27	SES099	-1.09312	13.5851	14.6782
BLOCK12/SES128/SA128S27	SES120	-0.540594	14.1376	14.6782
BLOCK12/SES128/SA128S27	SES206	-0.895362	13.7828	14.6782
BLOCK12/SES128/SA128S27	SES226	-0.609808	14.0684	14.6782
BLOCK13/SES130/SA130S13	SES143	-0.502499	12.4823	12.9848
BLOCK13/SES130/SA130S13	SES144	0.501882	13.4866	12.9848
BLOCK13/SES130/SA130S13	SES146	0.122299	13.1071	12.9848
BLOCK13/SES130/SA130S13	SES275	-1.02212	11.9626	12.9848
BLOCK13/SES130/SA130S15	SES143	-0.617923	13.5153	14.1333
BLOCK13/SES130/SA130S15	SES144	0.401904	14.5352	14.1333
BLOCK13/SES130/SA130S15	SES146	-0.327674	13.8056	14.1333
BLOCK13/SES130/SA130S15	SES275	-0.357295	13.776	14.1333
BLOCK13/SES130/SA130S23	SES127	-0.671185	11.827	12.4982
BLOCK13/SES130/SA130S23	SES144	-0.0873899	12.4108	12.4982
BLOCK13/SES130/SA130S23	SES146	-0.0461531	12.452	12.4982
BLOCK13/SES130/SA130S23	SES162	0.586664	13.0848	12.4982
BLOCK13/SES130/SA130S25	SES127	0.303578	14.612	14.3084
BLOCK13/SES130/SA130S25	SES144	0.418327	14.7268	14.3084
BLOCK13/SES130/SA130S25	SES146	0.120009	14.4284	14.3084
BLOCK13/SES130/SA130S25	SES275	-0.0311384	14.2773	14.3084
BLOCK13/SES130/SA130S28	SES127	-0.00242519	13.1951	13.1976
BLOCK13/SES130/SA130S28	SES144	-0.342419	12.8551	13.1976
BLOCK13/SES130/SA130S28	SES146	-0.205649	12.9919	13.1976
BLOCK13/SES130/SA130S28	SES275	-0.0669336	13.1306	13.1976
BLOCK13/SES131/SA131S13	SES002	-0.609954	10.8484	11.4584
BLOCK13/SES131/SA131S13	SES007	-1.23793	10.2205	11.4584
BLOCK13/SES131/SA131S13	SES099	-1.25349	10.2049	11.4584
BLOCK13/SES131/SA131S13	SES105	-1.02033	10.4381	11.4584
BLOCK13/SES131/SA131S14	SES104	0.38526	13.234	12.8488
BLOCK13/SES131/SA131S14	SES106	-0.710631	12.1381	12.8488
BLOCK13/SES131/SA131S14	SES125	-1.62299	11.2258	12.8488
BLOCK13/SES131/SA131S14	SES148	-0.854737	11.994	12.8488
BLOCK13/SES131/SA131S20	SES104	-1.66465	9.61831	11.283
BLOCK13/SES131/SA131S20	SES106	-1.45661	9.82635	11.283
BLOCK13/SES131/SA131S20	SES125	-2.28526	8.9977	11.283
BLOCK13/SES131/SA131S20	SES148	-1.55235	9.7306	11.283
BLOCK13/SES131/SA131S22	SES099	-1.07974	11.7026	12.7823
BLOCK13/SES131/SA131S22	SES104	-0.967997	11.8143	12.7823
BLOCK13/SES131/SA131S22	SES125	-1.06777	11.7145	12.7823
BLOCK13/SES131/SA131S22	SES206	-1.59796	11.1844	12.7823
BLOCK13/SES131/SA131S29	SES087	-1.37949	10.6932	12.0727
BLOCK13/SES131/SA131S29	SES104	-2.17525	9.89741	12.0727
BLOCK13/SES131/SA131S29	SES125	-2.28571	9.78694	12.0727
BLOCK13/SES131/SA131S29	SES206	-2.33479	9.73786	12.0727
BLOCK13/SES132/SA132S11	SES083	-1.33837	13.5071	14.8455
BLOCK13/SES132/SA132S11	SES120	-0.0545568	14.7909	14.8455
BLOCK13/SES132/SA132S11	SES127	-0.749668	14.0958	14.8455
BLOCK13/SES132/SA132S11	SES275	-0.952022	13.8935	14.8455
BLOCK13/SES132/SA132S12	SES083	-1.16398	13.7986	14.9626
BLOCK13/SES132/SA132S12	SES143	-0.3585	14.6041	14.9626
BLOCK13/SES132/SA132S12	SES144	-0.254389	14.7082	14.9626
BLOCK13/SES132/SA132S12	SES148	-0.581853	14.3807	14.9626
BLOCK13/SES132/SA132S22	SES062	-0.470752	14.6517	15.1224
BLOCK13/SES132/SA132S22	SES083	-0.916217	14.2062	15.1224
BLOCK13/SES132/SA132S22	SES127	-0.829243	14.2932	15.1224
BLOCK13/SES132/SA132S22	SES275	-0.944146	14.1783	15.1224
BLOCK13/SES132/SA132S24	SES007	-0.333361	14.8746	15.2079
BLOCK13/SES132/SA132S24	SES083	-0.777264	14.4307	15.2079
BLOCK13/SES132/SA132S24	SES127	-0.95007	14.2578	15.2079
BLOCK13/SES132/SA132S24	SES275	-0.603928	14.604	15.2079
BLOCK13/SES132/SA132S27	SES083	-0.96374	13.515	14.4787
BLOCK13/SES132/SA132S27	SES120	-0.0827484	14.396	14.4787
BLOCK13/SES132/SA132S27	SES127	-1.04936	13.4293	14.4787
BLOCK13/SES132/SA132S27	SES275	-1.00461	13.4741	14.4787
BLOCK14/SES141/SA141S09	SES143	-0.00154209	14.0159	14.0175
BLOCK14/SES141/SA141S09	SES144	0.179523	14.197	14.0175
BLOCK14/SES141/SA141S09	SES162	-0.0656128	13.9518	14.0175
BLOCK14/SES141/SA141S09	SES180	-0.633882	13.3836	14.0175
BLOCK14/SES141/SA141S15	SES127	-0.303387	13.1445	13.4478
BLOCK14/SES141/SA141S15	SES144	-0.238295	13.2095	13.4478
BLOCK14/SES141/SA141S15	SES162	-0.258334	13.1895	13.4478
BLOCK14/SES141/SA141S15	SES180	-1.3068	12.141	13.4478
BLOCK14/SES141/SA141S24	SES127	-0.580182	13.7127	14.2929
BLOCK14/SES141/SA141S24	SES144	-0.689209	13.6037	14.2929
BLOCK14/SES141/SA141S24	SES162	-0.439839	13.853	14.2929
BLOCK14/SES141/SA141S24	SES183	-1.1403	13.1526	14.2929
BLOCK14/SES141/SA141S26	SES142	-0.24394	13.5465	13.7904
BLOCK14/SES141/SA141S26	SES144	-0.33858	13.4518	13.7904
BLOCK14/SES141/SA141S26	SES172	-0.146802	13.6436	13.7904
BLOCK14/SES141/SA141S26	SES180	-0.636478	13.1539	13.7904
BLOCK14/SES141/SA141S29	SES127	0.258299	14.4449	14.1866
BLOCK14/SES141/SA141S29	SES142	0.109769	14.2964	14.1866
BLOCK14/SES141/SA141S29	SES144	-0.336677	13.8499	14.1866
BLOCK14/SES141/SA141S29	SES180	-0.481242	13.7054	14.1866
BLOCK15/SES157/SA157S08	SES083	-0.981945	13.4692	14.4511
BLOCK15/SES157/SA157S08	SES127	-0.805989	13.6451	14.4511
BLOCK15/SES157/SA157S08	SES148	-0.887239	13.5639	14.4511
BLOCK15/SES157/SA157S08	SES292	-0.800011	13.6511	14.4511
BLOCK15/SES157/SA157S11	SES083	-1.03035	13.0161	14.0465
BLOCK15/SES157/SA157S11	SES127	-0.804474	13.242	14.0465
BLOCK15/SES157/SA157S11	SES148	-1.51477	12.5317	14.0465
BLOCK15/SES157/SA157S11	SES292	-0.741453	13.305	14.0465
BLOCK15/SES157/SA157S21	SES127	-0.505095	14.3158	14.8209
BLOCK15/SES157/SA157S21	SES148	-0.598649	14.2222	14.8209
BLOCK15/SES157/SA157S21	SES158	-3.29273	11.5282	14.8209
BLOCK15/SES157/SA157S21	SES292	-0.212329	14.6086	14.8209
BLOCK15/SES157/SA157S24	SES127	-0.591213	14.0639	14.6551
BLOCK15/SES157/SA157S24	SES148	-1.19955	13.4556	14.6551
BLOCK15/SES157/SA157S24	SES183	-1.1658	13.4893	14.6551
BLOCK15/SES157/SA157S24	SES292	-0.605017	14.0501	14.6551
BLOCK15/SES157/SA157S26	SES007	-0.250235	14.2422	14.4925
BLOCK15/SES157/SA157S26	SES127	-0.156376	14.3361	14.4925
BLOCK15/SES157/SA157S26	SES147	-0.602034	13.8904	14.4925
BLOCK15/SES157/SA157S26	SES148	-1.07624	13.4162	14.4925
BLOCK16/SES161/SA161S10	SES007	-0.817795	11.022	11.8398
BLOCK16/SES161/SA161S10	SES105	-0.424267	11.4156	11.8398
BLOCK16/SES161/SA161S10	SES158	-0.353488	11.4863	11.8398
BLOCK16/SES161/SA161S10	SES275	-0.29811	11.5417	11.8398
BLOCK16/SES161/SA161S12	SES007	-0.971961	11.6613	12.6333
BLOCK16/SES161/SA161S12	SES105	-1.55888	11.0744	12.6333
BLOCK16/SES161/SA161S12	SES158	-0.504254	12.1291	12.6333
BLOCK16/SES161/SA161S12	SES275	-0.842505	11.7908	12.6333
BLOCK16/SES161/SA161S20	SES007	-1.1508	10.1607	11.3115
BLOCK16/SES161/SA161S20	SES105	-0.792211	10.5193	11.3115
BLOCK16/SES161/SA161S20	SES158	-0.414398	10.8971	11.3115
BLOCK16/SES161/SA161S20	SES275	-0.810984	10.5006	11.3115
BLOCK16/SES161/SA161S23	SES007	-1.629	10.9497	12.5787
BLOCK16/SES161/SA161S23	SES105	-0.821219	11.7574	12.5787
BLOCK16/SES161/SA161S23	SES148	-1.23627	11.3424	12.5787
BLOCK16/SES161/SA161S23	SES158	-1.00294	11.5757	12.5787
BLOCK16/SES161/SA161S28	SES007	-1.42993	11.4059	12.8358
BLOCK16/SES161/SA161S28	SES105	-1.2028	11.633	12.8358
BLOCK16/SES161/SA161S28	SES158	-0.182895	12.6529	12.8358
BLOCK16/SES161/SA161S28	SES206	-0.307367	12.5285	12.8358
BLOCK16/SES164/SA164S11	SES104	0.221104	14.5765	14.3554
BLOCK16/SES164/SA164S11	SES125	-0.0917711	14.2636	14.3554
BLOCK16/SES164/SA164S11	SES158	0.710814	15.0662	14.3554
BLOCK16/SES164/SA164S11	SES206	-0.0511045	14.3043	14.3554
BLOCK16/SES164/SA164S13	SES099	-0.779918	12.1325	12.9124
BLOCK16/SES164/SA164S13	SES104	-0.742181	12.1703	12.9124
BLOCK16/SES164/SA164S13	SES125	-1.00056	11.9119	12.9124
BLOCK16/SES164/SA164S13	SES206	-0.723964	12.1885	12.9124
BLOCK16/SES164/SA164S24	SES002	0.629909	13.9819	13.3519
BLOCK16/SES164/SA164S24	SES099	-0.237661	13.1143	13.3519
BLOCK16/SES164/SA164S24	SES125	-0.673918	12.678	13.3519
BLOCK16/SES164/SA164S24	SES226	0.213421	13.5654	13.3519
BLOCK16/SES164/SA164S27	SES087	0.1114	13.5086	13.3973
BLOCK16/SES164/SA164S27	SES125	-0.0989733	13.2983	13.3973
BLOCK16/SES164/SA164S27	SES206	-0.422113	12.9751	13.3973
BLOCK16/SES164/SA164S27	SES226	-0.518635	12.8786	13.3973
BLOCK16/SES164/SA164S29	SES002	-0.0280914	13.1146	13.1427
BLOCK16/SES164/SA164S29	SES019	-0.658673	12.4841	13.1427
BLOCK16/SES164/SA164S29	SES125	-0.151652	12.9911	13.1427
BLOCK16/SES164/SA164S29	SES226	-0.848089	12.2946	13.1427
BLOCK16/SES169/SA169S13	SES117	-0.804077	12.7642	13.5683
BLOCK16/SES169/SA169S13	SES144	-0.505131	13.0631	13.5683
BLOCK16/SES169/SA169S13	SES146	-0.183608	13.3847	13.5683
BLOCK16/SES169/SA169S13	SES162	-0.142451	13.4258	13.5683
BLOCK16/SES169/SA169S14	SES144	-0.834655	13.8878	14.7224
BLOCK16/SES169/SA169S14	SES148	-1.3701	13.3523	14.7224
BLOCK16/SES169/SA169S14	SES177	-0.341333	14.3811	14.7224
BLOCK16/SES169/SA169S14	SES180	-0.793115	13.9293	14.7224
BLOCK16/SES169/SA169S24	SES117	-0.490296	12.5438	13.0341
BLOCK16/SES169/SA169S24	SES144	-0.12905	12.9051	13.0341
BLOCK16/SES169/SA169S24	SES146	-0.468177	12.566	13.0341
BLOCK16/SES169/SA169S24	SES162	0.0888643	13.123	13.0341
BLOCK16/SES169/SA169S27	SES127	0.045845	13.6222	13.5763
BLOCK16/SES169/SA169S27	SES129	-0.251807	13.3245	13.5763
BLOCK16/SES169/SA169S27	SES144	-0.538281	13.0381	13.5763
BLOCK16/SES169/SA169S27	SES146	0.323771	13.9001	13.5763
BLOCK16/SES169/SA169S29	SES144	-0.0985584	14.315	14.4136
BLOCK16/SES169/SA169S29	SES162	-0.45711	13.9565	14.4136
BLOCK16/SES169/SA169S29	SES177	-0.947029	13.4665	14.4136
BLOCK16/SES169/SA169S29	SES180	-0.300765	14.1128	14.4136
BLOCK17/SES171/SA171S12	SES083	-0.903787	12.5088	13.4126
BLOCK17/SES171/SA171S12	SES148	-1.29347	12.1191	13.4126
BLOCK17/SES171/SA171S12	SES172	-0.94277	12.4698	13.4126
BLOCK17/SES171/SA171S12	SES292	-0.836972	12.5756	13.4126
BLOCK17/SES171/SA171S15	SES148	-1.17465	11.9891	13.1637
BLOCK17/SES171/SA171S15	SES177	-0.00379276	13.1599	13.1637
BLOCK17/SES171/SA171S15	SES180	-1.43898	11.7247	13.1637
BLOCK17/SES171/SA171S15	SES292	-0.788658	12.3751	13.1637
BLOCK17/SES171/SA171S22	SES007	-1.12997	13.5723	14.7023
BLOCK17/SES171/SA171S22	SES148	-1.19539	13.5069	14.7023
BLOCK17/SES171/SA171S22	SES177	-0.338289	14.364	14.7023
BLOCK17/SES171/SA171S22	SES180	-1.67893	13.0234	14.7023
BLOCK17/SES171/SA171S25	SES101	-0.604038	11.948	12.552
BLOCK17/SES171/SA171S25	SES120	-1.07161	11.4804	12.552
BLOCK17/SES171/SA171S25	SES177	0.235978	12.788	12.552
BLOCK17/SES171/SA171S25	SES180	-1.0505	11.5016	12.552
BLOCK17/SES171/SA171S27	SES177	0.0545435	13.4767	13.4222
BLOCK17/SES171/SA171S27	SES180	-1.42301	11.9992	13.4222
BLOCK17/SES171/SA171S27	SES189	-1.09946	12.3227	13.4222
BLOCK17/SES171/SA171S27	SES292	-0.997928	12.4243	13.4222
BLOCK17/SES173/SA173S13	SES162	-2.01506	11.6614	13.6765
BLOCK17/SES173/SA173S13	SES177	-0.357086	13.3194	13.6765
BLOCK17/SES173/SA173S13	SES180	-1.61497	12.0615	13.6765
BLOCK17/SES173/SA173S13	SES292	-0.0379906	13.6385	13.6765
BLOCK17/SES173/SA173S14	SES007	-0.441949	12.2834	12.7253
BLOCK17/SES173/SA173S14	SES162	-1.71061	11.0147	12.7253
BLOCK17/SES173/SA173S14	SES177	-0.395391	12.3299	12.7253
BLOCK17/SES173/SA173S14	SES180	-0.91335	11.812	12.7253
BLOCK17/SES173/SA173S24	SES144	-0.746751	11.4929	12.2396
BLOCK17/SES173/SA173S24	SES162	-1.08193	11.1577	12.2396
BLOCK17/SES173/SA173S24	SES177	-0.029274	12.2104	12.2396
BLOCK17/SES173/SA173S24	SES180	-1.13978	11.0999	12.2396
BLOCK17/SES173/SA173S27	SES162	-1.98733	11.6976	13.6849
BLOCK17/SES173/SA173S27	SES177	-0.451259	13.2336	13.6849
BLOCK17/SES173/SA173S27	SES180	-0.880939	12.8039	13.6849
BLOCK17/SES173/SA173S27	SES292	0.126281	13.8112	13.6849
BLOCK17/SES173/SA173S29	SES162	-0.759092	12.0807	12.8398
BLOCK17/SES173/SA173S29	SES175	-0.0535374	12.7862	12.8398
BLOCK17/SES173/SA173S29	SES177	0.195704	13.0355	12.8398
BLOCK17/SES173/SA173S29	SES292	-0.263097	12.5767	12.8398
BLOCK18/SES182/SA182S10	SES144	-0.0690308	13.1805	13.2495
BLOCK18/SES182/SA182S10	SES177	-0.432373	12.8172	13.2495
BLOCK18/SES182/SA182S10	SES180	-0.697965	12.5516	13.2495
BLOCK18/SES182/SA182S10	SES275	-0.162819	13.0867	13.2495
BLOCK18/SES182/SA182S12	SES144	0.262437	14.2576	13.9951
BLOCK18/SES182/SA182S12	SES177	-0.0878534	13.9073	13.9951
BLOCK18/SES182/SA182S12	SES180	-0.605819	13.3893	13.9951
BLOCK18/SES182/SA182S12	SES275	0.00502777	14.0001	13.9951
BLOCK18/SES182/SA182S21	SES117	-0.736093	12.2297	12.9658
BLOCK18/SES182/SA182S21	SES144	-0.163939	12.8018	12.9658
BLOCK18/SES182/SA182S21	SES162	-0.230514	12.7353	12.9658
BLOCK18/SES182/SA182S21	SES180	-0.656487	12.3093	12.9658
BLOCK18/SES182/SA182S23	SES117	-0.914454	12.9305	13.8449
BLOCK18/SES182/SA182S23	SES144	-0.68284	13.1621	13.8449
BLOCK18/SES182/SA182S23	SES180	-0.573494	13.2714	13.8449
BLOCK18/SES182/SA182S23	SES275	-0.367802	13.4771	13.8449
BLOCK18/SES182/SA182S25	SES007	0.472372	14.1713	13.699
BLOCK18/SES182/SA182S25	SES162	-0.143332	13.5556	13.699
BLOCK18/SES182/SA182S25	SES177	0.172136	13.8711	13.699
BLOCK18/SES182/SA182S25	SES180	-0.357537	13.3414	13.699
BLOCK18/SES184/SA184S12	SES177	-0.151917	13.0256	13.1776
BLOCK18/SES184/SA184S12	SES180	-0.541444	12.6361	13.1776
BLOCK18/SES184/SA184S12	SES189	-1.56874	11.6088	13.1776
BLOCK18/SES184/SA184S12	SES292	-0.375406	12.8021	13.1776
BLOCK18/SES184/SA184S13	SES101	-0.95084	12.2914	13.2422
BLOCK18/SES184/SA184S13	SES177	-0.485929	12.7563	13.2422
BLOCK18/SES184/SA184S13	SES180	-0.874912	12.3673	13.2422
BLOCK18/SES184/SA184S13	SES292	-0.758625	12.4836	13.2422
BLOCK18/SES184/SA184S22	SES177	-0.359402	14.2573	14.6167
BLOCK18/SES184/SA184S22	SES180	-0.455345	14.1614	14.6167
BLOCK18/SES184/SA184S22	SES189	-1.73218	12.8846	14.6167
BLOCK18/SES184/SA184S22	SES292	-0.896611	13.7201	14.6167
BLOCK18/SES184/SA184S25	SES101	-0.699426	14.6473	15.3468
BLOCK18/SES184/SA184S25	SES177	-0.711255	14.6355	15.3468
BLOCK18/SES184/SA184S25	SES180	-0.734747	14.612	15.3468
BLOCK18/SES184/SA184S25	SES292	-0.664069	14.6827	15.3468
BLOCK18/SES184/SA184S27	SES083	-0.714926	12.9066	13.6216
BLOCK18/SES184/SA184S27	SES177	-0.458389	13.1632	13.6216
BLOCK18/SES184/SA184S27	SES202	-0.636951	12.9846	13.6216
BLOCK18/SES184/SA184S27	SES292	-0.961164	12.6604	13.6216
BLOCK20/SES204/SA204S12	SES062	-0.661616	14.3991	15.0607
BLOCK20/SES204/SA204S12	SES083	-1.08606	13.9746	15.0607
BLOCK20/SES204/SA204S12	SES206	-0.716248	14.3444	15.0607
BLOCK20/SES204/SA204S12	SES226	-1.4456	13.6151	15.0607
BLOCK20/SES204/SA204S14	SES068	-0.401011	15.8695	16.2705
BLOCK20/SES204/SA204S14	SES087	0.148563	16.419	16.2705
BLOCK20/SES204/SA204S14	SES206	-1.12535	15.1451	16.2705
BLOCK20/SES204/SA204S14	SES226	-1.21964	15.0508	16.2705
BLOCK20/SES204/SA204S22	SES068	-0.397117	14.8411	15.2382
BLOCK20/SES204/SA204S22	SES082	-2.32322	12.915	15.2382
BLOCK20/SES204/SA204S22	SES083	-1.76251	13.4757	15.2382
BLOCK20/SES204/SA204S22	SES206	-0.999804	14.2384	15.2382
BLOCK20/SES204/SA204S25	SES062	-1.39566	14.0033	15.399
BLOCK20/SES204/SA204S25	SES083	-1.23388	14.1651	15.399
BLOCK20/SES204/SA204S25	SES206	-1.07746	14.3215	15.399
BLOCK20/SES204/SA204S25	SES226	-1.49803	13.901	15.399
BLOCK20/SES204/SA204S27	SES068	-0.393007	13.9789	14.372
BLOCK20/SES204/SA204S27	SES082	-1.91151	12.4604	14.372
BLOCK20/SES204/SA204S27	SES087	-0.227714	14.1442	14.372
BLOCK20/SES204/SA204S27	SES206	-0.867921	13.504	14.372
BLOCK20/SES207/SA207S10	SES127	-1.00331	12.4442	13.4475
BLOCK20/SES207/SA207S10	SES183	-0.805058	12.6425	13.4475
BLOCK20/SES207/SA207S10	SES189	-1.18157	12.2659	13.4475
BLOCK20/SES207/SA207S10	SES292	-1.08005	12.3675	13.4475
BLOCK20/SES207/SA207S11	SES127	-0.925897	11.7675	12.6934
BLOCK20/SES207/SA207S11	SES183	-0.362469	12.3309	12.6934
BLOCK20/SES207/SA207S11	SES187	-0.694406	11.999	12.6934
BLOCK20/SES207/SA207S11	SES292	-0.499758	12.1936	12.6934
BLOCK20/SES207/SA207S25	SES068	-1.03865	12.0242	13.0629
BLOCK20/SES207/SA207S25	SES083	-1.36657	11.6963	13.0629
BLOCK20/SES207/SA207S25	SES127	-0.255289	12.8076	13.0629
BLOCK20/SES207/SA207S25	SES187	-0.596776	12.4661	13.0629
BLOCK20/SES207/SA207S27	SES127	-1.0904	10.8259	11.9163
BLOCK20/SES207/SA207S27	SES183	0.0585184	11.9748	11.9163
BLOCK20/SES207/SA207S27	SES187	-0.586197	11.3301	11.9163
BLOCK20/SES207/SA207S27	SES292	-1.21775	10.6985	11.9163
BLOCK20/SES207/SA207S29	SES083	-0.982063	12.6271	13.6092
BLOCK20/SES207/SA207S29	SES085	0.213315	13.8225	13.6092
BLOCK20/SES207/SA207S29	SES172	0.125386	13.7346	13.6092
BLOCK20/SES207/SA207S29	SES189	-1.08671	12.5225	13.6092
BLOCK22/SES221/SA221S12	SES068	0.168319	14.9267	14.7584
BLOCK22/SES221/SA221S12	SES143	-0.0279388	14.7305	14.7584
BLOCK22/SES221/SA221S12	SES175	-0.0913725	14.667	14.7584
BLOCK22/SES221/SA221S12	SES202	0.0910292	14.8494	14.7584
BLOCK22/SES221/SA221S15	SES085	0.179893	13.4068	13.2269
BLOCK22/SES221/SA221S15	SES143	-0.699002	12.5279	13.2269
BLOCK22/SES221/SA221S15	SES175	-0.249098	12.9778	13.2269
BLOCK22/SES221/SA221S15	SES187	-0.585833	12.6411	13.2269
BLOCK22/SES221/SA221S23	SES068	0.327207	13.8803	13.5531
BLOCK22/SES221/SA221S23	SES143	0.167547	13.7207	13.5531
BLOCK22/SES221/SA221S23	SES175	0.413472	13.9666	13.5531
BLOCK22/SES221/SA221S23	SES189	0.392813	13.9459	13.5531
BLOCK22/SES221/SA221S27	SES085	0.874456	15.1736	14.2991
BLOCK22/SES221/SA221S27	SES143	-0.210217	14.0889	14.2991
BLOCK22/SES221/SA221S27	SES175	0.138029	14.4372	14.2991
BLOCK22/SES221/SA221S27	SES189	-0.0288534	14.2703	14.2991
BLOCK22/SES221/SA221S29	SES085	0.421137	13.6175	13.1963
BLOCK22/SES221/SA221S29	SES143	-0.0408421	13.1555	13.1963
BLOCK22/SES221/SA221S29	SES175	0.441239	13.6376	13.1963
BLOCK22/SES221/SA221S29	SES187	-0.256836	12.9395	13.1963
BLOCK22/SES223/SA223S11	SES143	0.115969	11.8968	11.7809
BLOCK22/SES223/SA223S11	SES144	-1.25749	10.5234	11.7809
BLOCK22/SES223/SA223S11	SES175	-0.216323	11.5645	11.7809
BLOCK22/SES223/SA223S11	SES187	-0.95956	10.8213	11.7809
BLOCK22/SES223/SA223S13	SES068	-0.602139	11.4277	12.0299
BLOCK22/SES223/SA223S13	SES143	-1.05089	10.979	12.0299
BLOCK22/SES223/SA223S13	SES146	-1.39486	10.635	12.0299
BLOCK22/SES223/SA223S13	SES202	-1.07439	10.9555	12.0299
BLOCK22/SES223/SA223S22	SES143	-0.618409	12.265	12.8834
BLOCK22/SES223/SA223S22	SES144	-1.38104	11.5024	12.8834
BLOCK22/SES223/SA223S22	SES175	-0.58976	12.2937	12.8834
BLOCK22/SES223/SA223S22	SES187	-0.663096	12.2203	12.8834
BLOCK22/SES223/SA223S25	SES068	-0.0764208	13.2307	13.3072
BLOCK22/SES223/SA223S25	SES143	-0.0755959	13.2316	13.3072
BLOCK22/SES223/SA223S25	SES175	-0.443923	12.8632	13.3072
BLOCK22/SES223/SA223S25	SES187	-0.569737	12.7374	13.3072
BLOCK22/SES223/SA223S27	SES143	-0.176474	12.1679	12.3444
BLOCK22/SES223/SA223S27	SES146	-0.955821	11.3885	12.3444
BLOCK22/SES223/SA223S27	SES187	-0.738704	11.6056	12.3444
BLOCK22/SES223/SA223S27	SES292	-0.248973	12.0954	12.3444
BLOCK27/SES273/SA273S12	SES099	0.254889	16.1023	15.8474
BLOCK27/SES273/SA273S12	SES104	0.500463	16.3478	15.8474
BLOCK27/SES273/SA273S12	SES125	-0.12253	15.7248	15.8474
BLOCK27/SES273/SA273S12	SES206	0.604484	16.4519	15.8474
BLOCK27/SES273/SA273S13	SES099	0.223415	16.2964	16.073
BLOCK27/SES273/SA273S13	SES104	0.0249233	16.0979	16.073
BLOCK27/SES273/SA273S13	SES206	0.0910263	16.164	16.073
BLOCK27/SES273/SA273S13	SES292	-0.450062	15.6229	16.073
BLOCK27/SES273/SA273S21	SES099	0.505007	16.066	15.561
BLOCK27/SES273/SA273S21	SES148	-2.15409	13.4069	15.561
BLOCK27/SES273/SA273S21	SES149	-0.801728	14.7593	15.561
BLOCK27/SES273/SA273S21	SES177	-0.724277	14.8367	15.561
BLOCK27/SES273/SA273S25	SES104	0.231102	15.3482	15.1171
BLOCK27/SES273/SA273S25	SES125	0.0645142	15.1816	15.1171
BLOCK27/SES273/SA273S25	SES158	-0.00915241	15.108	15.1171
BLOCK27/SES273/SA273S25	SES206	0.0544071	15.1715	15.1171
BLOCK27/SES273/SA273S27	SES099	0.0735617	15.5076	15.434
BLOCK27/SES273/SA273S27	SES104	-0.725416	14.7086	15.434
BLOCK27/SES273/SA273S27	SES149	-0.489511	14.9445	15.434
BLOCK27/SES273/SA273S27	SES275	-0.524252	14.9098	15.434
BLOCK27/SES274/SA274S10	SES105	-1.74369	13.3954	15.1391
BLOCK27/SES274/SA274S10	SES125	-1.72606	13.4131	15.1391
BLOCK27/SES274/SA274S10	SES129	0.17987	15.319	15.1391
BLOCK27/SES274/SA274S10	SES158	-2.38886	12.7503	15.1391
BLOCK27/SES274/SA274S11	SES105	-0.628864	14.3027	14.9316
BLOCK27/SES274/SA274S11	SES149	-1.29728	13.6343	14.9316
BLOCK27/SES274/SA274S11	SES158	-1.33992	13.5916	14.9316
BLOCK27/SES274/SA274S11	SES275	-0.186592	14.745	14.9316
BLOCK27/SES274/SA274S21	SES105	-1.3766	13.4688	14.8454
BLOCK27/SES274/SA274S21	SES129	0.0264626	14.8719	14.8454
BLOCK27/SES274/SA274S21	SES149	-1.44349	13.4019	14.8454
BLOCK27/SES274/SA274S21	SES158	-2.84836	11.997	14.8454
BLOCK27/SES274/SA274S24	SES105	-1.62473	14.4149	16.0397
BLOCK27/SES274/SA274S24	SES129	-0.0994024	15.9403	16.0397
BLOCK27/SES274/SA274S24	SES149	-1.85753	14.1821	16.0397
BLOCK27/SES274/SA274S24	SES158	-2.85218	13.1875	16.0397
BLOCK27/SES274/SA274S29	SES105	-1.34133	13.3797	14.721
BLOCK27/SES274/SA274S29	SES106	-2.50451	12.2165	14.721
BLOCK27/SES274/SA274S29	SES120	-1.01699	13.704	14.721
BLOCK27/SES274/SA274S29	SES275	-0.698634	14.0224	14.721
BLOCK27/SES276/SA276S16	SES148	-0.769218	12.474	13.2432
BLOCK27/SES276/SA276S16	SES172	-0.0453386	13.1978	13.2432
BLOCK27/SES276/SA276S16	SES180	-0.402443	12.8407	13.2432
BLOCK27/SES276/SA276S16	SES292	-0.058486	13.1847	13.2432
BLOCK27/SES276/SA276S17	SES101	-0.385267	13.6492	14.0345
BLOCK27/SES276/SA276S17	SES177	-0.69096	13.3435	14.0345
BLOCK27/SES276/SA276S17	SES180	-0.223462	13.811	14.0345
BLOCK27/SES276/SA276S17	SES292	-0.16617	13.8683	14.0345
BLOCK27/SES276/SA276S24	SES101	-0.331956	14.2329	14.5649
BLOCK27/SES276/SA276S24	SES177	-0.305426	14.2594	14.5649
BLOCK27/SES276/SA276S24	SES180	-0.0427694	14.5221	14.5649
BLOCK27/SES276/SA276S24	SES292	-0.575068	13.9898	14.5649
BLOCK27/SES276/SA276S26	SES101	-0.570166	14.0854	14.6555
BLOCK27/SES276/SA276S26	SES177	0.157758	14.8133	14.6555
BLOCK27/SES276/SA276S26	SES180	0.11647	14.772	14.6555
BLOCK27/SES276/SA276S26	SES292	0.510566	15.1661	14.6555
BLOCK27/SES276/SA276S28	SES101	-0.488203	13.8039	14.2921
BLOCK27/SES276/SA276S28	SES177	-0.755858	13.5362	14.2921
BLOCK27/SES276/SA276S28	SES180	-0.0344744	14.2576	14.2921
BLOCK27/SES276/SA276S28	SES292	-0.193699	14.0984	14.2921
BLOCK27/SES277/SA277S12	SES101	-0.151585	12.6715	12.8231
BLOCK27/SES277/SA277S12	SES177	-1.13322	11.6899	12.8231
BLOCK27/SES277/SA277S12	SES180	-0.973899	11.8492	12.8231
BLOCK27/SES277/SA277S12	SES292	-0.953705	11.8694	12.8231
BLOCK27/SES277/SA277S14	SES177	-0.141512	12.0729	12.2144
BLOCK27/SES277/SA277S14	SES180	-1.18677	11.0276	12.2144
BLOCK27/SES277/SA277S14	SES189	-0.218926	11.9955	12.2144
BLOCK27/SES277/SA277S14	SES292	-0.856251	11.3581	12.2144
BLOCK27/SES277/SA277S21	SES177	-0.239276	13.6979	13.9371
BLOCK27/SES277/SA277S21	SES180	-1.18375	12.7534	13.9371
BLOCK27/SES277/SA277S21	SES189	-0.421754	13.5154	13.9371
BLOCK27/SES277/SA277S21	SES292	-1.05275	12.8844	13.9371
BLOCK27/SES277/SA277S24	SES144	-0.996145	11.4171	12.4133
BLOCK27/SES277/SA277S24	SES177	-0.54375	11.8695	12.4133
BLOCK27/SES277/SA277S24	SES180	-1.54366	10.8696	12.4133
BLOCK27/SES277/SA277S24	SES189	-0.375925	12.0374	12.4133
BLOCK27/SES277/SA277S29	SES177	-0.177141	14.3692	14.5463
BLOCK27/SES277/SA277S29	SES180	-0.782684	13.7636	14.5463
BLOCK27/SES277/SA277S29	SES202	-0.732977	13.8134	14.5463
BLOCK27/SES277/SA277S29	SES292	-1.15622	13.3901	14.5463
BLOCK27/SES279/SA279S09	SES120	-1.089	13.4176	14.5066
BLOCK27/SES279/SA279S09	SES146	-1.27842	13.2281	14.5066
BLOCK27/SES279/SA279S09	SES206	-0.711092	13.7955	14.5066
BLOCK27/SES279/SA279S09	SES226	-1.39694	13.1096	14.5066
BLOCK27/SES279/SA279S10	SES099	-0.44413	14.1881	14.6322
BLOCK27/SES279/SA279S10	SES206	-0.632238	14	14.6322
BLOCK27/SES279/SA279S10	SES226	-1.01038	13.6219	14.6322
BLOCK27/SES279/SA279S10	SES292	-0.229482	14.4027	14.6322
BLOCK27/SES279/SA279S20	SES099	-0.99594	13.5759	14.5718
BLOCK27/SES279/SA279S20	SES206	-0.350478	14.2214	14.5718
BLOCK27/SES279/SA279S20	SES226	-1.009	13.5628	14.5718
BLOCK27/SES279/SA279S20	SES292	0.134547	14.7064	14.5718
BLOCK27/SES279/SA279S26	SES099	-0.0828199	14.0732	14.1561
BLOCK27/SES279/SA279S26	SES206	0.530817	14.6869	14.1561
BLOCK27/SES279/SA279S26	SES226	-0.493309	13.6627	14.1561
BLOCK27/SES279/SA279S26	SES292	0.12592	14.282	14.1561
BLOCK27/SES279/SA279S28	SES099	-0.656557	15.1887	15.8452
BLOCK27/SES279/SA279S28	SES120	-0.759667	15.0856	15.8452
BLOCK27/SES279/SA279S28	SES177	-0.903646	14.9416	15.8452
BLOCK27/SES279/SA279S28	SES206	-0.430842	15.4144	15.8452
BLOCK29/SES290/SA290S12	SES162	-0.271729	13.7477	14.0194
BLOCK29/SES290/SA290S12	SES177	0.336392	14.3558	14.0194
BLOCK29/SES290/SA290S12	SES180	-0.391186	13.6282	14.0194
BLOCK29/SES290/SA290S12	SES292	-0.713975	13.3054	14.0194
BLOCK29/SES290/SA290S13	SES007	-0.217112	13.3269	13.544
BLOCK29/SES290/SA290S13	SES162	-0.914701	12.6293	13.544
BLOCK29/SES290/SA290S13	SES177	-0.00506401	13.5389	13.544
BLOCK29/SES290/SA290S13	SES180	-0.255467	13.2885	13.544
BLOCK29/SES290/SA290S22	SES177	-0.0734301	13.1637	13.2372
BLOCK29/SES290/SA290S22	SES180	-0.424067	12.8131	13.2372
BLOCK29/SES290/SA290S22	SES202	-0.464292	12.7729	13.2372
BLOCK29/SES290/SA290S22	SES292	-0.318045	12.9191	13.2372
BLOCK29/SES290/SA290S25	SES162	-0.455362	14.3104	14.7657
BLOCK29/SES290/SA290S25	SES177	-0.561966	14.2038	14.7657
BLOCK29/SES290/SA290S25	SES180	-0.348228	14.4175	14.7657
BLOCK29/SES290/SA290S25	SES292	-0.281264	14.4845	14.7657
BLOCK29/SES290/SA290S29	SES177	0.106071	13.8305	13.7244
BLOCK29/SES290/SA290S29	SES180	0.202989	13.9274	13.7244
BLOCK29/SES290/SA290S29	SES275	-0.698522	13.0259	13.7244
BLOCK29/SES290/SA290S29	SES292	-0.251613	13.4728	13.7244
BLOCK29/SES291/SA291S11	SES105	-1.34896	11.3218	12.6708
BLOCK29/SES291/SA291S11	SES125	-0.455133	12.2157	12.6708
BLOCK29/SES291/SA291S11	SES158	0.010066	12.6809	12.6708
BLOCK29/SES291/SA291S11	SES275	-0.943821	11.727	12.6708
BLOCK29/SES291/SA291S12	SES158	1.34594	13.6849	12.339
BLOCK29/SES291/SA291S12	SES226	-0.758212	11.5808	12.339
BLOCK29/SES291/SA291S12	SES270	1.20519	13.5442	12.339
BLOCK29/SES291/SA291S12	SES275	-1.44398	10.895	12.339
BLOCK29/SES291/SA291S22	SES082	-0.517914	13.124	13.6419
BLOCK29/SES291/SA291S22	SES158	0.0497618	13.6916	13.6419
BLOCK29/SES291/SA291S22	SES259	-0.563323	13.0786	13.6419
BLOCK29/SES291/SA291S22	SES275	-1.41763	12.2243	13.6419
BLOCK29/SES291/SA291S24	SES104	1.02184	15.8157	14.7939
BLOCK29/SES291/SA291S24	SES125	-0.200618	14.5933	14.7939
BLOCK29/SES291/SA291S24	SES158	0.570476	15.3643	14.7939
BLOCK29/SES291/SA291S24	SES275	-2.10431	12.6896	14.7939
BLOCK29/SES291/SA291S27	SES158	0.77482	14.6002	13.8253
BLOCK29/SES291/SA291S27	SES172	-2.29249	11.5328	13.8253
BLOCK29/SES291/SA291S27	SES275	-1.92718	11.8982	13.8253
BLOCK29/SES291/SA291S27	SES292	-0.508597	13.3167	13.8253
Threshold search:
THR	-3.29273798708	9	0(0)	1(1000)
THR	-3.2128671072092	8.982	0(0)	0.998(998)
THR	-3.1329962273384	8.982	0(0)	0.998(998)
THR	-3.0531253474676	8.973	0(0)	0.997(997)
THR	-2.9732544675968	8.973	0(0)	0.997(997)
THR	-2.893383587726	8.964	0(0)	0.996(996)
THR	-2.8135127078552	8.946	0(0)	0.994(994)
THR	-2.7336418279844	8.946	0(0)	0.994(994)
THR	-2.6537709481136	8.946	0(0)	0.994(994)
THR	-2.5739000682428	8.946	0(0)	0.994(994)
THR	-2.494029188372	8.928	0(0)	0.992(992)
THR	-2.4141583085012	8.919	0(0)	0.991(991)
THR	-2.3342874286304	8.883	0(0)	0.987(987)
THR	-2.2544165487596	8.82	0(0)	0.98(980)
THR	-2.1745456688888	8.793	0(0)	0.977(977)
THR	-2.094674789018	8.73	0(0)	0.97(970)
THR	-2.0148039091472	8.658	0(0)	0.962(962)
THR	-1.9349330292764	8.613	0(0)	0.957(957)
THR	-1.8550621494056	8.514	0(0)	0.946(946)
THR	-1.7751912695348	8.469	0(0)	0.941(941)
THR	-1.695320389664	8.37	0(0)	0.93(930)
THR	-1.6154495097932	8.262	0(0)	0.918(918)
THR	-1.5355786299224	8.109	0(0)	0.901(901)
THR	-1.4557077500516	8.028	0(0)	0.892(892)
THR	-1.3758368701808	7.83	0(0)	0.87(870)
THR	-1.29596599031	7.641	0(0)	0.849(849)
THR	-1.2160951104392	7.425	0(0)	0.825(825)
THR	-1.1362242305684	7.146	0(0)	0.794(794)
THR	-1.0563533506976	6.912	0(0)	0.768(768)
THR	-0.976482470826801	6.552	0(0)	0.728(728)
THR	-0.896611590956001	6.201	0(0)	0.689(689)
THR	-0.816740711085201	5.859	0(0)	0.651(651)
THR	-0.736869831214401	5.319	0(0)	0.591(591)
THR	-0.656998951343601	4.842	0(0)	0.538(538)
THR	-0.577128071472801	4.356	0(0)	0.484(484)
THR	-0.497257191602001	3.924	0(0)	0.436(436)
THR	-0.417386311731201	3.465	0(0)	0.385(385)
THR	-0.337515431860401	3.024	0(0)	0.336(336)
THR	-0.257644551989601	2.659	0.004(1)	0.295(295)
THR	-0.177773672118801	2.218	0.004(1)	0.246(246)
THR	-0.0979027922480009	1.88	0.008(2)	0.208(208)
THR	-0.0180319123772009	1.457	0.008(2)	0.161(161)
THR	0.0618389674935991	1.218	0.012(3)	0.134(134)
THR	0.141709847364399	0.979	0.016(4)	0.107(107)
THR	0.221580727235199	0.763	0.016(4)	0.083(83)
THR	0.301451607105999	0.631	0.028(7)	0.067(67)
THR	0.381322486976799	0.514	0.028(7)	0.054(54)
THR	0.461193366847599	0.405	0.036(9)	0.041(41)
THR	0.541064246718399	0.285	0.06(15)	0.025(25)
THR	0.620935126589199	0.228	0.084(21)	0.016(16)
THR	0.700806006459999	0.232	0.124(31)	0.012(12)
THR	0.780676886330799	0.244	0.172(43)	0.008(8)
THR	0.860547766201599	0.294	0.24(60)	0.006(6)
THR	0.940418646072399	0.324	0.288(72)	0.004(4)
THR	1.0202895259432	0.383	0.356(89)	0.003(3)
THR	1.100160405814	0.41	0.392(98)	0.002(2)
THR	1.1800312856848	0.438	0.42(105)	0.002(2)
THR	1.2599021655556	0.481	0.472(118)	0.001(1)
THR	1.3397730454264	0.529	0.52(130)	0.001(1)
THR	1.4196439252972	0.544	0.544(136)	0(0)
THR	1.499514805168	0.58	0.58(145)	0(0)
THR	1.5793856850388	0.628	0.628(157)	0(0)
THR	1.6592565649096	0.66	0.66(165)	0(0)
THR	1.7391274447804	0.708	0.708(177)	0(0)
THR	1.8189983246512	0.74	0.74(185)	0(0)
THR	1.898869204522	0.764	0.764(191)	0(0)
THR	1.9787400843928	0.792	0.792(198)	0(0)
THR	2.0586109642636	0.828	0.828(207)	0(0)
THR	2.1384818441344	0.852	0.852(213)	0(0)
THR	2.2183527240052	0.88	0.88(220)	0(0)
THR	2.298223603876	0.896	0.896(224)	0(0)
THR	2.3780944837468	0.916	0.916(229)	0(0)
THR	2.4579653636176	0.924	0.924(231)	0(0)
THR	2.5378362434884	0.932	0.932(233)	0(0)
THR	2.6177071233592	0.94	0.94(235)	0(0)
THR	2.69757800323	0.948	0.948(237)	0(0)
THR	2.7774488831008	0.956	0.956(239)	0(0)
THR	2.8573197629716	0.968	0.968(242)	0(0)
THR	2.9371906428424	0.976	0.976(244)	0(0)
THR	3.0170615227132	0.976	0.976(244)	0(0)
THR	3.096932402584	0.98	0.98(245)	0(0)
THR	3.1768032824548	0.98	0.98(245)	0(0)
THR	3.2566741623256	0.984	0.984(246)	0(0)
THR	3.3365450421964	0.988	0.988(247)	0(0)
THR	3.4164159220672	0.988	0.988(247)	0(0)
THR	3.496286801938	0.988	0.988(247)	0(0)
THR	3.5761576818088	0.992	0.992(248)	0(0)
THR	3.6560285616796	0.992	0.992(248)	0(0)
THR	3.7358994415504	0.992	0.992(248)	0(0)
THR	3.8157703214212	0.992	0.992(248)	0(0)
THR	3.895641201292	0.992	0.992(248)	0(0)
THR	3.9755120811628	0.992	0.992(248)	0(0)
THR	4.0553829610336	0.992	0.992(248)	0(0)
THR	4.1352538409044	0.996	0.996(249)	0(0)
THR	4.2151247207752	0.996	0.996(249)	0(0)
THR	4.294995600646	0.996	0.996(249)	0(0)
THR	4.3748664805168	0.996	0.996(249)	0(0)
THR	4.4547373603876	0.996	0.996(249)	0(0)
THR	4.5346082402584	0.996	0.996(249)	0(0)
THR	4.6144791201292	0.996	0.996(249)	0(0)
THR	4.69435	0.996	0.996(249)	0(0)
THR	4.7742208798708	1	1(250)	0(0)


==============================================
THR: 0.620935126589199
Missed:     21/250=0.0840
FalseAlarm: 16/1000=0.0160
----------------------------------------------
==> CostDetection: 22.8
==============================================
